Using pre-set license
Built from '2022.3/staging' branch; Version is '2022.3.7f1 (b16b3b16c7a0) revision 11627323'; Using compiler version '192829333'; Build Type 'Release'
OS: 'Windows 10  (10.0.19045) 64bit Core' Language: 'en' Physical Memory: 32681 MB
BatchMode: 1, IsHumanControllingUs: 0, StartBugReporterOnCrash: 0, Is64bit: 1, IsPro: 1

COMMAND LINE ARGUMENTS:
C:\Program Files\Unity 2022.3.7f1\Editor\Unity.exe
-adb2
-batchMode
-noUpm
-name
AssetImportWorker9
-projectPath
D:/WireWineRain/WireWineRain
-logFile
Logs/AssetImportWorker9.log
-srvPort
49647
Successfully changed project path to: D:/WireWineRain/WireWineRain
D:/WireWineRain/WireWineRain
[UnityMemory] Configuration Parameters - Can be set up in boot.config
    "memorysetup-bucket-allocator-granularity=16"
    "memorysetup-bucket-allocator-bucket-count=8"
    "memorysetup-bucket-allocator-block-size=33554432"
    "memorysetup-bucket-allocator-block-count=8"
    "memorysetup-main-allocator-block-size=16777216"
    "memorysetup-thread-allocator-block-size=16777216"
    "memorysetup-gfx-main-allocator-block-size=16777216"
    "memorysetup-gfx-thread-allocator-block-size=16777216"
    "memorysetup-cache-allocator-block-size=4194304"
    "memorysetup-typetree-allocator-block-size=2097152"
    "memorysetup-profiler-bucket-allocator-granularity=16"
    "memorysetup-profiler-bucket-allocator-bucket-count=8"
    "memorysetup-profiler-bucket-allocator-block-size=33554432"
    "memorysetup-profiler-bucket-allocator-block-count=8"
    "memorysetup-profiler-allocator-block-size=16777216"
    "memorysetup-profiler-editor-allocator-block-size=1048576"
    "memorysetup-temp-allocator-size-main=16777216"
    "memorysetup-job-temp-allocator-block-size=2097152"
    "memorysetup-job-temp-allocator-block-size-background=1048576"
    "memorysetup-job-temp-allocator-reduction-small-platforms=262144"
    "memorysetup-allocator-temp-initial-block-size-main=262144"
    "memorysetup-allocator-temp-initial-block-size-worker=262144"
    "memorysetup-temp-allocator-size-background-worker=32768"
    "memorysetup-temp-allocator-size-job-worker=262144"
    "memorysetup-temp-allocator-size-preload-manager=33554432"
    "memorysetup-temp-allocator-size-nav-mesh-worker=65536"
    "memorysetup-temp-allocator-size-audio-worker=65536"
    "memorysetup-temp-allocator-size-cloud-worker=32768"
    "memorysetup-temp-allocator-size-gi-baking-worker=262144"
    "memorysetup-temp-allocator-size-gfx=262144"
Player connection [30172] Host "[IP] 192.168.0.122 [Port] 0 [Flags] 2 [Guid] 2695342208 [EditorId] 2695342208 [Version] 1048832 [Id] WindowsEditor(7,DESKTOP-2TQOVH1) [Debug] 1 [PackageName] WindowsEditor [ProjectName] Editor" joined multi-casting on [225.0.0.222:54997]...

Player connection [30172] Host "[IP] 192.168.0.122 [Port] 0 [Flags] 2 [Guid] 2695342208 [EditorId] 2695342208 [Version] 1048832 [Id] WindowsEditor(7,DESKTOP-2TQOVH1) [Debug] 1 [PackageName] WindowsEditor [ProjectName] Editor" joined alternative multi-casting on [225.0.0.222:34997]...

Refreshing native plugins compatible for Editor in 11.03 ms, found 3 plugins.
Preloading 0 native plugins for Editor in 0.00 ms.
Initialize engine version: 2022.3.7f1 (b16b3b16c7a0)
[Subsystems] Discovering subsystems at path C:/Program Files/Unity 2022.3.7f1/Editor/Data/Resources/UnitySubsystems
[Subsystems] Discovering subsystems at path D:/WireWineRain/WireWineRain/Assets
GfxDevice: creating device client; threaded=0; jobified=0
Direct3D:
    Version:  Direct3D 11.0 [level 11.1]
    Renderer: AMD Radeon RX 5600 XT (ID=0x731f)
    Vendor:   ATI
    VRAM:     6103 MB
    Driver:   31.0.23013.1023
Initialize mono
Mono path[0] = 'C:/Program Files/Unity 2022.3.7f1/Editor/Data/Managed'
Mono path[1] = 'C:/Program Files/Unity 2022.3.7f1/Editor/Data/MonoBleedingEdge/lib/mono/unityjit-win32'
Mono config path = 'C:/Program Files/Unity 2022.3.7f1/Editor/Data/MonoBleedingEdge/etc'
Using monoOptions --debugger-agent=transport=dt_socket,embedding=1,server=y,suspend=n,address=127.0.0.1:56112
Begin MonoManager ReloadAssembly
Registering precompiled unity dll's ...
Register platform support module: C:/Program Files/Unity 2022.3.7f1/Editor/Data/PlaybackEngines/WindowsStandaloneSupport/UnityEditor.WindowsStandalone.Extensions.dll
Registered in 0.008498 seconds.
- Loaded All Assemblies, in  0.385 seconds
Native extension for WindowsStandalone target not found
Mono: successfully reloaded assembly
- Finished resetting the current domain, in  0.251 seconds
Domain Reload Profiling: 634ms
	BeginReloadAssembly (117ms)
		ExecutionOrderSort (0ms)
		DisableScriptedObjects (0ms)
		BackupInstance (0ms)
		ReleaseScriptingObjects (0ms)
		CreateAndSetChildDomain (1ms)
	RebuildCommonClasses (41ms)
	RebuildNativeTypeToScriptingClass (11ms)
	initialDomainReloadingComplete (65ms)
	LoadAllAssembliesAndSetupDomain (148ms)
		LoadAssemblies (114ms)
		RebuildTransferFunctionScriptingTraits (0ms)
		AnalyzeDomain (146ms)
			TypeCache.Refresh (144ms)
				TypeCache.ScanAssembly (127ms)
			ScanForSourceGeneratedMonoScriptInfo (1ms)
			ResolveRequiredComponents (0ms)
	FinalizeReload (251ms)
		ReleaseScriptCaches (0ms)
		RebuildScriptCaches (0ms)
		SetupLoadedEditorAssemblies (188ms)
			LogAssemblyErrors (0ms)
			InitializePlatformSupportModulesInManaged (9ms)
			SetLoadedEditorAssemblies (7ms)
			RefreshPlugins (0ms)
			BeforeProcessingInitializeOnLoad (2ms)
			ProcessInitializeOnLoadAttributes (123ms)
			ProcessInitializeOnLoadMethodAttributes (48ms)
			AfterProcessingInitializeOnLoad (0ms)
			EditorAssembliesLoaded (0ms)
		ExecutionOrderSort2 (0ms)
		AwakeInstancesAfterBackupRestoration (0ms)
========================================================================
Worker process is ready to serve import requests
Begin MonoManager ReloadAssembly
Symbol file data-0000022FA1A6C8B0 doesn't match image D:\WireWineRain\WireWineRain\Library\ScriptAssemblies\Assembly-CSharp.dll
Symbol file LoadedFromMemory is not a mono symbol file
Symbol file LoadedFromMemory doesn't match image D:\WireWineRain\WireWineRain\Library\PackageCache\com.unity.visualscripting@1.8.0\Editor\VisualScripting.Core\Dependencies\YamlDotNet\Unity.VisualScripting.YamlDotNet.dll
Symbol file LoadedFromMemory doesn't match image D:\WireWineRain\WireWineRain\Library\PackageCache\com.unity.visualscripting@1.8.0\Editor\VisualScripting.Core\Dependencies\DotNetZip\Unity.VisualScripting.IonicZip.dll
- Loaded All Assemblies, in  0.693 seconds
Refreshing native plugins compatible for Editor in 4.64 ms, found 3 plugins.
Native extension for WindowsStandalone target not found
Package Manager log level set to [2]
[Package Manager] Server::EnsureServerProcessIsRunning -- launch failed, reason: Unity was launched with the -noUpm command-line argument
[Package Manager] UpmClient::Send -- Unable to send message (not connected to UPM process).
[Package Manager] Cannot connect to Unity Package Manager local server
Mono: successfully reloaded assembly
- Finished resetting the current domain, in  0.568 seconds
Domain Reload Profiling: 1259ms
	BeginReloadAssembly (161ms)
		ExecutionOrderSort (0ms)
		DisableScriptedObjects (5ms)
		BackupInstance (0ms)
		ReleaseScriptingObjects (0ms)
		CreateAndSetChildDomain (29ms)
	RebuildCommonClasses (35ms)
	RebuildNativeTypeToScriptingClass (11ms)
	initialDomainReloadingComplete (35ms)
	LoadAllAssembliesAndSetupDomain (449ms)
		LoadAssemblies (335ms)
		RebuildTransferFunctionScriptingTraits (0ms)
		AnalyzeDomain (204ms)
			TypeCache.Refresh (178ms)
				TypeCache.ScanAssembly (159ms)
			ScanForSourceGeneratedMonoScriptInfo (18ms)
			ResolveRequiredComponents (4ms)
	FinalizeReload (568ms)
		ReleaseScriptCaches (0ms)
		RebuildScriptCaches (0ms)
		SetupLoadedEditorAssemblies (413ms)
			LogAssemblyErrors (0ms)
			InitializePlatformSupportModulesInManaged (8ms)
			SetLoadedEditorAssemblies (5ms)
			RefreshPlugins (0ms)
			BeforeProcessingInitializeOnLoad (71ms)
			ProcessInitializeOnLoadAttributes (294ms)
			ProcessInitializeOnLoadMethodAttributes (25ms)
			AfterProcessingInitializeOnLoad (10ms)
			EditorAssembliesLoaded (0ms)
		ExecutionOrderSort2 (0ms)
		AwakeInstancesAfterBackupRestoration (8ms)
Launched and connected shader compiler UnityShaderCompiler.exe after 0.04 seconds
Refreshing native plugins compatible for Editor in 3.56 ms, found 3 plugins.
Preloading 0 native plugins for Editor in 0.00 ms.
Unloading 3596 Unused Serialized files (Serialized files now loaded: 0)
Unloading 47 unused Assets / (60.7 KB). Loaded Objects now: 4110.
Memory consumption went from 137.6 MB to 137.5 MB.
Total: 4.792100 ms (FindLiveObjects: 0.481500 ms CreateObjectMapping: 0.104000 ms MarkObjects: 4.037200 ms  DeleteObjects: 0.167900 ms)

AssetImportParameters requested are different than current active one (requested -> active):
  custom:container-demuxer-ogg: 62fdf1f143b41e24485cea50d1cbac27 -> 
  custom:video-decoder-ogg-theora: a1e56fd34408186e4bbccfd4996cb3dc -> 
  custom:framework-win-MediaFoundation: 216162199b28c13a410421893ffa2e32 -> 
  custom:CustomObjectIndexerAttribute: 756ad292c208cfabdd7b50bc23989ffe -> 
  custom:container-demuxer-webm: 4f35f7cbe854078d1ac9338744f61a02 -> 
  custom:container-muxer-webm: aa71ff27fc2769a1b78a27578f13a17b -> 
  custom:video-decoder-webm-vp8: 9c59270c3fd7afecdb556c50c9e8de78 -> 
  custom:SearchIndexIgnoredProperties: e643bd26f0fe6173181afceb89e7c659 -> 
  custom:AudioImporter_EditorPlatform: d09bf68614088b80899f8185d706f6e7 -> 
  custom:video-encoder-webm-vp8: eb34c28f22e8b96e1ab97ce403110664 -> 
  custom:audio-decoder-ogg-vorbis: bf7c407c2cedff20999df2af8eb42d56 -> 
  custom:audio-encoder-webm-vorbis: bf7c407c2cedff20999df2af8eb42d56 -> 
========================================================================
Received Import Request.
  Time since last request: 916577.877311 seconds.
  path: Assets/textures/timmiys texture/Materials/textured timmy_face_AlbedoTransparency.mat
  artifactKey: Guid(e9a28fb5692e6a54b9677468586bb8bd) Importer(815301076,1909f56bfc062723c751e8b465ee728b)
Start importing Assets/textures/timmiys texture/Materials/textured timmy_face_AlbedoTransparency.mat using Guid(e9a28fb5692e6a54b9677468586bb8bd) Importer(815301076,1909f56bfc062723c751e8b465ee728b)  -> (artifact id: 'c3fe358ba55d25a269dbe3337db28892') in 0.135263 seconds
Number of updated asset objects reloaded before import = 0
Number of asset objects unloaded after import = 1
========================================================================
Received Import Request.
  Time since last request: 0.000076 seconds.
  path: Assets/textures/timmiys texture/Materials/textured timmy_torso_AlbedoTransparency.mat
  artifactKey: Guid(fa5b2f3f67b18484996df0dcea9545a5) Importer(815301076,1909f56bfc062723c751e8b465ee728b)
Start importing Assets/textures/timmiys texture/Materials/textured timmy_torso_AlbedoTransparency.mat using Guid(fa5b2f3f67b18484996df0dcea9545a5) Importer(815301076,1909f56bfc062723c751e8b465ee728b)  -> (artifact id: 'ca76f408123fd908adf5b2fb7bc3b875') in 0.015533 seconds
Number of updated asset objects reloaded before import = 0
Number of asset objects unloaded after import = 1
========================================================================
Received Import Request.
  Time since last request: 0.000034 seconds.
  path: Assets/textures/timmiys texture/Materials/textured timmy_skeleton_AlbedoTransparency.mat
  artifactKey: Guid(0095d10003ec78345842c2978b2a99a5) Importer(815301076,1909f56bfc062723c751e8b465ee728b)
Start importing Assets/textures/timmiys texture/Materials/textured timmy_skeleton_AlbedoTransparency.mat using Guid(0095d10003ec78345842c2978b2a99a5) Importer(815301076,1909f56bfc062723c751e8b465ee728b)  -> (artifact id: '7995a3d4b8799d9c5fbfbf510f487672') in 0.014405 seconds
Number of updated asset objects reloaded before import = 0
Number of asset objects unloaded after import = 1
========================================================================
Received Import Request.
  Time since last request: 0.000021 seconds.
  path: Assets/textures/timmiys texture/Materials/textured timmy_neck1_AlbedoTransparency.mat
  artifactKey: Guid(8bc26632893c36e478581e313d1fe0fa) Importer(815301076,1909f56bfc062723c751e8b465ee728b)
Start importing Assets/textures/timmiys texture/Materials/textured timmy_neck1_AlbedoTransparency.mat using Guid(8bc26632893c36e478581e313d1fe0fa) Importer(815301076,1909f56bfc062723c751e8b465ee728b)  -> (artifact id: 'eade4ad6a4e2c2cbc88e2f07b7666f86') in 0.013785 seconds
Number of updated asset objects reloaded before import = 0
Number of asset objects unloaded after import = 1
========================================================================
Received Import Request.
  Time since last request: 0.000025 seconds.
  path: Assets/textures/timmiys texture/Materials/textured timmy_shoe_AlbedoTransparency.mat
  artifactKey: Guid(b39265bd497c1df4a8e7073b7e26d04b) Importer(815301076,1909f56bfc062723c751e8b465ee728b)
Start importing Assets/textures/timmiys texture/Materials/textured timmy_shoe_AlbedoTransparency.mat using Guid(b39265bd497c1df4a8e7073b7e26d04b) Importer(815301076,1909f56bfc062723c751e8b465ee728b)  -> (artifact id: '9841e7de645a39012f60c4f686a0e2d1') in 0.013356 seconds
Number of updated asset objects reloaded before import = 0
Number of asset objects unloaded after import = 1
========================================================================
Received Import Request.
  Time since last request: 0.000024 seconds.
  path: Assets/textures/timmiys texture/Materials/textured timmy_hand_AlbedoTransparency.mat
  artifactKey: Guid(c7eda4e43f789d0419321871e61fba3c) Importer(815301076,1909f56bfc062723c751e8b465ee728b)
Start importing Assets/textures/timmiys texture/Materials/textured timmy_hand_AlbedoTransparency.mat using Guid(c7eda4e43f789d0419321871e61fba3c) Importer(815301076,1909f56bfc062723c751e8b465ee728b)  -> (artifact id: '8b6a3bcdfb59655c1b48c8f15f1ad543') in 0.015668 seconds
Number of updated asset objects reloaded before import = 0
Number of asset objects unloaded after import = 1
========================================================================
Received Import Request.
  Time since last request: 39.035802 seconds.
  path: Assets/textures/timmiys texture/textured timmy_belt_BaseColor.png
  artifactKey: Guid(26e68750cf1b4cd4b9fbe2fcf17ca9c9) Importer(815301076,1909f56bfc062723c751e8b465ee728b)
Start importing Assets/textures/timmiys texture/textured timmy_belt_BaseColor.png using Guid(26e68750cf1b4cd4b9fbe2fcf17ca9c9) Importer(815301076,1909f56bfc062723c751e8b465ee728b)  -> (artifact id: '7eef70abc7daab0d51b8a05e5850abf0') in 0.305653 seconds
Number of updated asset objects reloaded before import = 0
Number of asset objects unloaded after import = 2
========================================================================
Received Import Request.
  Time since last request: 0.000024 seconds.
  path: Assets/textures/timmiys texture/textured timmy_belt_Roughness.png
  artifactKey: Guid(55321ff846fd42a4fa67f6bfff8f5f0f) Importer(815301076,1909f56bfc062723c751e8b465ee728b)
Start importing Assets/textures/timmiys texture/textured timmy_belt_Roughness.png using Guid(55321ff846fd42a4fa67f6bfff8f5f0f) Importer(815301076,1909f56bfc062723c751e8b465ee728b)  -> (artifact id: 'a4fea8a8e7666aeee43efea1c7d46836') in 0.039296 seconds
Number of updated asset objects reloaded before import = 0
Number of asset objects unloaded after import = 2
========================================================================
Received Import Request.
  Time since last request: 0.000028 seconds.
  path: Assets/textures/timmiys texture/textured timmy_joints_Roughness.png
  artifactKey: Guid(ba0250b355aca554b9f5b5b3dae8e750) Importer(815301076,1909f56bfc062723c751e8b465ee728b)
Start importing Assets/textures/timmiys texture/textured timmy_joints_Roughness.png using Guid(ba0250b355aca554b9f5b5b3dae8e750) Importer(815301076,1909f56bfc062723c751e8b465ee728b)  -> (artifact id: 'ad9e96b6059dcb3c45b77404c9a2986b') in 0.036159 seconds
Number of updated asset objects reloaded before import = 0
Number of asset objects unloaded after import = 2
========================================================================
Received Import Request.
  Time since last request: 0.000023 seconds.
  path: Assets/textures/timmiys texture/textured timmy_chest_Height.png
  artifactKey: Guid(fa3e78642d53e6c448734b48b4a410c0) Importer(815301076,1909f56bfc062723c751e8b465ee728b)
Start importing Assets/textures/timmiys texture/textured timmy_chest_Height.png using Guid(fa3e78642d53e6c448734b48b4a410c0) Importer(815301076,1909f56bfc062723c751e8b465ee728b)  -> (artifact id: '02ff4b32a7abb593ece05e638020f90a') in 0.026604 seconds
Number of updated asset objects reloaded before import = 0
Number of asset objects unloaded after import = 2
========================================================================
Received Import Request.
  Time since last request: 0.000026 seconds.
  path: Assets/textures/timmiys texture/textured timmy_face_Roughness.png
  artifactKey: Guid(09f8b421dfacf6a429d194d6ad4b1301) Importer(815301076,1909f56bfc062723c751e8b465ee728b)
Start importing Assets/textures/timmiys texture/textured timmy_face_Roughness.png using Guid(09f8b421dfacf6a429d194d6ad4b1301) Importer(815301076,1909f56bfc062723c751e8b465ee728b)  -> (artifact id: '89c3d80e85970586d6d71ccb2e3fc470') in 0.026988 seconds
Number of updated asset objects reloaded before import = 0
Number of asset objects unloaded after import = 2
========================================================================
Received Import Request.
  Time since last request: 0.000023 seconds.
  path: Assets/textures/timmiys texture/textured timmy_hat1_Metallic.png
  artifactKey: Guid(94212fffca33fb044aa9f34265c3073e) Importer(815301076,1909f56bfc062723c751e8b465ee728b)
Start importing Assets/textures/timmiys texture/textured timmy_hat1_Metallic.png using Guid(94212fffca33fb044aa9f34265c3073e) Importer(815301076,1909f56bfc062723c751e8b465ee728b)  -> (artifact id: '81236ba97249e7c3352f7091c0c09673') in 0.017660 seconds
Number of updated asset objects reloaded before import = 0
Number of asset objects unloaded after import = 2
========================================================================
Received Import Request.
  Time since last request: 0.000028 seconds.
  path: Assets/textures/timmiys texture/textured timmy_shoe_Metallic.png
  artifactKey: Guid(973773fc09d3c834d9410819d9b976ba) Importer(815301076,1909f56bfc062723c751e8b465ee728b)
Start importing Assets/textures/timmiys texture/textured timmy_shoe_Metallic.png using Guid(973773fc09d3c834d9410819d9b976ba) Importer(815301076,1909f56bfc062723c751e8b465ee728b)  -> (artifact id: '5646a015b52a034fbb306464f4a19c5d') in 0.023963 seconds
Number of updated asset objects reloaded before import = 0
Number of asset objects unloaded after import = 2
========================================================================
Received Import Request.
  Time since last request: 0.000028 seconds.
  path: Assets/textures/timmiys texture/textured timmy_lambert2_BaseColor.png
  artifactKey: Guid(6efc3934592b9f54d840c7788a8eda9d) Importer(815301076,1909f56bfc062723c751e8b465ee728b)
Start importing Assets/textures/timmiys texture/textured timmy_lambert2_BaseColor.png using Guid(6efc3934592b9f54d840c7788a8eda9d) Importer(815301076,1909f56bfc062723c751e8b465ee728b)  -> (artifact id: '4f96e64b29bb2d2d065eb877d9f88334') in 0.021863 seconds
Number of updated asset objects reloaded before import = 0
Number of asset objects unloaded after import = 2
========================================================================
Received Import Request.
  Time since last request: 0.000025 seconds.
  path: Assets/textures/timmiys texture/textured timmy_skeleton_Metallic.png
  artifactKey: Guid(07ec13f8436cc29488b912d0cc62247c) Importer(815301076,1909f56bfc062723c751e8b465ee728b)
Start importing Assets/textures/timmiys texture/textured timmy_skeleton_Metallic.png using Guid(07ec13f8436cc29488b912d0cc62247c) Importer(815301076,1909f56bfc062723c751e8b465ee728b)  -> (artifact id: 'e92880c9d30dae0056be3e33c0e0cb18') in 0.014487 seconds
Number of updated asset objects reloaded before import = 0
Number of asset objects unloaded after import = 2
========================================================================
Received Import Request.
  Time since last request: 0.000028 seconds.
  path: Assets/textures/timmiys texture/textured timmy_face_Height.png
  artifactKey: Guid(668b9164f123a174fa3d1f2ece36bbf1) Importer(815301076,1909f56bfc062723c751e8b465ee728b)
Start importing Assets/textures/timmiys texture/textured timmy_face_Height.png using Guid(668b9164f123a174fa3d1f2ece36bbf1) Importer(815301076,1909f56bfc062723c751e8b465ee728b)  -> (artifact id: 'ceea67f84bd6194b02c4830edd11e87b') in 0.019858 seconds
Number of updated asset objects reloaded before import = 0
Number of asset objects unloaded after import = 2
========================================================================
Received Import Request.
  Time since last request: 0.000024 seconds.
  path: Assets/textures/timmiys texture/textured timmy_sock_Height.png
  artifactKey: Guid(98773bc4a437bf74184dc052f442851e) Importer(815301076,1909f56bfc062723c751e8b465ee728b)
Start importing Assets/textures/timmiys texture/textured timmy_sock_Height.png using Guid(98773bc4a437bf74184dc052f442851e) Importer(815301076,1909f56bfc062723c751e8b465ee728b)  -> (artifact id: 'bd23f90fcf400d645e25b7eb6a93f932') in 0.013256 seconds
Number of updated asset objects reloaded before import = 0
Number of asset objects unloaded after import = 2
========================================================================
Received Import Request.
  Time since last request: 0.000019 seconds.
  path: Assets/textures/timmiys texture/textured timmy_sock_Normal.png
  artifactKey: Guid(69cbc322ef7e9e2409d94ad400e73a53) Importer(815301076,1909f56bfc062723c751e8b465ee728b)
Start importing Assets/textures/timmiys texture/textured timmy_sock_Normal.png using Guid(69cbc322ef7e9e2409d94ad400e73a53) Importer(815301076,1909f56bfc062723c751e8b465ee728b)  -> (artifact id: 'ae8a91f72390046a28021e9c643bd69a') in 0.022784 seconds
Number of updated asset objects reloaded before import = 0
Number of asset objects unloaded after import = 2
========================================================================
Received Import Request.
  Time since last request: 0.000028 seconds.
  path: Assets/textures/timmiys texture/textured timmy_neck1_BaseColor.png
  artifactKey: Guid(a4f0dd7d5f293dd4b98a28c27a661c56) Importer(815301076,1909f56bfc062723c751e8b465ee728b)
Start importing Assets/textures/timmiys texture/textured timmy_neck1_BaseColor.png using Guid(a4f0dd7d5f293dd4b98a28c27a661c56) Importer(815301076,1909f56bfc062723c751e8b465ee728b)  -> (artifact id: 'dd1a5a2715136e30353e5f4b7578d345') in 0.017959 seconds
Number of updated asset objects reloaded before import = 0
Number of asset objects unloaded after import = 2
========================================================================
Received Import Request.
  Time since last request: 0.000031 seconds.
  path: Assets/textures/timmiys texture/textured timmy_shoe_BaseColor.png
  artifactKey: Guid(8070a0a2ffd1fd14f94f730ab39a36dd) Importer(815301076,1909f56bfc062723c751e8b465ee728b)
Start importing Assets/textures/timmiys texture/textured timmy_shoe_BaseColor.png using Guid(8070a0a2ffd1fd14f94f730ab39a36dd) Importer(815301076,1909f56bfc062723c751e8b465ee728b)  -> (artifact id: 'd451213afdcbbca1d8938a9fab2b9259') in 0.022213 seconds
Number of updated asset objects reloaded before import = 0
Number of asset objects unloaded after import = 2
========================================================================
Received Import Request.
  Time since last request: 417.920433 seconds.
  path: Assets/textures/timmiys texture/textured timmy_belt_Normal.png
  artifactKey: Guid(c4ce853a70b68184c8e2d417219a35b0) Importer(815301076,1909f56bfc062723c751e8b465ee728b)
Start importing Assets/textures/timmiys texture/textured timmy_belt_Normal.png using Guid(c4ce853a70b68184c8e2d417219a35b0) Importer(815301076,1909f56bfc062723c751e8b465ee728b)  -> (artifact id: '0cabb78d1ad85149b8f2a64013c3f801') in 0.023701 seconds
Number of updated asset objects reloaded before import = 0
Number of asset objects unloaded after import = 2
========================================================================
Received Prepare
Begin MonoManager ReloadAssembly
Symbol file data-0000022FA3A85010 doesn't match image D:\WireWineRain\WireWineRain\Library\ScriptAssemblies\Assembly-CSharp.dll
Symbol file LoadedFromMemory is not a mono symbol file
Symbol file LoadedFromMemory doesn't match image D:\WireWineRain\WireWineRain\Library\PackageCache\com.unity.visualscripting@1.8.0\Editor\VisualScripting.Core\Dependencies\YamlDotNet\Unity.VisualScripting.YamlDotNet.dll
Symbol file LoadedFromMemory doesn't match image D:\WireWineRain\WireWineRain\Library\PackageCache\com.unity.visualscripting@1.8.0\Editor\VisualScripting.Core\Dependencies\DotNetZip\Unity.VisualScripting.IonicZip.dll
- Loaded All Assemblies, in  0.466 seconds
Refreshing native plugins compatible for Editor in 3.84 ms, found 3 plugins.
Native extension for WindowsStandalone target not found
[Package Manager] Server::EnsureServerProcessIsRunning -- launch failed, reason: Unity was launched with the -noUpm command-line argument
[Package Manager] UpmClient::Send -- Unable to send message (not connected to UPM process).
[Package Manager] Cannot connect to Unity Package Manager local server
Mono: successfully reloaded assembly
- Finished resetting the current domain, in  0.924 seconds
Domain Reload Profiling: 1388ms
	BeginReloadAssembly (159ms)
		ExecutionOrderSort (0ms)
		DisableScriptedObjects (4ms)
		BackupInstance (0ms)
		ReleaseScriptingObjects (0ms)
		CreateAndSetChildDomain (38ms)
	RebuildCommonClasses (42ms)
	RebuildNativeTypeToScriptingClass (12ms)
	initialDomainReloadingComplete (30ms)
	LoadAllAssembliesAndSetupDomain (221ms)
		LoadAssemblies (289ms)
		RebuildTransferFunctionScriptingTraits (0ms)
		AnalyzeDomain (12ms)
			TypeCache.Refresh (7ms)
				TypeCache.ScanAssembly (0ms)
			ScanForSourceGeneratedMonoScriptInfo (0ms)
			ResolveRequiredComponents (4ms)
	FinalizeReload (924ms)
		ReleaseScriptCaches (0ms)
		RebuildScriptCaches (0ms)
		SetupLoadedEditorAssemblies (360ms)
			LogAssemblyErrors (0ms)
			InitializePlatformSupportModulesInManaged (6ms)
			SetLoadedEditorAssemblies (5ms)
			RefreshPlugins (0ms)
			BeforeProcessingInitializeOnLoad (70ms)
			ProcessInitializeOnLoadAttributes (246ms)
			ProcessInitializeOnLoadMethodAttributes (23ms)
			AfterProcessingInitializeOnLoad (10ms)
			EditorAssembliesLoaded (0ms)
		ExecutionOrderSort2 (0ms)
		AwakeInstancesAfterBackupRestoration (9ms)
Refreshing native plugins compatible for Editor in 3.59 ms, found 3 plugins.
Preloading 0 native plugins for Editor in 0.00 ms.
Unloading 3575 Unused Serialized files (Serialized files now loaded: 0)
Unloading 31 unused Assets / (33.1 KB). Loaded Objects now: 4157.
Memory consumption went from 138.1 MB to 138.1 MB.
Total: 3.124500 ms (FindLiveObjects: 0.429600 ms CreateObjectMapping: 0.099800 ms MarkObjects: 2.534500 ms  DeleteObjects: 0.059800 ms)

Prepare: number of updated asset objects reloaded= 0
AssetImportParameters requested are different than current active one (requested -> active):
  custom:container-demuxer-ogg: 62fdf1f143b41e24485cea50d1cbac27 -> 
  custom:video-decoder-ogg-theora: a1e56fd34408186e4bbccfd4996cb3dc -> 
  custom:framework-win-MediaFoundation: 216162199b28c13a410421893ffa2e32 -> 
  custom:CustomObjectIndexerAttribute: 756ad292c208cfabdd7b50bc23989ffe -> 
  custom:container-demuxer-webm: 4f35f7cbe854078d1ac9338744f61a02 -> 
  custom:container-muxer-webm: aa71ff27fc2769a1b78a27578f13a17b -> 
  custom:video-decoder-webm-vp8: 9c59270c3fd7afecdb556c50c9e8de78 -> 
  custom:SearchIndexIgnoredProperties: e643bd26f0fe6173181afceb89e7c659 -> 
  custom:AudioImporter_EditorPlatform: d09bf68614088b80899f8185d706f6e7 -> 
  custom:video-encoder-webm-vp8: eb34c28f22e8b96e1ab97ce403110664 -> 
  custom:audio-decoder-ogg-vorbis: bf7c407c2cedff20999df2af8eb42d56 -> 
  custom:audio-encoder-webm-vorbis: bf7c407c2cedff20999df2af8eb42d56 -> 
========================================================================
Received Prepare
Begin MonoManager ReloadAssembly
Symbol file data-0000022FA3967050 doesn't match image D:\WireWineRain\WireWineRain\Library\ScriptAssemblies\Assembly-CSharp.dll
Symbol file LoadedFromMemory is not a mono symbol file
Symbol file LoadedFromMemory doesn't match image D:\WireWineRain\WireWineRain\Library\PackageCache\com.unity.visualscripting@1.8.0\Editor\VisualScripting.Core\Dependencies\YamlDotNet\Unity.VisualScripting.YamlDotNet.dll
Symbol file LoadedFromMemory doesn't match image D:\WireWineRain\WireWineRain\Library\PackageCache\com.unity.visualscripting@1.8.0\Editor\VisualScripting.Core\Dependencies\DotNetZip\Unity.VisualScripting.IonicZip.dll
- Loaded All Assemblies, in  0.450 seconds
Refreshing native plugins compatible for Editor in 4.23 ms, found 3 plugins.
Native extension for WindowsStandalone target not found
[Package Manager] Server::EnsureServerProcessIsRunning -- launch failed, reason: Unity was launched with the -noUpm command-line argument
[Package Manager] UpmClient::Send -- Unable to send message (not connected to UPM process).
[Package Manager] Cannot connect to Unity Package Manager local server
Mono: successfully reloaded assembly
- Finished resetting the current domain, in  0.856 seconds
Domain Reload Profiling: 1303ms
	BeginReloadAssembly (152ms)
		ExecutionOrderSort (0ms)
		DisableScriptedObjects (4ms)
		BackupInstance (0ms)
		ReleaseScriptingObjects (0ms)
		CreateAndSetChildDomain (35ms)
	RebuildCommonClasses (32ms)
	RebuildNativeTypeToScriptingClass (11ms)
	initialDomainReloadingComplete (37ms)
	LoadAllAssembliesAndSetupDomain (215ms)
		LoadAssemblies (286ms)
		RebuildTransferFunctionScriptingTraits (0ms)
		AnalyzeDomain (11ms)
			TypeCache.Refresh (6ms)
				TypeCache.ScanAssembly (0ms)
			ScanForSourceGeneratedMonoScriptInfo (0ms)
			ResolveRequiredComponents (4ms)
	FinalizeReload (856ms)
		ReleaseScriptCaches (0ms)
		RebuildScriptCaches (0ms)
		SetupLoadedEditorAssemblies (366ms)
			LogAssemblyErrors (0ms)
			InitializePlatformSupportModulesInManaged (6ms)
			SetLoadedEditorAssemblies (5ms)
			RefreshPlugins (0ms)
			BeforeProcessingInitializeOnLoad (75ms)
			ProcessInitializeOnLoadAttributes (248ms)
			ProcessInitializeOnLoadMethodAttributes (22ms)
			AfterProcessingInitializeOnLoad (10ms)
			EditorAssembliesLoaded (0ms)
		ExecutionOrderSort2 (0ms)
		AwakeInstancesAfterBackupRestoration (9ms)
Refreshing native plugins compatible for Editor in 3.26 ms, found 3 plugins.
Preloading 0 native plugins for Editor in 0.00 ms.
Unloading 3576 Unused Serialized files (Serialized files now loaded: 0)
Unloading 31 unused Assets / (33.1 KB). Loaded Objects now: 4160.
Memory consumption went from 138.4 MB to 138.3 MB.
Total: 4.374600 ms (FindLiveObjects: 0.542200 ms CreateObjectMapping: 0.104900 ms MarkObjects: 3.647200 ms  DeleteObjects: 0.078500 ms)

Prepare: number of updated asset objects reloaded= 0
AssetImportParameters requested are different than current active one (requested -> active):
  custom:container-demuxer-ogg: 62fdf1f143b41e24485cea50d1cbac27 -> 
  custom:video-decoder-ogg-theora: a1e56fd34408186e4bbccfd4996cb3dc -> 
  custom:framework-win-MediaFoundation: 216162199b28c13a410421893ffa2e32 -> 
  custom:CustomObjectIndexerAttribute: 756ad292c208cfabdd7b50bc23989ffe -> 
  custom:container-demuxer-webm: 4f35f7cbe854078d1ac9338744f61a02 -> 
  custom:container-muxer-webm: aa71ff27fc2769a1b78a27578f13a17b -> 
  custom:video-decoder-webm-vp8: 9c59270c3fd7afecdb556c50c9e8de78 -> 
  custom:SearchIndexIgnoredProperties: e643bd26f0fe6173181afceb89e7c659 -> 
  custom:AudioImporter_EditorPlatform: d09bf68614088b80899f8185d706f6e7 -> 
  custom:video-encoder-webm-vp8: eb34c28f22e8b96e1ab97ce403110664 -> 
  custom:audio-decoder-ogg-vorbis: bf7c407c2cedff20999df2af8eb42d56 -> 
  custom:audio-encoder-webm-vorbis: bf7c407c2cedff20999df2af8eb42d56 -> 
========================================================================
Received Import Request.
  Time since last request: 1993.666770 seconds.
  path: Assets/Scenes/SampleScene/LightingData.asset
  artifactKey: Guid(b291be50751d406479ff2a2241013a66) Importer(815301076,1909f56bfc062723c751e8b465ee728b)
Start importing Assets/Scenes/SampleScene/LightingData.asset using Guid(b291be50751d406479ff2a2241013a66) Importer(815301076,1909f56bfc062723c751e8b465ee728b)  -> (artifact id: '821b6662a62d3d34373cd5e2986f4f86') in 0.013561 seconds
Number of updated asset objects reloaded before import = 0
Number of asset objects unloaded after import = 2
========================================================================
Received Import Request.
  Time since last request: 60.122344 seconds.
  path: Assets/modles/textured timmy@Standing Torch Run Forward (2).fbx
  artifactKey: Guid(eaf221a1d61d950419aa17b335c13792) Importer(815301076,1909f56bfc062723c751e8b465ee728b)
Start importing Assets/modles/textured timmy@Standing Torch Run Forward (2).fbx using Guid(eaf221a1d61d950419aa17b335c13792) Importer(815301076,1909f56bfc062723c751e8b465ee728b)  -> (artifact id: '372f61477662864d03c20ff88d2a63a9') in 0.249867 seconds
Number of updated asset objects reloaded before import = 0
Number of asset objects unloaded after import = 122
========================================================================
Received Import Request.
  Time since last request: 0.000029 seconds.
  path: Assets/modles/belt.mat
  artifactKey: Guid(8a63a1da461f5484aac226e55b10c1ce) Importer(815301076,1909f56bfc062723c751e8b465ee728b)
Start importing Assets/modles/belt.mat using Guid(8a63a1da461f5484aac226e55b10c1ce) Importer(815301076,1909f56bfc062723c751e8b465ee728b)  -> (artifact id: '7336405a91623ceb8b5056666deccdea') in 0.015954 seconds
Number of updated asset objects reloaded before import = 0
Number of asset objects unloaded after import = 1
========================================================================
Received Import Request.
  Time since last request: 0.000028 seconds.
  path: Assets/modles/wwr lampost.fbx
  artifactKey: Guid(d27ebb25955307b409bf79c76ede4ba9) Importer(815301076,1909f56bfc062723c751e8b465ee728b)
Start importing Assets/modles/wwr lampost.fbx using Guid(d27ebb25955307b409bf79c76ede4ba9) Importer(815301076,1909f56bfc062723c751e8b465ee728b)  -> (artifact id: '640dd54044556b6a2af159525e523072') in 0.050765 seconds
Number of updated asset objects reloaded before import = 0
Number of asset objects unloaded after import = 13
========================================================================
Received Import Request.
  Time since last request: 0.000017 seconds.
  path: Assets/TextMesh Pro/Resources/Fonts & Materials/LiberationSans SDF.asset
  artifactKey: Guid(8f586378b4e144a9851e7b34d9b748ee) Importer(815301076,1909f56bfc062723c751e8b465ee728b)
Start importing Assets/TextMesh Pro/Resources/Fonts & Materials/LiberationSans SDF.asset using Guid(8f586378b4e144a9851e7b34d9b748ee) Importer(815301076,1909f56bfc062723c751e8b465ee728b)  -> (artifact id: '2905180dcf8bea047a03e8c82884d97a') in 0.083760 seconds
Number of updated asset objects reloaded before import = 0
Number of asset objects unloaded after import = 9
========================================================================
Received Import Request.
  Time since last request: 0.000031 seconds.
  path: Assets/TextMesh Pro/Resources/Fonts & Materials/LiberationSans SDF - Outline.mat
  artifactKey: Guid(79459efec17a4d00a321bdcc27bbc385) Importer(815301076,1909f56bfc062723c751e8b465ee728b)
Start importing Assets/TextMesh Pro/Resources/Fonts & Materials/LiberationSans SDF - Outline.mat using Guid(79459efec17a4d00a321bdcc27bbc385) Importer(815301076,1909f56bfc062723c751e8b465ee728b)  -> (artifact id: 'ba24f9d53bc65c902163877849a82138') in 0.054070 seconds
Number of updated asset objects reloaded before import = 0
Number of asset objects unloaded after import = 2
========================================================================
Received Import Request.
  Time since last request: 0.000025 seconds.
  path: Assets/TextMesh Pro/Resources/Fonts & Materials/LiberationSans SDF - Fallback.asset
  artifactKey: Guid(2e498d1c8094910479dc3e1b768306a4) Importer(815301076,1909f56bfc062723c751e8b465ee728b)
Start importing Assets/TextMesh Pro/Resources/Fonts & Materials/LiberationSans SDF - Fallback.asset using Guid(2e498d1c8094910479dc3e1b768306a4) Importer(815301076,1909f56bfc062723c751e8b465ee728b)  -> (artifact id: '05dd3876e81aa491af5bef146b08002c') in 0.025391 seconds
Number of updated asset objects reloaded before import = 0
Number of asset objects unloaded after import = 6
========================================================================
Received Import Request.
  Time since last request: 0.000024 seconds.
  path: Assets/TextMesh Pro/Resources/Fonts & Materials/LiberationSans SDF - Drop Shadow.mat
  artifactKey: Guid(e73a58f6e2794ae7b1b7e50b7fb811b0) Importer(815301076,1909f56bfc062723c751e8b465ee728b)
Start importing Assets/TextMesh Pro/Resources/Fonts & Materials/LiberationSans SDF - Drop Shadow.mat using Guid(e73a58f6e2794ae7b1b7e50b7fb811b0) Importer(815301076,1909f56bfc062723c751e8b465ee728b)  -> (artifact id: 'b2342245e5dcdd2b4d5b6898f7bbc680') in 0.051352 seconds
Number of updated asset objects reloaded before import = 0
Number of asset objects unloaded after import = 2
========================================================================
Received Import Request.
  Time since last request: 0.000041 seconds.
  path: Assets/modles/collar.mat
  artifactKey: Guid(45fc8020d9630a343a7e9337e468abb5) Importer(815301076,1909f56bfc062723c751e8b465ee728b)
Start importing Assets/modles/collar.mat using Guid(45fc8020d9630a343a7e9337e468abb5) Importer(815301076,1909f56bfc062723c751e8b465ee728b)  -> (artifact id: '3f31f9e29d2f741b69a06806e0bd97d6') in 0.015701 seconds
Number of updated asset objects reloaded before import = 0
Number of asset objects unloaded after import = 1
========================================================================
Received Import Request.
  Time since last request: 0.000026 seconds.
  path: Assets/modles/wwr house 4.fbx
  artifactKey: Guid(11527f99887a81c4e87192e788214c24) Importer(815301076,1909f56bfc062723c751e8b465ee728b)
Start importing Assets/modles/wwr house 4.fbx using Guid(11527f99887a81c4e87192e788214c24) Importer(815301076,1909f56bfc062723c751e8b465ee728b)  -> (artifact id: '991a85784dc6d8a73441d5a3012e72ed') in 0.067423 seconds
Number of updated asset objects reloaded before import = 0
Number of asset objects unloaded after import = 19
Editor requested this worker to shutdown with reason: Scaling down because of idle timeout
TcpMessagingSession - receive error: operation aborted. errorcode: 995, details: The I/O operation has been aborted because of either a thread exit or an application request.
AssetImportWorker is now disconnected from the server
Process exiting
Exiting without the bug reporter. Application will terminate with return code 0