Using pre-set license
Built from '2022.3/staging' branch; Version is '2022.3.7f1 (b16b3b16c7a0) revision 11627323'; Using compiler version '192829333'; Build Type 'Release'
OS: 'Windows 11  (10.0.22621) 64bit Professional' Language: 'en' Physical Memory: 32544 MB
BatchMode: 1, IsHumanControllingUs: 0, StartBugReporterOnCrash: 0, Is64bit: 1, IsPro: 1

COMMAND LINE ARGUMENTS:
C:\Program Files\Unity\Hub\Editor\Unity 2022.3.7f1\Editor\Unity.exe
-adb2
-batchMode
-noUpm
-name
AssetImportWorker7
-projectPath
E:/Repositories/WireWineRain/WireWineRain
-logFile
Logs/AssetImportWorker7.log
-srvPort
60665
Successfully changed project path to: E:/Repositories/WireWineRain/WireWineRain
E:/Repositories/WireWineRain/WireWineRain
[UnityMemory] Configuration Parameters - Can be set up in boot.config
    "memorysetup-bucket-allocator-granularity=16"
    "memorysetup-bucket-allocator-bucket-count=8"
    "memorysetup-bucket-allocator-block-size=33554432"
    "memorysetup-bucket-allocator-block-count=8"
    "memorysetup-main-allocator-block-size=16777216"
    "memorysetup-thread-allocator-block-size=16777216"
    "memorysetup-gfx-main-allocator-block-size=16777216"
    "memorysetup-gfx-thread-allocator-block-size=16777216"
    "memorysetup-cache-allocator-block-size=4194304"
    "memorysetup-typetree-allocator-block-size=2097152"
    "memorysetup-profiler-bucket-allocator-granularity=16"
    "memorysetup-profiler-bucket-allocator-bucket-count=8"
    "memorysetup-profiler-bucket-allocator-block-size=33554432"
    "memorysetup-profiler-bucket-allocator-block-count=8"
    "memorysetup-profiler-allocator-block-size=16777216"
    "memorysetup-profiler-editor-allocator-block-size=1048576"
    "memorysetup-temp-allocator-size-main=16777216"
    "memorysetup-job-temp-allocator-block-size=2097152"
    "memorysetup-job-temp-allocator-block-size-background=1048576"
    "memorysetup-job-temp-allocator-reduction-small-platforms=262144"
    "memorysetup-allocator-temp-initial-block-size-main=262144"
    "memorysetup-allocator-temp-initial-block-size-worker=262144"
    "memorysetup-temp-allocator-size-background-worker=32768"
    "memorysetup-temp-allocator-size-job-worker=262144"
    "memorysetup-temp-allocator-size-preload-manager=33554432"
    "memorysetup-temp-allocator-size-nav-mesh-worker=65536"
    "memorysetup-temp-allocator-size-audio-worker=65536"
    "memorysetup-temp-allocator-size-cloud-worker=32768"
    "memorysetup-temp-allocator-size-gi-baking-worker=262144"
    "memorysetup-temp-allocator-size-gfx=262144"
Player connection [27428] Host "[IP] 192.168.0.53 [Port] 0 [Flags] 2 [Guid] 3085493465 [EditorId] 3085493465 [Version] 1048832 [Id] WindowsEditor(7,DESKTOP-ENK21AG) [Debug] 1 [PackageName] WindowsEditor [ProjectName] Editor" joined multi-casting on [225.0.0.222:54997]...

Player connection [27428] Host "[IP] 192.168.0.53 [Port] 0 [Flags] 2 [Guid] 3085493465 [EditorId] 3085493465 [Version] 1048832 [Id] WindowsEditor(7,DESKTOP-ENK21AG) [Debug] 1 [PackageName] WindowsEditor [ProjectName] Editor" joined alternative multi-casting on [225.0.0.222:34997]...

Refreshing native plugins compatible for Editor in 8.11 ms, found 3 plugins.
Preloading 0 native plugins for Editor in 0.00 ms.
Initialize engine version: 2022.3.7f1 (b16b3b16c7a0)
[Subsystems] Discovering subsystems at path C:/Program Files/Unity/Hub/Editor/Unity 2022.3.7f1/Editor/Data/Resources/UnitySubsystems
[Subsystems] Discovering subsystems at path E:/Repositories/WireWineRain/WireWineRain/Assets
GfxDevice: creating device client; threaded=0; jobified=0
Direct3D:
    Version:  Direct3D 11.0 [level 11.1]
    Renderer: NVIDIA GeForce RTX 4060 Ti (ID=0x2803)
    Vendor:   NVIDIA
    VRAM:     7964 MB
    Driver:   31.0.15.4601
Initialize mono
Mono path[0] = 'C:/Program Files/Unity/Hub/Editor/Unity 2022.3.7f1/Editor/Data/Managed'
Mono path[1] = 'C:/Program Files/Unity/Hub/Editor/Unity 2022.3.7f1/Editor/Data/MonoBleedingEdge/lib/mono/unityjit-win32'
Mono config path = 'C:/Program Files/Unity/Hub/Editor/Unity 2022.3.7f1/Editor/Data/MonoBleedingEdge/etc'
Using monoOptions --debugger-agent=transport=dt_socket,embedding=1,server=y,suspend=n,address=127.0.0.1:56932
Begin MonoManager ReloadAssembly
Registering precompiled unity dll's ...
Register platform support module: C:/Program Files/Unity/Hub/Editor/Unity 2022.3.7f1/Editor/Data/PlaybackEngines/WebGLSupport/UnityEditor.WebGL.Extensions.dll
Register platform support module: C:/Program Files/Unity/Hub/Editor/Unity 2022.3.7f1/Editor/Data/PlaybackEngines/WindowsStandaloneSupport/UnityEditor.WindowsStandalone.Extensions.dll
Registered in 0.009227 seconds.
- Loaded All Assemblies, in  0.303 seconds
Native extension for WindowsStandalone target not found
Native extension for WebGL target not found
Mono: successfully reloaded assembly
- Finished resetting the current domain, in  0.216 seconds
Domain Reload Profiling: 518ms
	BeginReloadAssembly (96ms)
		ExecutionOrderSort (0ms)
		DisableScriptedObjects (0ms)
		BackupInstance (0ms)
		ReleaseScriptingObjects (0ms)
		CreateAndSetChildDomain (1ms)
	RebuildCommonClasses (28ms)
	RebuildNativeTypeToScriptingClass (9ms)
	initialDomainReloadingComplete (53ms)
	LoadAllAssembliesAndSetupDomain (115ms)
		LoadAssemblies (95ms)
		RebuildTransferFunctionScriptingTraits (0ms)
		AnalyzeDomain (113ms)
			TypeCache.Refresh (112ms)
				TypeCache.ScanAssembly (101ms)
			ScanForSourceGeneratedMonoScriptInfo (0ms)
			ResolveRequiredComponents (0ms)
	FinalizeReload (217ms)
		ReleaseScriptCaches (0ms)
		RebuildScriptCaches (0ms)
		SetupLoadedEditorAssemblies (168ms)
			LogAssemblyErrors (0ms)
			InitializePlatformSupportModulesInManaged (9ms)
			SetLoadedEditorAssemblies (5ms)
			RefreshPlugins (0ms)
			BeforeProcessingInitializeOnLoad (2ms)
			ProcessInitializeOnLoadAttributes (108ms)
			ProcessInitializeOnLoadMethodAttributes (43ms)
			AfterProcessingInitializeOnLoad (0ms)
			EditorAssembliesLoaded (0ms)
		ExecutionOrderSort2 (0ms)
		AwakeInstancesAfterBackupRestoration (0ms)
========================================================================
Worker process is ready to serve import requests
Begin MonoManager ReloadAssembly
Symbol file LoadedFromMemory doesn't match image E:\Repositories\WireWineRain\WireWineRain\Library\PackageCache\com.unity.visualscripting@1.8.0\Editor\VisualScripting.Core\Dependencies\YamlDotNet\Unity.VisualScripting.YamlDotNet.dll
Symbol file LoadedFromMemory doesn't match image E:\Repositories\WireWineRain\WireWineRain\Library\PackageCache\com.unity.visualscripting@1.8.0\Editor\VisualScripting.Core\Dependencies\DotNetZip\Unity.VisualScripting.IonicZip.dll
- Loaded All Assemblies, in  0.559 seconds
Refreshing native plugins compatible for Editor in 2.97 ms, found 3 plugins.
Native extension for WindowsStandalone target not found
Native extension for WebGL target not found
Package Manager log level set to [2]
[Package Manager] Server::EnsureServerProcessIsRunning -- launch failed, reason: Unity was launched with the -noUpm command-line argument
[Package Manager] UpmClient::Send -- Unable to send message (not connected to UPM process).
[Package Manager] Cannot connect to Unity Package Manager local server
Mono: successfully reloaded assembly
- Finished resetting the current domain, in  0.497 seconds
Domain Reload Profiling: 1055ms
	BeginReloadAssembly (125ms)
		ExecutionOrderSort (0ms)
		DisableScriptedObjects (4ms)
		BackupInstance (0ms)
		ReleaseScriptingObjects (0ms)
		CreateAndSetChildDomain (16ms)
	RebuildCommonClasses (28ms)
	RebuildNativeTypeToScriptingClass (9ms)
	initialDomainReloadingComplete (29ms)
	LoadAllAssembliesAndSetupDomain (366ms)
		LoadAssemblies (282ms)
		RebuildTransferFunctionScriptingTraits (0ms)
		AnalyzeDomain (159ms)
			TypeCache.Refresh (139ms)
				TypeCache.ScanAssembly (126ms)
			ScanForSourceGeneratedMonoScriptInfo (15ms)
			ResolveRequiredComponents (3ms)
	FinalizeReload (498ms)
		ReleaseScriptCaches (0ms)
		RebuildScriptCaches (0ms)
		SetupLoadedEditorAssemblies (375ms)
			LogAssemblyErrors (0ms)
			InitializePlatformSupportModulesInManaged (7ms)
			SetLoadedEditorAssemblies (3ms)
			RefreshPlugins (0ms)
			BeforeProcessingInitializeOnLoad (58ms)
			ProcessInitializeOnLoadAttributes (278ms)
			ProcessInitializeOnLoadMethodAttributes (22ms)
			AfterProcessingInitializeOnLoad (8ms)
			EditorAssembliesLoaded (0ms)
		ExecutionOrderSort2 (0ms)
		AwakeInstancesAfterBackupRestoration (7ms)
Launched and connected shader compiler UnityShaderCompiler.exe after 0.06 seconds
Refreshing native plugins compatible for Editor in 4.06 ms, found 3 plugins.
Preloading 0 native plugins for Editor in 0.00 ms.
Unloading 3596 Unused Serialized files (Serialized files now loaded: 0)
Unloading 47 unused Assets / (60.3 KB). Loaded Objects now: 4109.
Memory consumption went from 137.9 MB to 137.8 MB.
Total: 3.631400 ms (FindLiveObjects: 0.219300 ms CreateObjectMapping: 0.080500 ms MarkObjects: 3.174300 ms  DeleteObjects: 0.156300 ms)

AssetImportParameters requested are different than current active one (requested -> active):
  custom:container-demuxer-ogg: 62fdf1f143b41e24485cea50d1cbac27 -> 
  custom:video-codec-MediaFoundation-h265: 746d11721c4dcdbdad8f713fa42b33f4 -> 
  custom:video-decoder-ogg-theora: a1e56fd34408186e4bbccfd4996cb3dc -> 
  custom:framework-win-MediaFoundation: 216162199b28c13a410421893ffa2e32 -> 
  custom:CustomObjectIndexerAttribute: 756ad292c208cfabdd7b50bc23989ffe -> 
  custom:container-demuxer-webm: 4f35f7cbe854078d1ac9338744f61a02 -> 
  custom:container-muxer-webm: aa71ff27fc2769a1b78a27578f13a17b -> 
  custom:video-decoder-webm-vp8: 9c59270c3fd7afecdb556c50c9e8de78 -> 
  custom:SearchIndexIgnoredProperties: e643bd26f0fe6173181afceb89e7c659 -> 
  custom:AudioImporter_EditorPlatform: d09bf68614088b80899f8185d706f6e7 -> 
  custom:video-encoder-webm-vp8: eb34c28f22e8b96e1ab97ce403110664 -> 
  custom:audio-decoder-ogg-vorbis: bf7c407c2cedff20999df2af8eb42d56 -> 
  custom:audio-encoder-webm-vorbis: bf7c407c2cedff20999df2af8eb42d56 -> 
========================================================================
Received Import Request.
  Time since last request: 13836.269569 seconds.
  path: Assets/textures/lapmost textures/wwr lampost_lampost_accentes_Normal.png
  artifactKey: Guid(e2a3ebbbc10f48147b536b0b427b03d1) Importer(815301076,1909f56bfc062723c751e8b465ee728b)
Start importing Assets/textures/lapmost textures/wwr lampost_lampost_accentes_Normal.png using Guid(e2a3ebbbc10f48147b536b0b427b03d1) Importer(815301076,1909f56bfc062723c751e8b465ee728b)  -> (artifact id: '4fc86e74a6baaed7aff95db652eef3ed') in 0.087368 seconds
Number of updated asset objects reloaded before import = 0
Number of asset objects unloaded after import = 2
========================================================================
Received Import Request.
  Time since last request: 4.214697 seconds.
  path: Assets/textures/Door textures/wwr door_doorframe_Normal.png
  artifactKey: Guid(003dd2e00f80d934d98b4883a0762d3f) Importer(815301076,1909f56bfc062723c751e8b465ee728b)
Start importing Assets/textures/Door textures/wwr door_doorframe_Normal.png using Guid(003dd2e00f80d934d98b4883a0762d3f) Importer(815301076,1909f56bfc062723c751e8b465ee728b)  -> (artifact id: '445291df9045b71e9f05fd57671803ef') in 0.025892 seconds
Number of updated asset objects reloaded before import = 0
Number of asset objects unloaded after import = 2
========================================================================
Received Import Request.
  Time since last request: 0.000326 seconds.
  path: Assets/textures/Door textures/wwr door_doorhandlething_AlbedoTransparency.png
  artifactKey: Guid(5c8aa4f4495a4884d9e0282914625357) Importer(815301076,1909f56bfc062723c751e8b465ee728b)
Start importing Assets/textures/Door textures/wwr door_doorhandlething_AlbedoTransparency.png using Guid(5c8aa4f4495a4884d9e0282914625357) Importer(815301076,1909f56bfc062723c751e8b465ee728b)  -> (artifact id: '865a185c36f8a23f68e9209bc6e798fc') in 0.035488 seconds
Number of updated asset objects reloaded before import = 0
Number of asset objects unloaded after import = 2
========================================================================
Received Import Request.
  Time since last request: 3.555826 seconds.
  path: Assets/textures/building textures/robotwineraingamehouse_building_walls_MetallicSmoothness.png
  artifactKey: Guid(56152f7ddc7cb074c933d2424c0f0c8a) Importer(815301076,1909f56bfc062723c751e8b465ee728b)
Start importing Assets/textures/building textures/robotwineraingamehouse_building_walls_MetallicSmoothness.png using Guid(56152f7ddc7cb074c933d2424c0f0c8a) Importer(815301076,1909f56bfc062723c751e8b465ee728b)  -> (artifact id: 'abeb6f3c75924061b8e5262785bfc012') in 0.017224 seconds
Number of updated asset objects reloaded before import = 0
Number of asset objects unloaded after import = 2
========================================================================
Received Import Request.
  Time since last request: 0.000064 seconds.
  path: Assets/textures/building textures/robotwineraingamehouse_lambert1_MetallicSmoothness.png
  artifactKey: Guid(c05587b306fc2564f9d69e571daf2d69) Importer(815301076,1909f56bfc062723c751e8b465ee728b)
Start importing Assets/textures/building textures/robotwineraingamehouse_lambert1_MetallicSmoothness.png using Guid(c05587b306fc2564f9d69e571daf2d69) Importer(815301076,1909f56bfc062723c751e8b465ee728b)  -> (artifact id: 'be114bdbdce8cf351f657ee1ecd4a262') in 0.012487 seconds
Number of updated asset objects reloaded before import = 0
Number of asset objects unloaded after import = 2
========================================================================
Received Import Request.
  Time since last request: 0.000012 seconds.
  path: Assets/textures/building textures/robotwineraingamehouse_roofedge_AlbedoTransparency.png
  artifactKey: Guid(c35621466e1a2a043af0bd9adb1935a5) Importer(815301076,1909f56bfc062723c751e8b465ee728b)
Start importing Assets/textures/building textures/robotwineraingamehouse_roofedge_AlbedoTransparency.png using Guid(c35621466e1a2a043af0bd9adb1935a5) Importer(815301076,1909f56bfc062723c751e8b465ee728b)  -> (artifact id: '9e141b99568d46fc263d21df81cb1557') in 0.015788 seconds
Number of updated asset objects reloaded before import = 0
Number of asset objects unloaded after import = 2
========================================================================
Received Import Request.
  Time since last request: 0.000518 seconds.
  path: Assets/textures/building textures/wwr house 2_building_walls_AlbedoTransparency.png
  artifactKey: Guid(4356b3580734729458a4d8a99777b2ea) Importer(815301076,1909f56bfc062723c751e8b465ee728b)
Start importing Assets/textures/building textures/wwr house 2_building_walls_AlbedoTransparency.png using Guid(4356b3580734729458a4d8a99777b2ea) Importer(815301076,1909f56bfc062723c751e8b465ee728b)  -> (artifact id: 'c4e4f77c4125278329f66a98547392e2') in 0.016983 seconds
Number of updated asset objects reloaded before import = 0
Number of asset objects unloaded after import = 2
========================================================================
Received Import Request.
  Time since last request: 0.000044 seconds.
  path: Assets/textures/building textures/robotwineraingamehouse_roofedge_MetallicSmoothness.png
  artifactKey: Guid(e6c142fde7a54924fab02889bb687567) Importer(815301076,1909f56bfc062723c751e8b465ee728b)
Start importing Assets/textures/building textures/robotwineraingamehouse_roofedge_MetallicSmoothness.png using Guid(e6c142fde7a54924fab02889bb687567) Importer(815301076,1909f56bfc062723c751e8b465ee728b)  -> (artifact id: 'd8dc40ce9b0100ab1370967aaae484cc') in 0.013091 seconds
Number of updated asset objects reloaded before import = 0
Number of asset objects unloaded after import = 2
========================================================================
Received Import Request.
  Time since last request: 0.000032 seconds.
  path: Assets/textures/building textures/wwr house 2_roofedge_MetallicSmoothness.png
  artifactKey: Guid(a5b0949fa95aadd48854cf9c405a4c6f) Importer(815301076,1909f56bfc062723c751e8b465ee728b)
Start importing Assets/textures/building textures/wwr house 2_roofedge_MetallicSmoothness.png using Guid(a5b0949fa95aadd48854cf9c405a4c6f) Importer(815301076,1909f56bfc062723c751e8b465ee728b)  -> (artifact id: '83f85276acaf0fd701efd8946e14684b') in 0.012038 seconds
Number of updated asset objects reloaded before import = 0
Number of asset objects unloaded after import = 2
========================================================================
Received Import Request.
  Time since last request: 0.000046 seconds.
  path: Assets/textures/building textures/wwr house 2_rooftop_Normal.png
  artifactKey: Guid(f8e58ee22db79114daf4495fccbe97e4) Importer(815301076,1909f56bfc062723c751e8b465ee728b)
Start importing Assets/textures/building textures/wwr house 2_rooftop_Normal.png using Guid(f8e58ee22db79114daf4495fccbe97e4) Importer(815301076,1909f56bfc062723c751e8b465ee728b)  -> (artifact id: 'dfbb9e5b4c274afb5c6fdd97addccea6') in 0.017555 seconds
Number of updated asset objects reloaded before import = 0
Number of asset objects unloaded after import = 2
========================================================================
Received Import Request.
  Time since last request: 58.215558 seconds.
  path: Assets/Prefabs/Chunk6.prefab
  artifactKey: Guid(c65cace96eebbe849a6ffbe4fa70d95e) Importer(815301076,1909f56bfc062723c751e8b465ee728b)
Start importing Assets/Prefabs/Chunk6.prefab using Guid(c65cace96eebbe849a6ffbe4fa70d95e) Importer(815301076,1909f56bfc062723c751e8b465ee728b)  -> (artifact id: '9b03aca62621a692ce28e873d4d69e37') in 0.367724 seconds
Number of updated asset objects reloaded before import = 0
Number of asset objects unloaded after import = 1180
Editor requested this worker to shutdown with reason: Scaling down because of idle timeout
TcpMessagingSession - receive error: operation aborted. errorcode: 995, details: The I/O operation has been aborted because of either a thread exit or an application request.
AssetImportWorker is now disconnected from the server
Process exiting
Exiting without the bug reporter. Application will terminate with return code 0