Using pre-set license
Built from '2022.3/staging' branch; Version is '2022.3.7f1 (b16b3b16c7a0) revision 11627323'; Using compiler version '192829333'; Build Type 'Release'
OS: 'Windows 10  (10.0.19045) 64bit Core' Language: 'en' Physical Memory: 32681 MB
BatchMode: 1, IsHumanControllingUs: 0, StartBugReporterOnCrash: 0, Is64bit: 1, IsPro: 1

COMMAND LINE ARGUMENTS:
C:\Program Files\Unity 2022.3.7f1\Editor\Unity.exe
-adb2
-batchMode
-noUpm
-name
AssetImportWorker49
-projectPath
D:/WireWineRain/WireWineRain
-logFile
Logs/AssetImportWorker49.log
-srvPort
62495
Successfully changed project path to: D:/WireWineRain/WireWineRain
D:/WireWineRain/WireWineRain
[UnityMemory] Configuration Parameters - Can be set up in boot.config
    "memorysetup-bucket-allocator-granularity=16"
    "memorysetup-bucket-allocator-bucket-count=8"
    "memorysetup-bucket-allocator-block-size=33554432"
    "memorysetup-bucket-allocator-block-count=8"
    "memorysetup-main-allocator-block-size=16777216"
    "memorysetup-thread-allocator-block-size=16777216"
    "memorysetup-gfx-main-allocator-block-size=16777216"
    "memorysetup-gfx-thread-allocator-block-size=16777216"
    "memorysetup-cache-allocator-block-size=4194304"
    "memorysetup-typetree-allocator-block-size=2097152"
    "memorysetup-profiler-bucket-allocator-granularity=16"
    "memorysetup-profiler-bucket-allocator-bucket-count=8"
    "memorysetup-profiler-bucket-allocator-block-size=33554432"
    "memorysetup-profiler-bucket-allocator-block-count=8"
    "memorysetup-profiler-allocator-block-size=16777216"
    "memorysetup-profiler-editor-allocator-block-size=1048576"
    "memorysetup-temp-allocator-size-main=16777216"
    "memorysetup-job-temp-allocator-block-size=2097152"
    "memorysetup-job-temp-allocator-block-size-background=1048576"
    "memorysetup-job-temp-allocator-reduction-small-platforms=262144"
    "memorysetup-allocator-temp-initial-block-size-main=262144"
    "memorysetup-allocator-temp-initial-block-size-worker=262144"
    "memorysetup-temp-allocator-size-background-worker=32768"
    "memorysetup-temp-allocator-size-job-worker=262144"
    "memorysetup-temp-allocator-size-preload-manager=33554432"
    "memorysetup-temp-allocator-size-nav-mesh-worker=65536"
    "memorysetup-temp-allocator-size-audio-worker=65536"
    "memorysetup-temp-allocator-size-cloud-worker=32768"
    "memorysetup-temp-allocator-size-gi-baking-worker=262144"
    "memorysetup-temp-allocator-size-gfx=262144"
Player connection [11940] Host "[IP] 192.168.0.122 [Port] 0 [Flags] 2 [Guid] 2267022509 [EditorId] 2267022509 [Version] 1048832 [Id] WindowsEditor(7,DESKTOP-2TQOVH1) [Debug] 1 [PackageName] WindowsEditor [ProjectName] Editor" joined multi-casting on [225.0.0.222:54997]...

Player connection [11940] Host "[IP] 192.168.0.122 [Port] 0 [Flags] 2 [Guid] 2267022509 [EditorId] 2267022509 [Version] 1048832 [Id] WindowsEditor(7,DESKTOP-2TQOVH1) [Debug] 1 [PackageName] WindowsEditor [ProjectName] Editor" joined alternative multi-casting on [225.0.0.222:34997]...

Refreshing native plugins compatible for Editor in 10.30 ms, found 3 plugins.
Preloading 0 native plugins for Editor in 0.00 ms.
Initialize engine version: 2022.3.7f1 (b16b3b16c7a0)
[Subsystems] Discovering subsystems at path C:/Program Files/Unity 2022.3.7f1/Editor/Data/Resources/UnitySubsystems
[Subsystems] Discovering subsystems at path D:/WireWineRain/WireWineRain/Assets
GfxDevice: creating device client; threaded=0; jobified=0
Direct3D:
    Version:  Direct3D 11.0 [level 11.1]
    Renderer: AMD Radeon RX 5600 XT (ID=0x731f)
    Vendor:   ATI
    VRAM:     6103 MB
    Driver:   31.0.23013.1023
Initialize mono
Mono path[0] = 'C:/Program Files/Unity 2022.3.7f1/Editor/Data/Managed'
Mono path[1] = 'C:/Program Files/Unity 2022.3.7f1/Editor/Data/MonoBleedingEdge/lib/mono/unityjit-win32'
Mono config path = 'C:/Program Files/Unity 2022.3.7f1/Editor/Data/MonoBleedingEdge/etc'
Using monoOptions --debugger-agent=transport=dt_socket,embedding=1,server=y,suspend=n,address=127.0.0.1:56400
Begin MonoManager ReloadAssembly
Registering precompiled unity dll's ...
Register platform support module: C:/Program Files/Unity 2022.3.7f1/Editor/Data/PlaybackEngines/WindowsStandaloneSupport/UnityEditor.WindowsStandalone.Extensions.dll
Registered in 0.008000 seconds.
- Loaded All Assemblies, in  0.361 seconds
Native extension for WindowsStandalone target not found
Mono: successfully reloaded assembly
- Finished resetting the current domain, in  0.229 seconds
Domain Reload Profiling: 589ms
	BeginReloadAssembly (135ms)
		ExecutionOrderSort (0ms)
		DisableScriptedObjects (0ms)
		BackupInstance (0ms)
		ReleaseScriptingObjects (0ms)
		CreateAndSetChildDomain (1ms)
	RebuildCommonClasses (34ms)
	RebuildNativeTypeToScriptingClass (10ms)
	initialDomainReloadingComplete (57ms)
	LoadAllAssembliesAndSetupDomain (123ms)
		LoadAssemblies (131ms)
		RebuildTransferFunctionScriptingTraits (0ms)
		AnalyzeDomain (121ms)
			TypeCache.Refresh (120ms)
				TypeCache.ScanAssembly (108ms)
			ScanForSourceGeneratedMonoScriptInfo (0ms)
			ResolveRequiredComponents (0ms)
	FinalizeReload (230ms)
		ReleaseScriptCaches (0ms)
		RebuildScriptCaches (0ms)
		SetupLoadedEditorAssemblies (175ms)
			LogAssemblyErrors (0ms)
			InitializePlatformSupportModulesInManaged (8ms)
			SetLoadedEditorAssemblies (7ms)
			RefreshPlugins (0ms)
			BeforeProcessingInitializeOnLoad (2ms)
			ProcessInitializeOnLoadAttributes (113ms)
			ProcessInitializeOnLoadMethodAttributes (44ms)
			AfterProcessingInitializeOnLoad (0ms)
			EditorAssembliesLoaded (0ms)
		ExecutionOrderSort2 (0ms)
		AwakeInstancesAfterBackupRestoration (0ms)
========================================================================
Worker process is ready to serve import requests
Begin MonoManager ReloadAssembly
Symbol file LoadedFromMemory doesn't match image D:\WireWineRain\WireWineRain\Library\PackageCache\com.unity.visualscripting@1.8.0\Editor\VisualScripting.Core\Dependencies\YamlDotNet\Unity.VisualScripting.YamlDotNet.dll
Symbol file LoadedFromMemory doesn't match image D:\WireWineRain\WireWineRain\Library\PackageCache\com.unity.visualscripting@1.8.0\Editor\VisualScripting.Core\Dependencies\DotNetZip\Unity.VisualScripting.IonicZip.dll
- Loaded All Assemblies, in  0.578 seconds
Refreshing native plugins compatible for Editor in 3.24 ms, found 3 plugins.
Native extension for WindowsStandalone target not found
Package Manager log level set to [2]
[Package Manager] Server::EnsureServerProcessIsRunning -- launch failed, reason: Unity was launched with the -noUpm command-line argument
[Package Manager] UpmClient::Send -- Unable to send message (not connected to UPM process).
[Package Manager] Cannot connect to Unity Package Manager local server
Mono: successfully reloaded assembly
- Finished resetting the current domain, in  0.515 seconds
Domain Reload Profiling: 1090ms
	BeginReloadAssembly (137ms)
		ExecutionOrderSort (0ms)
		DisableScriptedObjects (5ms)
		BackupInstance (0ms)
		ReleaseScriptingObjects (0ms)
		CreateAndSetChildDomain (21ms)
	RebuildCommonClasses (32ms)
	RebuildNativeTypeToScriptingClass (10ms)
	initialDomainReloadingComplete (30ms)
	LoadAllAssembliesAndSetupDomain (365ms)
		LoadAssemblies (269ms)
		RebuildTransferFunctionScriptingTraits (0ms)
		AnalyzeDomain (175ms)
			TypeCache.Refresh (154ms)
				TypeCache.ScanAssembly (138ms)
			ScanForSourceGeneratedMonoScriptInfo (16ms)
			ResolveRequiredComponents (4ms)
	FinalizeReload (515ms)
		ReleaseScriptCaches (0ms)
		RebuildScriptCaches (0ms)
		SetupLoadedEditorAssemblies (378ms)
			LogAssemblyErrors (0ms)
			InitializePlatformSupportModulesInManaged (6ms)
			SetLoadedEditorAssemblies (5ms)
			RefreshPlugins (0ms)
			BeforeProcessingInitializeOnLoad (66ms)
			ProcessInitializeOnLoadAttributes (270ms)
			ProcessInitializeOnLoadMethodAttributes (22ms)
			AfterProcessingInitializeOnLoad (9ms)
			EditorAssembliesLoaded (0ms)
		ExecutionOrderSort2 (0ms)
		AwakeInstancesAfterBackupRestoration (7ms)
Launched and connected shader compiler UnityShaderCompiler.exe after 0.04 seconds
Refreshing native plugins compatible for Editor in 3.20 ms, found 3 plugins.
Preloading 0 native plugins for Editor in 0.00 ms.
Unloading 3595 Unused Serialized files (Serialized files now loaded: 0)
Unloading 47 unused Assets / (60.0 KB). Loaded Objects now: 4108.
Memory consumption went from 137.1 MB to 137.0 MB.
Total: 3.816200 ms (FindLiveObjects: 0.546800 ms CreateObjectMapping: 0.114400 ms MarkObjects: 2.997900 ms  DeleteObjects: 0.155400 ms)

AssetImportParameters requested are different than current active one (requested -> active):
  custom:container-demuxer-ogg: 62fdf1f143b41e24485cea50d1cbac27 -> 
  custom:video-decoder-ogg-theora: a1e56fd34408186e4bbccfd4996cb3dc -> 
  custom:framework-win-MediaFoundation: 216162199b28c13a410421893ffa2e32 -> 
  custom:CustomObjectIndexerAttribute: 756ad292c208cfabdd7b50bc23989ffe -> 
  custom:container-demuxer-webm: 4f35f7cbe854078d1ac9338744f61a02 -> 
  custom:container-muxer-webm: aa71ff27fc2769a1b78a27578f13a17b -> 
  custom:video-decoder-webm-vp8: 9c59270c3fd7afecdb556c50c9e8de78 -> 
  custom:SearchIndexIgnoredProperties: e643bd26f0fe6173181afceb89e7c659 -> 
  custom:AudioImporter_EditorPlatform: d09bf68614088b80899f8185d706f6e7 -> 
  custom:video-encoder-webm-vp8: eb34c28f22e8b96e1ab97ce403110664 -> 
  custom:audio-decoder-ogg-vorbis: bf7c407c2cedff20999df2af8eb42d56 -> 
  custom:audio-encoder-webm-vorbis: bf7c407c2cedff20999df2af8eb42d56 -> 
========================================================================
Received Import Request.
  Time since last request: 847751.537085 seconds.
  path: Assets/Prefabs/Chunk3.prefab
  artifactKey: Guid(989381ff9c98fbc4c83d3a234d9ab3da) Importer(815301076,1909f56bfc062723c751e8b465ee728b)
Start importing Assets/Prefabs/Chunk3.prefab using Guid(989381ff9c98fbc4c83d3a234d9ab3da) Importer(815301076,1909f56bfc062723c751e8b465ee728b)  -> (artifact id: '6c4bf559f71f16501db979a2894c7dd8') in 0.355454 seconds
Number of updated asset objects reloaded before import = 0
Number of asset objects unloaded after import = 509
========================================================================
Received Import Request.
  Time since last request: 2.642207 seconds.
  path: Assets/Prefabs/Chunk3.prefab
  artifactKey: Guid(989381ff9c98fbc4c83d3a234d9ab3da) Importer(815301076,1909f56bfc062723c751e8b465ee728b)
Start importing Assets/Prefabs/Chunk3.prefab using Guid(989381ff9c98fbc4c83d3a234d9ab3da) Importer(815301076,1909f56bfc062723c751e8b465ee728b)  -> (artifact id: 'dc2c2fa8cae86848e6e27274530ccc31') in 0.345055 seconds
Number of updated asset objects reloaded before import = 0
Number of asset objects unloaded after import = 509
========================================================================
Received Import Request.
  Time since last request: 0.000035 seconds.
  path: Assets/Prefabs/Chunk6.prefab
  artifactKey: Guid(c65cace96eebbe849a6ffbe4fa70d95e) Importer(815301076,1909f56bfc062723c751e8b465ee728b)
Start importing Assets/Prefabs/Chunk6.prefab using Guid(c65cace96eebbe849a6ffbe4fa70d95e) Importer(815301076,1909f56bfc062723c751e8b465ee728b)  -> (artifact id: '80e55b5ab43290ea06f31aef5637e1a5') in 0.221950 seconds
Number of updated asset objects reloaded before import = 0
Number of asset objects unloaded after import = 925
========================================================================
Received Import Request.
  Time since last request: 2.272947 seconds.
  path: Assets/Prefabs/Chunk3.prefab
  artifactKey: Guid(989381ff9c98fbc4c83d3a234d9ab3da) Importer(815301076,1909f56bfc062723c751e8b465ee728b)
Start importing Assets/Prefabs/Chunk3.prefab using Guid(989381ff9c98fbc4c83d3a234d9ab3da) Importer(815301076,1909f56bfc062723c751e8b465ee728b)  -> (artifact id: 'bc75a4b9424a24d814407d79f697405b') in 0.251307 seconds
Number of updated asset objects reloaded before import = 0
Number of asset objects unloaded after import = 509
========================================================================
Received Import Request.
  Time since last request: 0.000030 seconds.
  path: Assets/Prefabs/wwr lampost.prefab
  artifactKey: Guid(d290ab8e10650b24cac9edc4fc81a2a0) Importer(815301076,1909f56bfc062723c751e8b465ee728b)
Start importing Assets/Prefabs/wwr lampost.prefab using Guid(d290ab8e10650b24cac9edc4fc81a2a0) Importer(815301076,1909f56bfc062723c751e8b465ee728b)  -> (artifact id: 'e41df8db9a15a547786691393d43bf48') in 0.102930 seconds
Number of updated asset objects reloaded before import = 0
Number of asset objects unloaded after import = 68
========================================================================
Received Import Request.
  Time since last request: 2.910783 seconds.
  path: Assets/Prefabs/Chunk3.prefab
  artifactKey: Guid(989381ff9c98fbc4c83d3a234d9ab3da) Importer(815301076,1909f56bfc062723c751e8b465ee728b)
Start importing Assets/Prefabs/Chunk3.prefab using Guid(989381ff9c98fbc4c83d3a234d9ab3da) Importer(815301076,1909f56bfc062723c751e8b465ee728b)  -> (artifact id: '036055d364b4599e54fbe35b5a6643f3') in 0.261597 seconds
Number of updated asset objects reloaded before import = 0
Number of asset objects unloaded after import = 509
========================================================================
Received Import Request.
  Time since last request: 0.000033 seconds.
  path: Assets/Prefabs/wwr lampost.prefab
  artifactKey: Guid(d290ab8e10650b24cac9edc4fc81a2a0) Importer(815301076,1909f56bfc062723c751e8b465ee728b)
Start importing Assets/Prefabs/wwr lampost.prefab using Guid(d290ab8e10650b24cac9edc4fc81a2a0) Importer(815301076,1909f56bfc062723c751e8b465ee728b)  -> (artifact id: '46891a535b322ff22e1059daf34e0b5e') in 0.100399 seconds
Number of updated asset objects reloaded before import = 0
Number of asset objects unloaded after import = 68
========================================================================
Received Import Request.
  Time since last request: 2.316125 seconds.
  path: Assets/Prefabs/Chunk3.prefab
  artifactKey: Guid(989381ff9c98fbc4c83d3a234d9ab3da) Importer(815301076,1909f56bfc062723c751e8b465ee728b)
Start importing Assets/Prefabs/Chunk3.prefab using Guid(989381ff9c98fbc4c83d3a234d9ab3da) Importer(815301076,1909f56bfc062723c751e8b465ee728b)  -> (artifact id: 'c3908913466f06338100ca76e85789ef') in 0.249509 seconds
Number of updated asset objects reloaded before import = 0
Number of asset objects unloaded after import = 509
========================================================================
Received Import Request.
  Time since last request: 0.000027 seconds.
  path: Assets/Prefabs/wwr lampost.prefab
  artifactKey: Guid(d290ab8e10650b24cac9edc4fc81a2a0) Importer(815301076,1909f56bfc062723c751e8b465ee728b)
Start importing Assets/Prefabs/wwr lampost.prefab using Guid(d290ab8e10650b24cac9edc4fc81a2a0) Importer(815301076,1909f56bfc062723c751e8b465ee728b)  -> (artifact id: '15fddbc76e2d0f3e514244c59552c869') in 0.103411 seconds
Number of updated asset objects reloaded before import = 0
Number of asset objects unloaded after import = 68
========================================================================
Received Import Request.
  Time since last request: 3.654778 seconds.
  path: Assets/Prefabs/Chunk3.prefab
  artifactKey: Guid(989381ff9c98fbc4c83d3a234d9ab3da) Importer(815301076,1909f56bfc062723c751e8b465ee728b)
Start importing Assets/Prefabs/Chunk3.prefab using Guid(989381ff9c98fbc4c83d3a234d9ab3da) Importer(815301076,1909f56bfc062723c751e8b465ee728b)  -> (artifact id: 'e3e54b941dbbdd049c4f6a2e56ae824c') in 0.227914 seconds
Number of updated asset objects reloaded before import = 0
Number of asset objects unloaded after import = 509
========================================================================
Received Import Request.
  Time since last request: 0.000032 seconds.
  path: Assets/Prefabs/wwr lampost.prefab
  artifactKey: Guid(d290ab8e10650b24cac9edc4fc81a2a0) Importer(815301076,1909f56bfc062723c751e8b465ee728b)
Start importing Assets/Prefabs/wwr lampost.prefab using Guid(d290ab8e10650b24cac9edc4fc81a2a0) Importer(815301076,1909f56bfc062723c751e8b465ee728b)  -> (artifact id: '3f3c51b4c7336c9a3883a87d7e64e22e') in 0.103374 seconds
Number of updated asset objects reloaded before import = 0
Number of asset objects unloaded after import = 68
========================================================================
Received Import Request.
  Time since last request: 4.119126 seconds.
  path: Assets/Prefabs/Chunk3.prefab
  artifactKey: Guid(989381ff9c98fbc4c83d3a234d9ab3da) Importer(815301076,1909f56bfc062723c751e8b465ee728b)
Start importing Assets/Prefabs/Chunk3.prefab using Guid(989381ff9c98fbc4c83d3a234d9ab3da) Importer(815301076,1909f56bfc062723c751e8b465ee728b)  -> (artifact id: '4a0c57ffbe83b84a096485f7e10e2938') in 0.230132 seconds
Number of updated asset objects reloaded before import = 0
Number of asset objects unloaded after import = 509
========================================================================
Received Import Request.
  Time since last request: 0.000022 seconds.
  path: Assets/Prefabs/wwr lampost.prefab
  artifactKey: Guid(d290ab8e10650b24cac9edc4fc81a2a0) Importer(815301076,1909f56bfc062723c751e8b465ee728b)
Start importing Assets/Prefabs/wwr lampost.prefab using Guid(d290ab8e10650b24cac9edc4fc81a2a0) Importer(815301076,1909f56bfc062723c751e8b465ee728b)  -> (artifact id: 'ac8a8dcefc2c5a301c73c12a9ea8ced5') in 0.097012 seconds
Number of updated asset objects reloaded before import = 0
Number of asset objects unloaded after import = 68
========================================================================
Received Prepare
Begin MonoManager ReloadAssembly
Symbol file LoadedFromMemory doesn't match image D:\WireWineRain\WireWineRain\Library\PackageCache\com.unity.visualscripting@1.8.0\Editor\VisualScripting.Core\Dependencies\YamlDotNet\Unity.VisualScripting.YamlDotNet.dll
Symbol file LoadedFromMemory doesn't match image D:\WireWineRain\WireWineRain\Library\PackageCache\com.unity.visualscripting@1.8.0\Editor\VisualScripting.Core\Dependencies\DotNetZip\Unity.VisualScripting.IonicZip.dll
- Loaded All Assemblies, in  0.487 seconds
Refreshing native plugins compatible for Editor in 3.43 ms, found 3 plugins.
Native extension for WindowsStandalone target not found
[Package Manager] Server::EnsureServerProcessIsRunning -- launch failed, reason: Unity was launched with the -noUpm command-line argument
[Package Manager] UpmClient::Send -- Unable to send message (not connected to UPM process).
[Package Manager] Cannot connect to Unity Package Manager local server
Mono: successfully reloaded assembly
- Finished resetting the current domain, in  0.949 seconds
Domain Reload Profiling: 1433ms
	BeginReloadAssembly (170ms)
		ExecutionOrderSort (0ms)
		DisableScriptedObjects (4ms)
		BackupInstance (0ms)
		ReleaseScriptingObjects (0ms)
		CreateAndSetChildDomain (39ms)
	RebuildCommonClasses (34ms)
	RebuildNativeTypeToScriptingClass (12ms)
	initialDomainReloadingComplete (33ms)
	LoadAllAssembliesAndSetupDomain (235ms)
		LoadAssemblies (318ms)
		RebuildTransferFunctionScriptingTraits (0ms)
		AnalyzeDomain (13ms)
			TypeCache.Refresh (7ms)
				TypeCache.ScanAssembly (0ms)
			ScanForSourceGeneratedMonoScriptInfo (0ms)
			ResolveRequiredComponents (4ms)
	FinalizeReload (950ms)
		ReleaseScriptCaches (0ms)
		RebuildScriptCaches (0ms)
		SetupLoadedEditorAssemblies (423ms)
			LogAssemblyErrors (0ms)
			InitializePlatformSupportModulesInManaged (7ms)
			SetLoadedEditorAssemblies (5ms)
			RefreshPlugins (0ms)
			BeforeProcessingInitializeOnLoad (74ms)
			ProcessInitializeOnLoadAttributes (295ms)
			ProcessInitializeOnLoadMethodAttributes (29ms)
			AfterProcessingInitializeOnLoad (13ms)
			EditorAssembliesLoaded (0ms)
		ExecutionOrderSort2 (0ms)
		AwakeInstancesAfterBackupRestoration (11ms)
Refreshing native plugins compatible for Editor in 4.16 ms, found 3 plugins.
Preloading 0 native plugins for Editor in 0.00 ms.
Unloading 3574 Unused Serialized files (Serialized files now loaded: 0)
Unloading 31 unused Assets / (33.1 KB). Loaded Objects now: 4120.
Memory consumption went from 137.5 MB to 137.5 MB.
Total: 4.699900 ms (FindLiveObjects: 0.766800 ms CreateObjectMapping: 0.137400 ms MarkObjects: 3.720700 ms  DeleteObjects: 0.073400 ms)

Prepare: number of updated asset objects reloaded= 0
AssetImportParameters requested are different than current active one (requested -> active):
  custom:container-demuxer-ogg: 62fdf1f143b41e24485cea50d1cbac27 -> 
  custom:video-decoder-ogg-theora: a1e56fd34408186e4bbccfd4996cb3dc -> 
  custom:framework-win-MediaFoundation: 216162199b28c13a410421893ffa2e32 -> 
  custom:CustomObjectIndexerAttribute: 756ad292c208cfabdd7b50bc23989ffe -> 
  custom:container-demuxer-webm: 4f35f7cbe854078d1ac9338744f61a02 -> 
  custom:container-muxer-webm: aa71ff27fc2769a1b78a27578f13a17b -> 
  custom:video-decoder-webm-vp8: 9c59270c3fd7afecdb556c50c9e8de78 -> 
  custom:SearchIndexIgnoredProperties: e643bd26f0fe6173181afceb89e7c659 -> 
  custom:AudioImporter_EditorPlatform: d09bf68614088b80899f8185d706f6e7 -> 
  custom:video-encoder-webm-vp8: eb34c28f22e8b96e1ab97ce403110664 -> 
  custom:audio-decoder-ogg-vorbis: bf7c407c2cedff20999df2af8eb42d56 -> 
  custom:audio-encoder-webm-vorbis: bf7c407c2cedff20999df2af8eb42d56 -> 
========================================================================
Received Import Request.
  Time since last request: 22.540214 seconds.
  path: Assets/Prefabs/Chunk3.prefab
  artifactKey: Guid(989381ff9c98fbc4c83d3a234d9ab3da) Importer(815301076,1909f56bfc062723c751e8b465ee728b)
Start importing Assets/Prefabs/Chunk3.prefab using Guid(989381ff9c98fbc4c83d3a234d9ab3da) Importer(815301076,1909f56bfc062723c751e8b465ee728b)  -> (artifact id: '7f1bff68d7c974dbcd7d74dc74287e5a') in 0.294962 seconds
Number of updated asset objects reloaded before import = 0
Number of asset objects unloaded after import = 509
========================================================================
Received Import Request.
  Time since last request: 0.000023 seconds.
  path: Assets/Prefabs/wwr lampost.prefab
  artifactKey: Guid(d290ab8e10650b24cac9edc4fc81a2a0) Importer(815301076,1909f56bfc062723c751e8b465ee728b)
Start importing Assets/Prefabs/wwr lampost.prefab using Guid(d290ab8e10650b24cac9edc4fc81a2a0) Importer(815301076,1909f56bfc062723c751e8b465ee728b)  -> (artifact id: '9e3cc97aa4a70afe81a5fc2473da1bc4') in 0.106470 seconds
Number of updated asset objects reloaded before import = 0
Number of asset objects unloaded after import = 68
========================================================================
Received Import Request.
  Time since last request: 4.772111 seconds.
  path: Assets/Prefabs/Chunk3.prefab
  artifactKey: Guid(989381ff9c98fbc4c83d3a234d9ab3da) Importer(815301076,1909f56bfc062723c751e8b465ee728b)
Start importing Assets/Prefabs/Chunk3.prefab using Guid(989381ff9c98fbc4c83d3a234d9ab3da) Importer(815301076,1909f56bfc062723c751e8b465ee728b)  -> (artifact id: '2eade2c3387cf70f9ba7d6a2a3ce6c3f') in 0.229383 seconds
Number of updated asset objects reloaded before import = 0
Number of asset objects unloaded after import = 509
========================================================================
Received Import Request.
  Time since last request: 0.000024 seconds.
  path: Assets/Prefabs/wwr lampost.prefab
  artifactKey: Guid(d290ab8e10650b24cac9edc4fc81a2a0) Importer(815301076,1909f56bfc062723c751e8b465ee728b)
Start importing Assets/Prefabs/wwr lampost.prefab using Guid(d290ab8e10650b24cac9edc4fc81a2a0) Importer(815301076,1909f56bfc062723c751e8b465ee728b)  -> (artifact id: '0f70430dff80879dd02f178f2b56cc94') in 0.097648 seconds
Number of updated asset objects reloaded before import = 0
Number of asset objects unloaded after import = 68
========================================================================
Received Import Request.
  Time since last request: 3.283207 seconds.
  path: Assets/Prefabs/Chunk3.prefab
  artifactKey: Guid(989381ff9c98fbc4c83d3a234d9ab3da) Importer(815301076,1909f56bfc062723c751e8b465ee728b)
Start importing Assets/Prefabs/Chunk3.prefab using Guid(989381ff9c98fbc4c83d3a234d9ab3da) Importer(815301076,1909f56bfc062723c751e8b465ee728b)  -> (artifact id: 'e8ef254f082b7a1b6140d06200c2ff92') in 0.233777 seconds
Number of updated asset objects reloaded before import = 0
Number of asset objects unloaded after import = 509
========================================================================
Received Import Request.
  Time since last request: 0.000024 seconds.
  path: Assets/Prefabs/wwr lampost.prefab
  artifactKey: Guid(d290ab8e10650b24cac9edc4fc81a2a0) Importer(815301076,1909f56bfc062723c751e8b465ee728b)
Start importing Assets/Prefabs/wwr lampost.prefab using Guid(d290ab8e10650b24cac9edc4fc81a2a0) Importer(815301076,1909f56bfc062723c751e8b465ee728b)  -> (artifact id: 'f10feeecc334e02f9d986a43a459eed4') in 0.108105 seconds
Number of updated asset objects reloaded before import = 0
Number of asset objects unloaded after import = 68
========================================================================
Received Import Request.
  Time since last request: 5.684829 seconds.
  path: Assets/Prefabs/Chunk3.prefab
  artifactKey: Guid(989381ff9c98fbc4c83d3a234d9ab3da) Importer(815301076,1909f56bfc062723c751e8b465ee728b)
Start importing Assets/Prefabs/Chunk3.prefab using Guid(989381ff9c98fbc4c83d3a234d9ab3da) Importer(815301076,1909f56bfc062723c751e8b465ee728b)  -> (artifact id: '2ffffcb33cbf7fed5c697708d7f1b80b') in 0.260189 seconds
Number of updated asset objects reloaded before import = 0
Number of asset objects unloaded after import = 509
========================================================================
Received Import Request.
  Time since last request: 0.000038 seconds.
  path: Assets/Prefabs/wwr lampost.prefab
  artifactKey: Guid(d290ab8e10650b24cac9edc4fc81a2a0) Importer(815301076,1909f56bfc062723c751e8b465ee728b)
Start importing Assets/Prefabs/wwr lampost.prefab using Guid(d290ab8e10650b24cac9edc4fc81a2a0) Importer(815301076,1909f56bfc062723c751e8b465ee728b)  -> (artifact id: '6c039fa1c070391092611b4eb0364fed') in 0.122005 seconds
Number of updated asset objects reloaded before import = 0
Number of asset objects unloaded after import = 68
========================================================================
Received Import Request.
  Time since last request: 2.199638 seconds.
  path: Assets/Prefabs/Chunk3.prefab
  artifactKey: Guid(989381ff9c98fbc4c83d3a234d9ab3da) Importer(815301076,1909f56bfc062723c751e8b465ee728b)
Start importing Assets/Prefabs/Chunk3.prefab using Guid(989381ff9c98fbc4c83d3a234d9ab3da) Importer(815301076,1909f56bfc062723c751e8b465ee728b)  -> (artifact id: '0beb625caf88f4bbb0aef2c02247aae4') in 0.232351 seconds
Number of updated asset objects reloaded before import = 0
Number of asset objects unloaded after import = 509
========================================================================
Received Import Request.
  Time since last request: 0.000025 seconds.
  path: Assets/Prefabs/wwr lampost.prefab
  artifactKey: Guid(d290ab8e10650b24cac9edc4fc81a2a0) Importer(815301076,1909f56bfc062723c751e8b465ee728b)
Start importing Assets/Prefabs/wwr lampost.prefab using Guid(d290ab8e10650b24cac9edc4fc81a2a0) Importer(815301076,1909f56bfc062723c751e8b465ee728b)  -> (artifact id: 'cfa8f1fe132906aedf28430c1be029ec') in 0.118647 seconds
Number of updated asset objects reloaded before import = 0
Number of asset objects unloaded after import = 68
========================================================================
Received Import Request.
  Time since last request: 2.242547 seconds.
  path: Assets/Prefabs/Chunk3.prefab
  artifactKey: Guid(989381ff9c98fbc4c83d3a234d9ab3da) Importer(815301076,1909f56bfc062723c751e8b465ee728b)
Start importing Assets/Prefabs/Chunk3.prefab using Guid(989381ff9c98fbc4c83d3a234d9ab3da) Importer(815301076,1909f56bfc062723c751e8b465ee728b)  -> (artifact id: 'b1a7a3e769ff9e8162dbc8b4161d7e5e') in 0.242790 seconds
Number of updated asset objects reloaded before import = 0
Number of asset objects unloaded after import = 509
========================================================================
Received Import Request.
  Time since last request: 0.000035 seconds.
  path: Assets/Prefabs/wwr lampost.prefab
  artifactKey: Guid(d290ab8e10650b24cac9edc4fc81a2a0) Importer(815301076,1909f56bfc062723c751e8b465ee728b)
Start importing Assets/Prefabs/wwr lampost.prefab using Guid(d290ab8e10650b24cac9edc4fc81a2a0) Importer(815301076,1909f56bfc062723c751e8b465ee728b)  -> (artifact id: 'ba74df912fa0c638192d28448ab36dc5') in 0.112929 seconds
Number of updated asset objects reloaded before import = 0
Number of asset objects unloaded after import = 68
========================================================================
Received Import Request.
  Time since last request: 1.244341 seconds.
  path: Assets/Prefabs/Chunk3.prefab
  artifactKey: Guid(989381ff9c98fbc4c83d3a234d9ab3da) Importer(815301076,1909f56bfc062723c751e8b465ee728b)
Start importing Assets/Prefabs/Chunk3.prefab using Guid(989381ff9c98fbc4c83d3a234d9ab3da) Importer(815301076,1909f56bfc062723c751e8b465ee728b)  -> (artifact id: '12ba2e540399f6c8a0e42371c50a1f82') in 0.239033 seconds
Number of updated asset objects reloaded before import = 0
Number of asset objects unloaded after import = 509
========================================================================
Received Import Request.
  Time since last request: 0.000023 seconds.
  path: Assets/Prefabs/wwr lampost.prefab
  artifactKey: Guid(d290ab8e10650b24cac9edc4fc81a2a0) Importer(815301076,1909f56bfc062723c751e8b465ee728b)
Start importing Assets/Prefabs/wwr lampost.prefab using Guid(d290ab8e10650b24cac9edc4fc81a2a0) Importer(815301076,1909f56bfc062723c751e8b465ee728b)  -> (artifact id: 'a308ea888b952b3363b1c81d23c8f6c2') in 0.112746 seconds
Number of updated asset objects reloaded before import = 0
Number of asset objects unloaded after import = 68
========================================================================
Received Import Request.
  Time since last request: 1.472189 seconds.
  path: Assets/Prefabs/Chunk3.prefab
  artifactKey: Guid(989381ff9c98fbc4c83d3a234d9ab3da) Importer(815301076,1909f56bfc062723c751e8b465ee728b)
Start importing Assets/Prefabs/Chunk3.prefab using Guid(989381ff9c98fbc4c83d3a234d9ab3da) Importer(815301076,1909f56bfc062723c751e8b465ee728b)  -> (artifact id: 'e40cddf5cbd1f5f2c10b7eef7fbd9217') in 0.234616 seconds
Number of updated asset objects reloaded before import = 0
Number of asset objects unloaded after import = 509
========================================================================
Received Import Request.
  Time since last request: 0.000042 seconds.
  path: Assets/Prefabs/wwr lampost.prefab
  artifactKey: Guid(d290ab8e10650b24cac9edc4fc81a2a0) Importer(815301076,1909f56bfc062723c751e8b465ee728b)
Start importing Assets/Prefabs/wwr lampost.prefab using Guid(d290ab8e10650b24cac9edc4fc81a2a0) Importer(815301076,1909f56bfc062723c751e8b465ee728b)  -> (artifact id: '3c301817e0ef9af30445c0b0f252fcf1') in 0.114126 seconds
Number of updated asset objects reloaded before import = 0
Number of asset objects unloaded after import = 68
========================================================================
Received Import Request.
  Time since last request: 1.440471 seconds.
  path: Assets/Prefabs/Chunk3.prefab
  artifactKey: Guid(989381ff9c98fbc4c83d3a234d9ab3da) Importer(815301076,1909f56bfc062723c751e8b465ee728b)
Start importing Assets/Prefabs/Chunk3.prefab using Guid(989381ff9c98fbc4c83d3a234d9ab3da) Importer(815301076,1909f56bfc062723c751e8b465ee728b)  -> (artifact id: 'fc7a9850913f0faf1971eda2f7541710') in 0.233815 seconds
Number of updated asset objects reloaded before import = 0
Number of asset objects unloaded after import = 509
========================================================================
Received Import Request.
  Time since last request: 0.000051 seconds.
  path: Assets/Prefabs/wwr lampost.prefab
  artifactKey: Guid(d290ab8e10650b24cac9edc4fc81a2a0) Importer(815301076,1909f56bfc062723c751e8b465ee728b)
Start importing Assets/Prefabs/wwr lampost.prefab using Guid(d290ab8e10650b24cac9edc4fc81a2a0) Importer(815301076,1909f56bfc062723c751e8b465ee728b)  -> (artifact id: '900b8d2b60721ebcd9f21f37fa951a6f') in 0.107394 seconds
Number of updated asset objects reloaded before import = 0
Number of asset objects unloaded after import = 68
========================================================================
Received Import Request.
  Time since last request: 4.081264 seconds.
  path: Assets/Prefabs/Chunk3.prefab
  artifactKey: Guid(989381ff9c98fbc4c83d3a234d9ab3da) Importer(815301076,1909f56bfc062723c751e8b465ee728b)
Start importing Assets/Prefabs/Chunk3.prefab using Guid(989381ff9c98fbc4c83d3a234d9ab3da) Importer(815301076,1909f56bfc062723c751e8b465ee728b)  -> (artifact id: '471ebb6dbe887b1a41c9435b81f8c709') in 0.239701 seconds
Number of updated asset objects reloaded before import = 0
Number of asset objects unloaded after import = 509
========================================================================
Received Import Request.
  Time since last request: 0.000025 seconds.
  path: Assets/Prefabs/wwr lampost.prefab
  artifactKey: Guid(d290ab8e10650b24cac9edc4fc81a2a0) Importer(815301076,1909f56bfc062723c751e8b465ee728b)
Start importing Assets/Prefabs/wwr lampost.prefab using Guid(d290ab8e10650b24cac9edc4fc81a2a0) Importer(815301076,1909f56bfc062723c751e8b465ee728b)  -> (artifact id: '7d2d514dcae07bca9a28027f75234c4b') in 0.108657 seconds
Number of updated asset objects reloaded before import = 0
Number of asset objects unloaded after import = 68
========================================================================
Received Import Request.
  Time since last request: 7.067136 seconds.
  path: Assets/Prefabs/Chunk3.prefab
  artifactKey: Guid(989381ff9c98fbc4c83d3a234d9ab3da) Importer(815301076,1909f56bfc062723c751e8b465ee728b)
Start importing Assets/Prefabs/Chunk3.prefab using Guid(989381ff9c98fbc4c83d3a234d9ab3da) Importer(815301076,1909f56bfc062723c751e8b465ee728b)  -> (artifact id: '1ea7a831c6e30824cefdf7e8d0b6c278') in 0.227975 seconds
Number of updated asset objects reloaded before import = 0
Number of asset objects unloaded after import = 509
========================================================================
Received Import Request.
  Time since last request: 0.000024 seconds.
  path: Assets/Prefabs/wwr lampost.prefab
  artifactKey: Guid(d290ab8e10650b24cac9edc4fc81a2a0) Importer(815301076,1909f56bfc062723c751e8b465ee728b)
Start importing Assets/Prefabs/wwr lampost.prefab using Guid(d290ab8e10650b24cac9edc4fc81a2a0) Importer(815301076,1909f56bfc062723c751e8b465ee728b)  -> (artifact id: 'ad8b35ddbeb9de400b8a53a846f93b2b') in 0.100412 seconds
Number of updated asset objects reloaded before import = 0
Number of asset objects unloaded after import = 68
========================================================================
Received Import Request.
  Time since last request: 9.355790 seconds.
  path: Assets/Prefabs/Chunk3.prefab
  artifactKey: Guid(989381ff9c98fbc4c83d3a234d9ab3da) Importer(815301076,1909f56bfc062723c751e8b465ee728b)
Start importing Assets/Prefabs/Chunk3.prefab using Guid(989381ff9c98fbc4c83d3a234d9ab3da) Importer(815301076,1909f56bfc062723c751e8b465ee728b)  -> (artifact id: 'e51909343a32b882e93430401688c271') in 0.235169 seconds
Number of updated asset objects reloaded before import = 0
Number of asset objects unloaded after import = 509
========================================================================
Received Import Request.
  Time since last request: 0.000028 seconds.
  path: Assets/Prefabs/wwr lampost.prefab
  artifactKey: Guid(d290ab8e10650b24cac9edc4fc81a2a0) Importer(815301076,1909f56bfc062723c751e8b465ee728b)
Start importing Assets/Prefabs/wwr lampost.prefab using Guid(d290ab8e10650b24cac9edc4fc81a2a0) Importer(815301076,1909f56bfc062723c751e8b465ee728b)  -> (artifact id: 'da7ca4e527bbf5d734760dfe91a644d8') in 0.099756 seconds
Number of updated asset objects reloaded before import = 0
Number of asset objects unloaded after import = 68
========================================================================
Received Import Request.
  Time since last request: 2.657213 seconds.
  path: Assets/Prefabs/Chunk3.prefab
  artifactKey: Guid(989381ff9c98fbc4c83d3a234d9ab3da) Importer(815301076,1909f56bfc062723c751e8b465ee728b)
Start importing Assets/Prefabs/Chunk3.prefab using Guid(989381ff9c98fbc4c83d3a234d9ab3da) Importer(815301076,1909f56bfc062723c751e8b465ee728b)  -> (artifact id: '87ccd90345875dd705195259ca670824') in 0.225823 seconds
Number of updated asset objects reloaded before import = 0
Number of asset objects unloaded after import = 509
========================================================================
Received Import Request.
  Time since last request: 0.000031 seconds.
  path: Assets/Prefabs/wwr lampost.prefab
  artifactKey: Guid(d290ab8e10650b24cac9edc4fc81a2a0) Importer(815301076,1909f56bfc062723c751e8b465ee728b)
Start importing Assets/Prefabs/wwr lampost.prefab using Guid(d290ab8e10650b24cac9edc4fc81a2a0) Importer(815301076,1909f56bfc062723c751e8b465ee728b)  -> (artifact id: 'c9f0a1cc211ecdb3c247eaacccf6d9c0') in 0.101159 seconds
Number of updated asset objects reloaded before import = 0
Number of asset objects unloaded after import = 68
========================================================================
Received Import Request.
  Time since last request: 1.874163 seconds.
  path: Assets/Prefabs/Chunk3.prefab
  artifactKey: Guid(989381ff9c98fbc4c83d3a234d9ab3da) Importer(815301076,1909f56bfc062723c751e8b465ee728b)
Start importing Assets/Prefabs/Chunk3.prefab using Guid(989381ff9c98fbc4c83d3a234d9ab3da) Importer(815301076,1909f56bfc062723c751e8b465ee728b)  -> (artifact id: '7fdb8cd8f152075d38efb9a8776914a5') in 0.228770 seconds
Number of updated asset objects reloaded before import = 0
Number of asset objects unloaded after import = 509
========================================================================
Received Import Request.
  Time since last request: 0.000022 seconds.
  path: Assets/Prefabs/wwr lampost.prefab
  artifactKey: Guid(d290ab8e10650b24cac9edc4fc81a2a0) Importer(815301076,1909f56bfc062723c751e8b465ee728b)
Start importing Assets/Prefabs/wwr lampost.prefab using Guid(d290ab8e10650b24cac9edc4fc81a2a0) Importer(815301076,1909f56bfc062723c751e8b465ee728b)  -> (artifact id: 'b16f7db1d702aaa4256c88f807e512b4') in 0.099802 seconds
Number of updated asset objects reloaded before import = 0
Number of asset objects unloaded after import = 68
========================================================================
Received Import Request.
  Time since last request: 1.672608 seconds.
  path: Assets/Prefabs/Chunk3.prefab
  artifactKey: Guid(989381ff9c98fbc4c83d3a234d9ab3da) Importer(815301076,1909f56bfc062723c751e8b465ee728b)
Start importing Assets/Prefabs/Chunk3.prefab using Guid(989381ff9c98fbc4c83d3a234d9ab3da) Importer(815301076,1909f56bfc062723c751e8b465ee728b)  -> (artifact id: 'efed9cb91920d38b1e046d82a1a472fd') in 0.234072 seconds
Number of updated asset objects reloaded before import = 0
Number of asset objects unloaded after import = 509
========================================================================
Received Import Request.
  Time since last request: 0.000025 seconds.
  path: Assets/Prefabs/wwr lampost.prefab
  artifactKey: Guid(d290ab8e10650b24cac9edc4fc81a2a0) Importer(815301076,1909f56bfc062723c751e8b465ee728b)
Start importing Assets/Prefabs/wwr lampost.prefab using Guid(d290ab8e10650b24cac9edc4fc81a2a0) Importer(815301076,1909f56bfc062723c751e8b465ee728b)  -> (artifact id: '310cb665eeb19795982eaae2051acd14') in 0.097285 seconds
Number of updated asset objects reloaded before import = 0
Number of asset objects unloaded after import = 68
========================================================================
Received Import Request.
  Time since last request: 3.671982 seconds.
  path: Assets/Prefabs/Chunk3.prefab
  artifactKey: Guid(989381ff9c98fbc4c83d3a234d9ab3da) Importer(815301076,1909f56bfc062723c751e8b465ee728b)
Start importing Assets/Prefabs/Chunk3.prefab using Guid(989381ff9c98fbc4c83d3a234d9ab3da) Importer(815301076,1909f56bfc062723c751e8b465ee728b)  -> (artifact id: '907e002e882e38dc85b908d4ffd62655') in 0.235218 seconds
Number of updated asset objects reloaded before import = 0
Number of asset objects unloaded after import = 509
========================================================================
Received Import Request.
  Time since last request: 0.000055 seconds.
  path: Assets/Prefabs/wwr lampost.prefab
  artifactKey: Guid(d290ab8e10650b24cac9edc4fc81a2a0) Importer(815301076,1909f56bfc062723c751e8b465ee728b)
Start importing Assets/Prefabs/wwr lampost.prefab using Guid(d290ab8e10650b24cac9edc4fc81a2a0) Importer(815301076,1909f56bfc062723c751e8b465ee728b)  -> (artifact id: '318540b639f2518f3cb7dedfa4093df7') in 0.106247 seconds
Number of updated asset objects reloaded before import = 0
Number of asset objects unloaded after import = 68
========================================================================
Received Import Request.
  Time since last request: 6.887760 seconds.
  path: Assets/Prefabs/Chunk3.prefab
  artifactKey: Guid(989381ff9c98fbc4c83d3a234d9ab3da) Importer(815301076,1909f56bfc062723c751e8b465ee728b)
Start importing Assets/Prefabs/Chunk3.prefab using Guid(989381ff9c98fbc4c83d3a234d9ab3da) Importer(815301076,1909f56bfc062723c751e8b465ee728b)  -> (artifact id: '5ac51065bb117328570b02de05b6e6ce') in 0.228413 seconds
Number of updated asset objects reloaded before import = 0
Number of asset objects unloaded after import = 509
========================================================================
Received Import Request.
  Time since last request: 0.000027 seconds.
  path: Assets/Prefabs/wwr lampost.prefab
  artifactKey: Guid(d290ab8e10650b24cac9edc4fc81a2a0) Importer(815301076,1909f56bfc062723c751e8b465ee728b)
Start importing Assets/Prefabs/wwr lampost.prefab using Guid(d290ab8e10650b24cac9edc4fc81a2a0) Importer(815301076,1909f56bfc062723c751e8b465ee728b)  -> (artifact id: '02d128af9c542ec9bb0403fee9568160') in 0.110201 seconds
Number of updated asset objects reloaded before import = 0
Number of asset objects unloaded after import = 68
========================================================================
Received Import Request.
  Time since last request: 3.661021 seconds.
  path: Assets/Prefabs/Chunk3.prefab
  artifactKey: Guid(989381ff9c98fbc4c83d3a234d9ab3da) Importer(815301076,1909f56bfc062723c751e8b465ee728b)
Start importing Assets/Prefabs/Chunk3.prefab using Guid(989381ff9c98fbc4c83d3a234d9ab3da) Importer(815301076,1909f56bfc062723c751e8b465ee728b)  -> (artifact id: 'd1bab158d31bbf5cf00fd1a8bd2c49e9') in 0.230771 seconds
Number of updated asset objects reloaded before import = 0
Number of asset objects unloaded after import = 509
========================================================================
Received Import Request.
  Time since last request: 0.000029 seconds.
  path: Assets/Prefabs/wwr lampost.prefab
  artifactKey: Guid(d290ab8e10650b24cac9edc4fc81a2a0) Importer(815301076,1909f56bfc062723c751e8b465ee728b)
Start importing Assets/Prefabs/wwr lampost.prefab using Guid(d290ab8e10650b24cac9edc4fc81a2a0) Importer(815301076,1909f56bfc062723c751e8b465ee728b)  -> (artifact id: 'eddb8b3a5f69cbe1f75a4852899cbcc4') in 0.105967 seconds
Number of updated asset objects reloaded before import = 0
Number of asset objects unloaded after import = 68
========================================================================
Received Prepare
Begin MonoManager ReloadAssembly
Symbol file LoadedFromMemory doesn't match image D:\WireWineRain\WireWineRain\Library\PackageCache\com.unity.visualscripting@1.8.0\Editor\VisualScripting.Core\Dependencies\YamlDotNet\Unity.VisualScripting.YamlDotNet.dll
Symbol file LoadedFromMemory doesn't match image D:\WireWineRain\WireWineRain\Library\PackageCache\com.unity.visualscripting@1.8.0\Editor\VisualScripting.Core\Dependencies\DotNetZip\Unity.VisualScripting.IonicZip.dll
- Loaded All Assemblies, in  0.474 seconds
Refreshing native plugins compatible for Editor in 3.08 ms, found 3 plugins.
Native extension for WindowsStandalone target not found
[Package Manager] Server::EnsureServerProcessIsRunning -- launch failed, reason: Unity was launched with the -noUpm command-line argument
[Package Manager] UpmClient::Send -- Unable to send message (not connected to UPM process).
[Package Manager] Cannot connect to Unity Package Manager local server
Mono: successfully reloaded assembly
- Finished resetting the current domain, in  0.938 seconds
Domain Reload Profiling: 1408ms
	BeginReloadAssembly (163ms)
		ExecutionOrderSort (0ms)
		DisableScriptedObjects (4ms)
		BackupInstance (0ms)
		ReleaseScriptingObjects (0ms)
		CreateAndSetChildDomain (44ms)
	RebuildCommonClasses (38ms)
	RebuildNativeTypeToScriptingClass (11ms)
	initialDomainReloadingComplete (31ms)
	LoadAllAssembliesAndSetupDomain (227ms)
		LoadAssemblies (296ms)
		RebuildTransferFunctionScriptingTraits (0ms)
		AnalyzeDomain (16ms)
			TypeCache.Refresh (9ms)
				TypeCache.ScanAssembly (0ms)
			ScanForSourceGeneratedMonoScriptInfo (0ms)
			ResolveRequiredComponents (5ms)
	FinalizeReload (938ms)
		ReleaseScriptCaches (0ms)
		RebuildScriptCaches (0ms)
		SetupLoadedEditorAssemblies (421ms)
			LogAssemblyErrors (0ms)
			InitializePlatformSupportModulesInManaged (8ms)
			SetLoadedEditorAssemblies (4ms)
			RefreshPlugins (0ms)
			BeforeProcessingInitializeOnLoad (78ms)
			ProcessInitializeOnLoadAttributes (292ms)
			ProcessInitializeOnLoadMethodAttributes (27ms)
			AfterProcessingInitializeOnLoad (12ms)
			EditorAssembliesLoaded (0ms)
		ExecutionOrderSort2 (0ms)
		AwakeInstancesAfterBackupRestoration (12ms)
Refreshing native plugins compatible for Editor in 4.12 ms, found 3 plugins.
Preloading 0 native plugins for Editor in 0.00 ms.
Unloading 3574 Unused Serialized files (Serialized files now loaded: 0)
Unloading 31 unused Assets / (33.2 KB). Loaded Objects now: 4123.
Memory consumption went from 137.6 MB to 137.6 MB.
Total: 5.189900 ms (FindLiveObjects: 0.557700 ms CreateObjectMapping: 0.094700 ms MarkObjects: 4.446200 ms  DeleteObjects: 0.089800 ms)

Prepare: number of updated asset objects reloaded= 0
AssetImportParameters requested are different than current active one (requested -> active):
  custom:container-demuxer-ogg: 62fdf1f143b41e24485cea50d1cbac27 -> 
  custom:video-decoder-ogg-theora: a1e56fd34408186e4bbccfd4996cb3dc -> 
  custom:framework-win-MediaFoundation: 216162199b28c13a410421893ffa2e32 -> 
  custom:CustomObjectIndexerAttribute: 756ad292c208cfabdd7b50bc23989ffe -> 
  custom:container-demuxer-webm: 4f35f7cbe854078d1ac9338744f61a02 -> 
  custom:container-muxer-webm: aa71ff27fc2769a1b78a27578f13a17b -> 
  custom:video-decoder-webm-vp8: 9c59270c3fd7afecdb556c50c9e8de78 -> 
  custom:SearchIndexIgnoredProperties: e643bd26f0fe6173181afceb89e7c659 -> 
  custom:AudioImporter_EditorPlatform: d09bf68614088b80899f8185d706f6e7 -> 
  custom:video-encoder-webm-vp8: eb34c28f22e8b96e1ab97ce403110664 -> 
  custom:audio-decoder-ogg-vorbis: bf7c407c2cedff20999df2af8eb42d56 -> 
  custom:audio-encoder-webm-vorbis: bf7c407c2cedff20999df2af8eb42d56 -> 
Editor requested this worker to shutdown with reason: Scaling down because of idle timeout
TcpMessagingSession - receive error: operation aborted. errorcode: 995, details: The I/O operation has been aborted because of either a thread exit or an application request.
AssetImportWorker is now disconnected from the server
Process exiting
Exiting without the bug reporter. Application will terminate with return code 0