Using pre-set license
Built from '2022.3/staging' branch; Version is '2022.3.7f1 (b16b3b16c7a0) revision 11627323'; Using compiler version '192829333'; Build Type 'Release'
OS: 'Windows 10  (10.0.19045) 64bit Core' Language: 'en' Physical Memory: 32681 MB
BatchMode: 1, IsHumanControllingUs: 0, StartBugReporterOnCrash: 0, Is64bit: 1, IsPro: 1

COMMAND LINE ARGUMENTS:
C:\Program Files\Unity 2022.3.7f1\Editor\Unity.exe
-adb2
-batchMode
-noUpm
-name
AssetImportWorker5
-projectPath
D:/WireWineRain/WireWineRain
-logFile
Logs/AssetImportWorker5.log
-srvPort
49647
Successfully changed project path to: D:/WireWineRain/WireWineRain
D:/WireWineRain/WireWineRain
[UnityMemory] Configuration Parameters - Can be set up in boot.config
    "memorysetup-bucket-allocator-granularity=16"
    "memorysetup-bucket-allocator-bucket-count=8"
    "memorysetup-bucket-allocator-block-size=33554432"
    "memorysetup-bucket-allocator-block-count=8"
    "memorysetup-main-allocator-block-size=16777216"
    "memorysetup-thread-allocator-block-size=16777216"
    "memorysetup-gfx-main-allocator-block-size=16777216"
    "memorysetup-gfx-thread-allocator-block-size=16777216"
    "memorysetup-cache-allocator-block-size=4194304"
    "memorysetup-typetree-allocator-block-size=2097152"
    "memorysetup-profiler-bucket-allocator-granularity=16"
    "memorysetup-profiler-bucket-allocator-bucket-count=8"
    "memorysetup-profiler-bucket-allocator-block-size=33554432"
    "memorysetup-profiler-bucket-allocator-block-count=8"
    "memorysetup-profiler-allocator-block-size=16777216"
    "memorysetup-profiler-editor-allocator-block-size=1048576"
    "memorysetup-temp-allocator-size-main=16777216"
    "memorysetup-job-temp-allocator-block-size=2097152"
    "memorysetup-job-temp-allocator-block-size-background=1048576"
    "memorysetup-job-temp-allocator-reduction-small-platforms=262144"
    "memorysetup-allocator-temp-initial-block-size-main=262144"
    "memorysetup-allocator-temp-initial-block-size-worker=262144"
    "memorysetup-temp-allocator-size-background-worker=32768"
    "memorysetup-temp-allocator-size-job-worker=262144"
    "memorysetup-temp-allocator-size-preload-manager=33554432"
    "memorysetup-temp-allocator-size-nav-mesh-worker=65536"
    "memorysetup-temp-allocator-size-audio-worker=65536"
    "memorysetup-temp-allocator-size-cloud-worker=32768"
    "memorysetup-temp-allocator-size-gi-baking-worker=262144"
    "memorysetup-temp-allocator-size-gfx=262144"
Player connection [25216] Host "[IP] 192.168.0.122 [Port] 0 [Flags] 2 [Guid] 154480063 [EditorId] 154480063 [Version] 1048832 [Id] WindowsEditor(7,DESKTOP-2TQOVH1) [Debug] 1 [PackageName] WindowsEditor [ProjectName] Editor" joined multi-casting on [225.0.0.222:54997]...

Player connection [25216] Host "[IP] 192.168.0.122 [Port] 0 [Flags] 2 [Guid] 154480063 [EditorId] 154480063 [Version] 1048832 [Id] WindowsEditor(7,DESKTOP-2TQOVH1) [Debug] 1 [PackageName] WindowsEditor [ProjectName] Editor" joined alternative multi-casting on [225.0.0.222:34997]...

Refreshing native plugins compatible for Editor in 14.05 ms, found 3 plugins.
Preloading 0 native plugins for Editor in 0.00 ms.
Initialize engine version: 2022.3.7f1 (b16b3b16c7a0)
[Subsystems] Discovering subsystems at path C:/Program Files/Unity 2022.3.7f1/Editor/Data/Resources/UnitySubsystems
[Subsystems] Discovering subsystems at path D:/WireWineRain/WireWineRain/Assets
GfxDevice: creating device client; threaded=0; jobified=0
Direct3D:
    Version:  Direct3D 11.0 [level 11.1]
    Renderer: AMD Radeon RX 5600 XT (ID=0x731f)
    Vendor:   ATI
    VRAM:     6103 MB
    Driver:   31.0.23013.1023
Initialize mono
Mono path[0] = 'C:/Program Files/Unity 2022.3.7f1/Editor/Data/Managed'
Mono path[1] = 'C:/Program Files/Unity 2022.3.7f1/Editor/Data/MonoBleedingEdge/lib/mono/unityjit-win32'
Mono config path = 'C:/Program Files/Unity 2022.3.7f1/Editor/Data/MonoBleedingEdge/etc'
Using monoOptions --debugger-agent=transport=dt_socket,embedding=1,server=y,suspend=n,address=127.0.0.1:56820
Begin MonoManager ReloadAssembly
Registering precompiled unity dll's ...
Register platform support module: C:/Program Files/Unity 2022.3.7f1/Editor/Data/PlaybackEngines/WindowsStandaloneSupport/UnityEditor.WindowsStandalone.Extensions.dll
Registered in 0.011988 seconds.
- Loaded All Assemblies, in  0.514 seconds
Native extension for WindowsStandalone target not found
Mono: successfully reloaded assembly
- Finished resetting the current domain, in  0.341 seconds
Domain Reload Profiling: 852ms
	BeginReloadAssembly (160ms)
		ExecutionOrderSort (0ms)
		DisableScriptedObjects (0ms)
		BackupInstance (0ms)
		ReleaseScriptingObjects (0ms)
		CreateAndSetChildDomain (1ms)
	RebuildCommonClasses (53ms)
	RebuildNativeTypeToScriptingClass (17ms)
	initialDomainReloadingComplete (89ms)
	LoadAllAssembliesAndSetupDomain (191ms)
		LoadAssemblies (155ms)
		RebuildTransferFunctionScriptingTraits (0ms)
		AnalyzeDomain (188ms)
			TypeCache.Refresh (186ms)
				TypeCache.ScanAssembly (167ms)
			ScanForSourceGeneratedMonoScriptInfo (1ms)
			ResolveRequiredComponents (1ms)
	FinalizeReload (342ms)
		ReleaseScriptCaches (0ms)
		RebuildScriptCaches (0ms)
		SetupLoadedEditorAssemblies (262ms)
			LogAssemblyErrors (0ms)
			InitializePlatformSupportModulesInManaged (12ms)
			SetLoadedEditorAssemblies (10ms)
			RefreshPlugins (0ms)
			BeforeProcessingInitializeOnLoad (3ms)
			ProcessInitializeOnLoadAttributes (169ms)
			ProcessInitializeOnLoadMethodAttributes (68ms)
			AfterProcessingInitializeOnLoad (0ms)
			EditorAssembliesLoaded (0ms)
		ExecutionOrderSort2 (0ms)
		AwakeInstancesAfterBackupRestoration (0ms)
========================================================================
Worker process is ready to serve import requests
Begin MonoManager ReloadAssembly
Symbol file data-000002592A65D070 doesn't match image D:\WireWineRain\WireWineRain\Library\ScriptAssemblies\Assembly-CSharp.dll
Symbol file LoadedFromMemory is not a mono symbol file
Symbol file LoadedFromMemory doesn't match image D:\WireWineRain\WireWineRain\Library\PackageCache\com.unity.visualscripting@1.8.0\Editor\VisualScripting.Core\Dependencies\YamlDotNet\Unity.VisualScripting.YamlDotNet.dll
Symbol file LoadedFromMemory doesn't match image D:\WireWineRain\WireWineRain\Library\PackageCache\com.unity.visualscripting@1.8.0\Editor\VisualScripting.Core\Dependencies\DotNetZip\Unity.VisualScripting.IonicZip.dll
- Loaded All Assemblies, in  0.968 seconds
Refreshing native plugins compatible for Editor in 4.38 ms, found 3 plugins.
Native extension for WindowsStandalone target not found
Package Manager log level set to [2]
[Package Manager] Server::EnsureServerProcessIsRunning -- launch failed, reason: Unity was launched with the -noUpm command-line argument
[Package Manager] UpmClient::Send -- Unable to send message (not connected to UPM process).
[Package Manager] Cannot connect to Unity Package Manager local server
Mono: successfully reloaded assembly
- Finished resetting the current domain, in  0.770 seconds
Domain Reload Profiling: 1733ms
	BeginReloadAssembly (212ms)
		ExecutionOrderSort (0ms)
		DisableScriptedObjects (7ms)
		BackupInstance (0ms)
		ReleaseScriptingObjects (0ms)
		CreateAndSetChildDomain (29ms)
	RebuildCommonClasses (50ms)
	RebuildNativeTypeToScriptingClass (16ms)
	initialDomainReloadingComplete (44ms)
	LoadAllAssembliesAndSetupDomain (642ms)
		LoadAssemblies (490ms)
		RebuildTransferFunctionScriptingTraits (0ms)
		AnalyzeDomain (269ms)
			TypeCache.Refresh (238ms)
				TypeCache.ScanAssembly (215ms)
			ScanForSourceGeneratedMonoScriptInfo (24ms)
			ResolveRequiredComponents (5ms)
	FinalizeReload (771ms)
		ReleaseScriptCaches (0ms)
		RebuildScriptCaches (0ms)
		SetupLoadedEditorAssemblies (565ms)
			LogAssemblyErrors (0ms)
			InitializePlatformSupportModulesInManaged (9ms)
			SetLoadedEditorAssemblies (6ms)
			RefreshPlugins (0ms)
			BeforeProcessingInitializeOnLoad (93ms)
			ProcessInitializeOnLoadAttributes (410ms)
			ProcessInitializeOnLoadMethodAttributes (33ms)
			AfterProcessingInitializeOnLoad (14ms)
			EditorAssembliesLoaded (0ms)
		ExecutionOrderSort2 (0ms)
		AwakeInstancesAfterBackupRestoration (12ms)
Launched and connected shader compiler UnityShaderCompiler.exe after 0.07 seconds
Refreshing native plugins compatible for Editor in 4.77 ms, found 3 plugins.
Preloading 0 native plugins for Editor in 0.00 ms.
Unloading 3596 Unused Serialized files (Serialized files now loaded: 0)
Unloading 47 unused Assets / (60.5 KB). Loaded Objects now: 4109.
Memory consumption went from 137.3 MB to 137.2 MB.
Total: 5.129700 ms (FindLiveObjects: 0.529400 ms CreateObjectMapping: 0.128100 ms MarkObjects: 4.089200 ms  DeleteObjects: 0.381100 ms)

AssetImportParameters requested are different than current active one (requested -> active):
  custom:container-demuxer-ogg: 62fdf1f143b41e24485cea50d1cbac27 -> 
  custom:video-decoder-ogg-theora: a1e56fd34408186e4bbccfd4996cb3dc -> 
  custom:framework-win-MediaFoundation: 216162199b28c13a410421893ffa2e32 -> 
  custom:container-demuxer-webm: 4f35f7cbe854078d1ac9338744f61a02 -> 
  custom:container-muxer-webm: aa71ff27fc2769a1b78a27578f13a17b -> 
  custom:video-decoder-webm-vp8: 9c59270c3fd7afecdb556c50c9e8de78 -> 
  custom:AudioImporter_EditorPlatform: d09bf68614088b80899f8185d706f6e7 -> 
  custom:video-encoder-webm-vp8: eb34c28f22e8b96e1ab97ce403110664 -> 
  custom:audio-decoder-ogg-vorbis: bf7c407c2cedff20999df2af8eb42d56 -> 
  custom:audio-encoder-webm-vorbis: bf7c407c2cedff20999df2af8eb42d56 -> 
========================================================================
Received Import Request.
  Time since last request: 914169.023737 seconds.
  path: Assets/Prefabs/Chunk3.prefab
  artifactKey: Guid(989381ff9c98fbc4c83d3a234d9ab3da) Importer(815301076,1909f56bfc062723c751e8b465ee728b)
Start importing Assets/Prefabs/Chunk3.prefab using Guid(989381ff9c98fbc4c83d3a234d9ab3da) Importer(815301076,1909f56bfc062723c751e8b465ee728b)  -> (artifact id: '91350d8c69f5286cbb983fd1a183ce7d') in 0.680521 seconds
Number of updated asset objects reloaded before import = 0
Number of asset objects unloaded after import = 1138
========================================================================
Received Import Request.
  Time since last request: 18.571157 seconds.
  path: Assets/textures/timmiys texture/textured timmy_belt_AO.png
  artifactKey: Guid(7244101e5830a924ab1938551cd3ca03) Importer(815301076,1909f56bfc062723c751e8b465ee728b)
Start importing Assets/textures/timmiys texture/textured timmy_belt_AO.png using Guid(7244101e5830a924ab1938551cd3ca03) Importer(815301076,1909f56bfc062723c751e8b465ee728b)  -> (artifact id: 'e2cee45745dcad01ca955ca522c93a3d') in 0.037478 seconds
Number of updated asset objects reloaded before import = 0
Number of asset objects unloaded after import = 2
========================================================================
Received Import Request.
  Time since last request: 0.000110 seconds.
  path: Assets/textures/timmiys texture/textured timmy_collar_AO.png
  artifactKey: Guid(b8090013f7a92e04cba5664e8c7f6be4) Importer(815301076,1909f56bfc062723c751e8b465ee728b)
Start importing Assets/textures/timmiys texture/textured timmy_collar_AO.png using Guid(b8090013f7a92e04cba5664e8c7f6be4) Importer(815301076,1909f56bfc062723c751e8b465ee728b)  -> (artifact id: 'f295a8070c8da91dd316365f938aa86e') in 0.024092 seconds
Number of updated asset objects reloaded before import = 0
Number of asset objects unloaded after import = 2
========================================================================
Received Import Request.
  Time since last request: 0.000023 seconds.
  path: Assets/textures/timmiys texture/textured timmy_sock_AlbedoTransparency.png
  artifactKey: Guid(df2feab54f9895d4da85617de133825c) Importer(815301076,1909f56bfc062723c751e8b465ee728b)
Start importing Assets/textures/timmiys texture/textured timmy_sock_AlbedoTransparency.png using Guid(df2feab54f9895d4da85617de133825c) Importer(815301076,1909f56bfc062723c751e8b465ee728b)  -> (artifact id: 'bf5b477f1a1072ed83a756cc47d1d275') in 0.023428 seconds
Number of updated asset objects reloaded before import = 0
Number of asset objects unloaded after import = 2
========================================================================
Received Import Request.
  Time since last request: 0.000025 seconds.
  path: Assets/textures/timmiys texture/textured timmy_face_Normal.png
  artifactKey: Guid(64d4c7c2cb4b4ca499babdcad839d285) Importer(815301076,1909f56bfc062723c751e8b465ee728b)
Start importing Assets/textures/timmiys texture/textured timmy_face_Normal.png using Guid(64d4c7c2cb4b4ca499babdcad839d285) Importer(815301076,1909f56bfc062723c751e8b465ee728b)  -> (artifact id: 'de855ce831d268a369de4c099249e3ed') in 0.024162 seconds
Number of updated asset objects reloaded before import = 0
Number of asset objects unloaded after import = 2
========================================================================
Received Import Request.
  Time since last request: 0.000044 seconds.
  path: Assets/textures/timmiys texture/textured timmy_hat1_AlbedoTransparency.png
  artifactKey: Guid(8a3a90594fe83e44eb7eae137199a7db) Importer(815301076,1909f56bfc062723c751e8b465ee728b)
Start importing Assets/textures/timmiys texture/textured timmy_hat1_AlbedoTransparency.png using Guid(8a3a90594fe83e44eb7eae137199a7db) Importer(815301076,1909f56bfc062723c751e8b465ee728b)  -> (artifact id: '4cd7f5b07e267aaa557bd29ad52088c7') in 0.026196 seconds
Number of updated asset objects reloaded before import = 0
Number of asset objects unloaded after import = 2
========================================================================
Received Import Request.
  Time since last request: 0.000026 seconds.
  path: Assets/textures/timmiys texture/textured timmy_hand_Normal.png
  artifactKey: Guid(53c8dbe79167bec419624c7e595b99c7) Importer(815301076,1909f56bfc062723c751e8b465ee728b)
Start importing Assets/textures/timmiys texture/textured timmy_hand_Normal.png using Guid(53c8dbe79167bec419624c7e595b99c7) Importer(815301076,1909f56bfc062723c751e8b465ee728b)  -> (artifact id: '5ae103305cd4a3a940a6569e1c3bffd5') in 0.030714 seconds
Number of updated asset objects reloaded before import = 0
Number of asset objects unloaded after import = 2
========================================================================
Received Import Request.
  Time since last request: 0.000018 seconds.
  path: Assets/textures/timmiys texture/textured timmy_chest_Normal.png
  artifactKey: Guid(fa785ecbed009824ba65c5418317fc77) Importer(815301076,1909f56bfc062723c751e8b465ee728b)
Start importing Assets/textures/timmiys texture/textured timmy_chest_Normal.png using Guid(fa785ecbed009824ba65c5418317fc77) Importer(815301076,1909f56bfc062723c751e8b465ee728b)  -> (artifact id: 'c019d934e09685338398a1abebe071b6') in 0.030211 seconds
Number of updated asset objects reloaded before import = 0
Number of asset objects unloaded after import = 2
========================================================================
Received Import Request.
  Time since last request: 0.000042 seconds.
  path: Assets/textures/timmiys texture/textured timmy_neck1_MetallicSmoothness.png
  artifactKey: Guid(28f8193853d90484e9bc8172dee2cd19) Importer(815301076,1909f56bfc062723c751e8b465ee728b)
Start importing Assets/textures/timmiys texture/textured timmy_neck1_MetallicSmoothness.png using Guid(28f8193853d90484e9bc8172dee2cd19) Importer(815301076,1909f56bfc062723c751e8b465ee728b)  -> (artifact id: '8ad01847e66dc8d09d11b0c44ba19b06') in 0.028348 seconds
Number of updated asset objects reloaded before import = 0
Number of asset objects unloaded after import = 2
========================================================================
Received Import Request.
  Time since last request: 0.000020 seconds.
  path: Assets/textures/timmiys texture/textured timmy_face_MetallicSmoothness.png
  artifactKey: Guid(45d995331a462c743a8874633710a117) Importer(815301076,1909f56bfc062723c751e8b465ee728b)
Start importing Assets/textures/timmiys texture/textured timmy_face_MetallicSmoothness.png using Guid(45d995331a462c743a8874633710a117) Importer(815301076,1909f56bfc062723c751e8b465ee728b)  -> (artifact id: 'adba6ae2cd9ae108614f90472a797cb5') in 0.029056 seconds
Number of updated asset objects reloaded before import = 0
Number of asset objects unloaded after import = 2
========================================================================
Received Import Request.
  Time since last request: 0.000024 seconds.
  path: Assets/textures/timmiys texture/textured timmy_torso_AO.png
  artifactKey: Guid(b96958599f914ea4699ecf33d2689b3e) Importer(815301076,1909f56bfc062723c751e8b465ee728b)
Start importing Assets/textures/timmiys texture/textured timmy_torso_AO.png using Guid(b96958599f914ea4699ecf33d2689b3e) Importer(815301076,1909f56bfc062723c751e8b465ee728b)  -> (artifact id: 'f392051a6e0415c764f10448a4a262b0') in 0.028287 seconds
Number of updated asset objects reloaded before import = 0
Number of asset objects unloaded after import = 2
========================================================================
Received Import Request.
  Time since last request: 4.924878 seconds.
  path: Assets/textures/timmiys texture/Materials/textured timmy_face_AlbedoTransparency.mat
  artifactKey: Guid(e9a28fb5692e6a54b9677468586bb8bd) Importer(815301076,1909f56bfc062723c751e8b465ee728b)
Start importing Assets/textures/timmiys texture/Materials/textured timmy_face_AlbedoTransparency.mat using Guid(e9a28fb5692e6a54b9677468586bb8bd) Importer(815301076,1909f56bfc062723c751e8b465ee728b)  -> (artifact id: '1e50c35ff887143c40170f40602ff582') in 0.040596 seconds
Number of updated asset objects reloaded before import = 0
Number of asset objects unloaded after import = 2
========================================================================
Received Import Request.
  Time since last request: 0.000023 seconds.
  path: Assets/textures/timmiys texture/Materials/textured timmy_hat1_AlbedoTransparency.mat
  artifactKey: Guid(7d0a69e621c1dbe42b47009b4da3814e) Importer(815301076,1909f56bfc062723c751e8b465ee728b)
Start importing Assets/textures/timmiys texture/Materials/textured timmy_hat1_AlbedoTransparency.mat using Guid(7d0a69e621c1dbe42b47009b4da3814e) Importer(815301076,1909f56bfc062723c751e8b465ee728b)  -> (artifact id: 'ef9bb0914dea427db4c2369e0b3555be') in 0.023365 seconds
Number of updated asset objects reloaded before import = 0
Number of asset objects unloaded after import = 2
========================================================================
Received Prepare
Refreshing native plugins compatible for Editor in 5.35 ms, found 3 plugins.
Preloading 0 native plugins for Editor in 0.00 ms.
Unloading 0 Unused Serialized files (Serialized files now loaded: 0)
Unloading 1 unused Assets / (0.8 KB). Loaded Objects now: 4153.
Memory consumption went from 82.9 MB to 82.9 MB.
Total: 4.915500 ms (FindLiveObjects: 0.583100 ms CreateObjectMapping: 0.132800 ms MarkObjects: 4.173800 ms  DeleteObjects: 0.024900 ms)

Prepare: number of updated asset objects reloaded= 0
AssetImportParameters requested are different than current active one (requested -> active):
  custom:container-demuxer-ogg: 62fdf1f143b41e24485cea50d1cbac27 -> 
  custom:video-decoder-ogg-theora: a1e56fd34408186e4bbccfd4996cb3dc -> 
  custom:framework-win-MediaFoundation: 216162199b28c13a410421893ffa2e32 -> 
  custom:CustomObjectIndexerAttribute: 756ad292c208cfabdd7b50bc23989ffe -> 
  custom:container-demuxer-webm: 4f35f7cbe854078d1ac9338744f61a02 -> 
  custom:container-muxer-webm: aa71ff27fc2769a1b78a27578f13a17b -> 
  custom:video-decoder-webm-vp8: 9c59270c3fd7afecdb556c50c9e8de78 -> 
  custom:SearchIndexIgnoredProperties: e643bd26f0fe6173181afceb89e7c659 -> 
  custom:AudioImporter_EditorPlatform: d09bf68614088b80899f8185d706f6e7 -> 
  custom:video-encoder-webm-vp8: eb34c28f22e8b96e1ab97ce403110664 -> 
  custom:audio-decoder-ogg-vorbis: bf7c407c2cedff20999df2af8eb42d56 -> 
  custom:audio-encoder-webm-vorbis: bf7c407c2cedff20999df2af8eb42d56 -> 
========================================================================
Received Import Request.
  Time since last request: 31.764827 seconds.
  path: Assets/Umbrella/umbrella textures
  artifactKey: Guid(dee607b8a06e15743834ed08eb0a8f97) Importer(815301076,1909f56bfc062723c751e8b465ee728b)
Start importing Assets/Umbrella/umbrella textures using Guid(dee607b8a06e15743834ed08eb0a8f97) Importer(815301076,1909f56bfc062723c751e8b465ee728b)  -> (artifact id: '07196316db07c1483aebd1bf7afe9350') in 0.000609 seconds
Number of updated asset objects reloaded before import = 0
Number of asset objects unloaded after import = 0
========================================================================
Received Import Request.
  Time since last request: 13.927744 seconds.
  path: Assets/Umbrella/umbrella textures/wwr umbrella_dark_metal_handle_part_BaseColor.png
  artifactKey: Guid(25156ae772327414592daa72cd3d42c9) Importer(815301076,1909f56bfc062723c751e8b465ee728b)
Start importing Assets/Umbrella/umbrella textures/wwr umbrella_dark_metal_handle_part_BaseColor.png using Guid(25156ae772327414592daa72cd3d42c9) Importer(815301076,1909f56bfc062723c751e8b465ee728b)  -> (artifact id: '6ff05d292d03a4180631881768454e81') in 0.280518 seconds
Number of updated asset objects reloaded before import = 0
Number of asset objects unloaded after import = 2
========================================================================
Received Import Request.
  Time since last request: 0.000024 seconds.
  path: Assets/Umbrella/umbrella textures/wwr umbrella_umberella_button_Metallic.png
  artifactKey: Guid(d311715bb7919244f87a3739efa2da55) Importer(815301076,1909f56bfc062723c751e8b465ee728b)
Start importing Assets/Umbrella/umbrella textures/wwr umbrella_umberella_button_Metallic.png using Guid(d311715bb7919244f87a3739efa2da55) Importer(815301076,1909f56bfc062723c751e8b465ee728b)  -> (artifact id: '163be35dccb1de76901f175d001e2294') in 0.017139 seconds
Number of updated asset objects reloaded before import = 0
Number of asset objects unloaded after import = 2
========================================================================
Received Import Request.
  Time since last request: 0.000021 seconds.
  path: Assets/Umbrella/umbrella textures/wwr umbrella_umberella_button_Roughness.png
  artifactKey: Guid(d04a258303b08ef4eacc619f8867d7bf) Importer(815301076,1909f56bfc062723c751e8b465ee728b)
Start importing Assets/Umbrella/umbrella textures/wwr umbrella_umberella_button_Roughness.png using Guid(d04a258303b08ef4eacc619f8867d7bf) Importer(815301076,1909f56bfc062723c751e8b465ee728b)  -> (artifact id: 'a4731287b015a6ad36d7c5776e70ae64') in 0.019446 seconds
Number of updated asset objects reloaded before import = 0
Number of asset objects unloaded after import = 2
========================================================================
Received Import Request.
  Time since last request: 0.000023 seconds.
  path: Assets/Umbrella/umbrella textures/wwr umbrella_umberalla_cable_Normal.png
  artifactKey: Guid(93f75ceb87fd7a24ab6599f3f0825380) Importer(815301076,1909f56bfc062723c751e8b465ee728b)
Start importing Assets/Umbrella/umbrella textures/wwr umbrella_umberalla_cable_Normal.png using Guid(93f75ceb87fd7a24ab6599f3f0825380) Importer(815301076,1909f56bfc062723c751e8b465ee728b)  -> (artifact id: 'd0c899fe334f11b3541f1c77229c3126') in 0.020021 seconds
Number of updated asset objects reloaded before import = 0
Number of asset objects unloaded after import = 2
========================================================================
Received Import Request.
  Time since last request: 0.000019 seconds.
  path: Assets/Umbrella/umbrella textures/wwr umbrella_dark_metal_handle_part_Metallic.png
  artifactKey: Guid(cc1c604cd110c334dbdf87b6820f66ad) Importer(815301076,1909f56bfc062723c751e8b465ee728b)
Start importing Assets/Umbrella/umbrella textures/wwr umbrella_dark_metal_handle_part_Metallic.png using Guid(cc1c604cd110c334dbdf87b6820f66ad) Importer(815301076,1909f56bfc062723c751e8b465ee728b)  -> (artifact id: 'ded98307adfb4fcfc87412540eb325ee') in 0.025298 seconds
Number of updated asset objects reloaded before import = 0
Number of asset objects unloaded after import = 2
========================================================================
Received Import Request.
  Time since last request: 0.000021 seconds.
  path: Assets/Umbrella/umbrella textures/wwr umbrella_umberalla_thing_Metallic.png
  artifactKey: Guid(f7b13c39ba3c99843a7fbfea02c1b2dd) Importer(815301076,1909f56bfc062723c751e8b465ee728b)
Start importing Assets/Umbrella/umbrella textures/wwr umbrella_umberalla_thing_Metallic.png using Guid(f7b13c39ba3c99843a7fbfea02c1b2dd) Importer(815301076,1909f56bfc062723c751e8b465ee728b)  -> (artifact id: '673bd6aa225c82f02c6d3962a051d0ca') in 0.022535 seconds
Number of updated asset objects reloaded before import = 0
Number of asset objects unloaded after import = 2
Editor requested this worker to shutdown with reason: Scaling down because of idle timeout
TcpMessagingSession - receive error: operation aborted. errorcode: 995, details: The I/O operation has been aborted because of either a thread exit or an application request.
AssetImportWorker is now disconnected from the server
Process exiting
Exiting without the bug reporter. Application will terminate with return code 0