Using pre-set license
Built from '2022.3/staging' branch; Version is '2022.3.7f1 (b16b3b16c7a0) revision 11627323'; Using compiler version '192829333'; Build Type 'Release'
OS: 'Windows 10  (10.0.19045) 64bit Core' Language: 'en' Physical Memory: 32681 MB
BatchMode: 1, IsHumanControllingUs: 0, StartBugReporterOnCrash: 0, Is64bit: 1, IsPro: 1

COMMAND LINE ARGUMENTS:
C:\Program Files\Unity 2022.3.7f1\Editor\Unity.exe
-adb2
-batchMode
-noUpm
-name
AssetImportWorker46
-projectPath
D:/WireWineRain/WireWineRain
-logFile
Logs/AssetImportWorker46.log
-srvPort
62495
Successfully changed project path to: D:/WireWineRain/WireWineRain
D:/WireWineRain/WireWineRain
[UnityMemory] Configuration Parameters - Can be set up in boot.config
    "memorysetup-bucket-allocator-granularity=16"
    "memorysetup-bucket-allocator-bucket-count=8"
    "memorysetup-bucket-allocator-block-size=33554432"
    "memorysetup-bucket-allocator-block-count=8"
    "memorysetup-main-allocator-block-size=16777216"
    "memorysetup-thread-allocator-block-size=16777216"
    "memorysetup-gfx-main-allocator-block-size=16777216"
    "memorysetup-gfx-thread-allocator-block-size=16777216"
    "memorysetup-cache-allocator-block-size=4194304"
    "memorysetup-typetree-allocator-block-size=2097152"
    "memorysetup-profiler-bucket-allocator-granularity=16"
    "memorysetup-profiler-bucket-allocator-bucket-count=8"
    "memorysetup-profiler-bucket-allocator-block-size=33554432"
    "memorysetup-profiler-bucket-allocator-block-count=8"
    "memorysetup-profiler-allocator-block-size=16777216"
    "memorysetup-profiler-editor-allocator-block-size=1048576"
    "memorysetup-temp-allocator-size-main=16777216"
    "memorysetup-job-temp-allocator-block-size=2097152"
    "memorysetup-job-temp-allocator-block-size-background=1048576"
    "memorysetup-job-temp-allocator-reduction-small-platforms=262144"
    "memorysetup-allocator-temp-initial-block-size-main=262144"
    "memorysetup-allocator-temp-initial-block-size-worker=262144"
    "memorysetup-temp-allocator-size-background-worker=32768"
    "memorysetup-temp-allocator-size-job-worker=262144"
    "memorysetup-temp-allocator-size-preload-manager=33554432"
    "memorysetup-temp-allocator-size-nav-mesh-worker=65536"
    "memorysetup-temp-allocator-size-audio-worker=65536"
    "memorysetup-temp-allocator-size-cloud-worker=32768"
    "memorysetup-temp-allocator-size-gi-baking-worker=262144"
    "memorysetup-temp-allocator-size-gfx=262144"
Player connection [10328] Host "[IP] 192.168.0.122 [Port] 0 [Flags] 2 [Guid] 643102762 [EditorId] 643102762 [Version] 1048832 [Id] WindowsEditor(7,DESKTOP-2TQOVH1) [Debug] 1 [PackageName] WindowsEditor [ProjectName] Editor" joined multi-casting on [225.0.0.222:54997]...

Player connection [10328] Host "[IP] 192.168.0.122 [Port] 0 [Flags] 2 [Guid] 643102762 [EditorId] 643102762 [Version] 1048832 [Id] WindowsEditor(7,DESKTOP-2TQOVH1) [Debug] 1 [PackageName] WindowsEditor [ProjectName] Editor" joined alternative multi-casting on [225.0.0.222:34997]...

Refreshing native plugins compatible for Editor in 9.39 ms, found 3 plugins.
Preloading 0 native plugins for Editor in 0.00 ms.
Initialize engine version: 2022.3.7f1 (b16b3b16c7a0)
[Subsystems] Discovering subsystems at path C:/Program Files/Unity 2022.3.7f1/Editor/Data/Resources/UnitySubsystems
[Subsystems] Discovering subsystems at path D:/WireWineRain/WireWineRain/Assets
GfxDevice: creating device client; threaded=0; jobified=0
Direct3D:
    Version:  Direct3D 11.0 [level 11.1]
    Renderer: AMD Radeon RX 5600 XT (ID=0x731f)
    Vendor:   ATI
    VRAM:     6103 MB
    Driver:   31.0.23013.1023
Initialize mono
Mono path[0] = 'C:/Program Files/Unity 2022.3.7f1/Editor/Data/Managed'
Mono path[1] = 'C:/Program Files/Unity 2022.3.7f1/Editor/Data/MonoBleedingEdge/lib/mono/unityjit-win32'
Mono config path = 'C:/Program Files/Unity 2022.3.7f1/Editor/Data/MonoBleedingEdge/etc'
Using monoOptions --debugger-agent=transport=dt_socket,embedding=1,server=y,suspend=n,address=127.0.0.1:56248
Begin MonoManager ReloadAssembly
Registering precompiled unity dll's ...
Register platform support module: C:/Program Files/Unity 2022.3.7f1/Editor/Data/PlaybackEngines/WindowsStandaloneSupport/UnityEditor.WindowsStandalone.Extensions.dll
Registered in 0.007726 seconds.
- Loaded All Assemblies, in  0.326 seconds
Native extension for WindowsStandalone target not found
Mono: successfully reloaded assembly
- Finished resetting the current domain, in  0.228 seconds
Domain Reload Profiling: 552ms
	BeginReloadAssembly (102ms)
		ExecutionOrderSort (0ms)
		DisableScriptedObjects (0ms)
		BackupInstance (0ms)
		ReleaseScriptingObjects (0ms)
		CreateAndSetChildDomain (1ms)
	RebuildCommonClasses (32ms)
	RebuildNativeTypeToScriptingClass (11ms)
	initialDomainReloadingComplete (55ms)
	LoadAllAssembliesAndSetupDomain (123ms)
		LoadAssemblies (100ms)
		RebuildTransferFunctionScriptingTraits (0ms)
		AnalyzeDomain (121ms)
			TypeCache.Refresh (119ms)
				TypeCache.ScanAssembly (107ms)
			ScanForSourceGeneratedMonoScriptInfo (0ms)
			ResolveRequiredComponents (0ms)
	FinalizeReload (229ms)
		ReleaseScriptCaches (0ms)
		RebuildScriptCaches (0ms)
		SetupLoadedEditorAssemblies (177ms)
			LogAssemblyErrors (0ms)
			InitializePlatformSupportModulesInManaged (9ms)
			SetLoadedEditorAssemblies (6ms)
			RefreshPlugins (0ms)
			BeforeProcessingInitializeOnLoad (2ms)
			ProcessInitializeOnLoadAttributes (116ms)
			ProcessInitializeOnLoadMethodAttributes (45ms)
			AfterProcessingInitializeOnLoad (0ms)
			EditorAssembliesLoaded (0ms)
		ExecutionOrderSort2 (0ms)
		AwakeInstancesAfterBackupRestoration (0ms)
========================================================================
Worker process is ready to serve import requests
Begin MonoManager ReloadAssembly
Symbol file LoadedFromMemory doesn't match image D:\WireWineRain\WireWineRain\Library\PackageCache\com.unity.visualscripting@1.8.0\Editor\VisualScripting.Core\Dependencies\YamlDotNet\Unity.VisualScripting.YamlDotNet.dll
Symbol file LoadedFromMemory doesn't match image D:\WireWineRain\WireWineRain\Library\PackageCache\com.unity.visualscripting@1.8.0\Editor\VisualScripting.Core\Dependencies\DotNetZip\Unity.VisualScripting.IonicZip.dll
- Loaded All Assemblies, in  0.633 seconds
Refreshing native plugins compatible for Editor in 3.70 ms, found 3 plugins.
Native extension for WindowsStandalone target not found
Package Manager log level set to [2]
[Package Manager] Server::EnsureServerProcessIsRunning -- launch failed, reason: Unity was launched with the -noUpm command-line argument
[Package Manager] UpmClient::Send -- Unable to send message (not connected to UPM process).
[Package Manager] Cannot connect to Unity Package Manager local server
Mono: successfully reloaded assembly
- Finished resetting the current domain, in  0.515 seconds
Domain Reload Profiling: 1145ms
	BeginReloadAssembly (142ms)
		ExecutionOrderSort (0ms)
		DisableScriptedObjects (6ms)
		BackupInstance (0ms)
		ReleaseScriptingObjects (0ms)
		CreateAndSetChildDomain (21ms)
	RebuildCommonClasses (35ms)
	RebuildNativeTypeToScriptingClass (11ms)
	initialDomainReloadingComplete (33ms)
	LoadAllAssembliesAndSetupDomain (408ms)
		LoadAssemblies (301ms)
		RebuildTransferFunctionScriptingTraits (0ms)
		AnalyzeDomain (189ms)
			TypeCache.Refresh (166ms)
				TypeCache.ScanAssembly (151ms)
			ScanForSourceGeneratedMonoScriptInfo (17ms)
			ResolveRequiredComponents (4ms)
	FinalizeReload (515ms)
		ReleaseScriptCaches (0ms)
		RebuildScriptCaches (0ms)
		SetupLoadedEditorAssemblies (380ms)
			LogAssemblyErrors (0ms)
			InitializePlatformSupportModulesInManaged (6ms)
			SetLoadedEditorAssemblies (4ms)
			RefreshPlugins (0ms)
			BeforeProcessingInitializeOnLoad (63ms)
			ProcessInitializeOnLoadAttributes (274ms)
			ProcessInitializeOnLoadMethodAttributes (23ms)
			AfterProcessingInitializeOnLoad (9ms)
			EditorAssembliesLoaded (0ms)
		ExecutionOrderSort2 (0ms)
		AwakeInstancesAfterBackupRestoration (8ms)
Launched and connected shader compiler UnityShaderCompiler.exe after 0.05 seconds
Refreshing native plugins compatible for Editor in 3.12 ms, found 3 plugins.
Preloading 0 native plugins for Editor in 0.00 ms.
Unloading 3595 Unused Serialized files (Serialized files now loaded: 0)
Unloading 47 unused Assets / (60.6 KB). Loaded Objects now: 4108.
Memory consumption went from 137.2 MB to 137.2 MB.
Total: 3.144100 ms (FindLiveObjects: 0.369300 ms CreateObjectMapping: 0.098200 ms MarkObjects: 2.529400 ms  DeleteObjects: 0.146400 ms)

AssetImportParameters requested are different than current active one (requested -> active):
  custom:container-demuxer-ogg: 62fdf1f143b41e24485cea50d1cbac27 -> 
  custom:video-decoder-ogg-theora: a1e56fd34408186e4bbccfd4996cb3dc -> 
  custom:framework-win-MediaFoundation: 216162199b28c13a410421893ffa2e32 -> 
  custom:CustomObjectIndexerAttribute: 756ad292c208cfabdd7b50bc23989ffe -> 
  custom:container-demuxer-webm: 4f35f7cbe854078d1ac9338744f61a02 -> 
  custom:container-muxer-webm: aa71ff27fc2769a1b78a27578f13a17b -> 
  custom:video-decoder-webm-vp8: 9c59270c3fd7afecdb556c50c9e8de78 -> 
  custom:SearchIndexIgnoredProperties: e643bd26f0fe6173181afceb89e7c659 -> 
  custom:AudioImporter_EditorPlatform: d09bf68614088b80899f8185d706f6e7 -> 
  custom:video-encoder-webm-vp8: eb34c28f22e8b96e1ab97ce403110664 -> 
  custom:audio-decoder-ogg-vorbis: bf7c407c2cedff20999df2af8eb42d56 -> 
  custom:audio-encoder-webm-vorbis: bf7c407c2cedff20999df2af8eb42d56 -> 
========================================================================
Received Import Request.
  Time since last request: 846437.597464 seconds.
  path: Assets/Prefabs/Chunk4.prefab
  artifactKey: Guid(9c176ddf5e594924e9dbdb8c64ba26e5) Importer(815301076,1909f56bfc062723c751e8b465ee728b)
Start importing Assets/Prefabs/Chunk4.prefab using Guid(9c176ddf5e594924e9dbdb8c64ba26e5) Importer(815301076,1909f56bfc062723c751e8b465ee728b)  -> (artifact id: 'a9193d88c74330246cabae87bfd6d4ac') in 0.378324 seconds
Number of updated asset objects reloaded before import = 0
Number of asset objects unloaded after import = 1193
========================================================================
Received Import Request.
  Time since last request: 6.991303 seconds.
  path: Assets/Prefabs/Chunk4.prefab
  artifactKey: Guid(9c176ddf5e594924e9dbdb8c64ba26e5) Importer(815301076,1909f56bfc062723c751e8b465ee728b)
Start importing Assets/Prefabs/Chunk4.prefab using Guid(9c176ddf5e594924e9dbdb8c64ba26e5) Importer(815301076,1909f56bfc062723c751e8b465ee728b)  -> (artifact id: 'a6b3a94e5be6912ba07671a01df686ad') in 0.300352 seconds
Number of updated asset objects reloaded before import = 0
Number of asset objects unloaded after import = 1193
========================================================================
Received Import Request.
  Time since last request: 3.908996 seconds.
  path: Assets/Prefabs/Chunk4.prefab
  artifactKey: Guid(9c176ddf5e594924e9dbdb8c64ba26e5) Importer(815301076,1909f56bfc062723c751e8b465ee728b)
Start importing Assets/Prefabs/Chunk4.prefab using Guid(9c176ddf5e594924e9dbdb8c64ba26e5) Importer(815301076,1909f56bfc062723c751e8b465ee728b)  -> (artifact id: '4897f1413e499bc7fedba205eefaaa06') in 0.298628 seconds
Number of updated asset objects reloaded before import = 0
Number of asset objects unloaded after import = 1193
========================================================================
Received Import Request.
  Time since last request: 4.140265 seconds.
  path: Assets/Prefabs/Chunk4.prefab
  artifactKey: Guid(9c176ddf5e594924e9dbdb8c64ba26e5) Importer(815301076,1909f56bfc062723c751e8b465ee728b)
Start importing Assets/Prefabs/Chunk4.prefab using Guid(9c176ddf5e594924e9dbdb8c64ba26e5) Importer(815301076,1909f56bfc062723c751e8b465ee728b)  -> (artifact id: 'd17095875b197d5603853a296406cee8') in 0.273666 seconds
Number of updated asset objects reloaded before import = 0
Number of asset objects unloaded after import = 1193
========================================================================
Received Import Request.
  Time since last request: 7.567850 seconds.
  path: Assets/Prefabs/Chunk4.prefab
  artifactKey: Guid(9c176ddf5e594924e9dbdb8c64ba26e5) Importer(815301076,1909f56bfc062723c751e8b465ee728b)
Start importing Assets/Prefabs/Chunk4.prefab using Guid(9c176ddf5e594924e9dbdb8c64ba26e5) Importer(815301076,1909f56bfc062723c751e8b465ee728b)  -> (artifact id: '0dbbdd579347826bb4b3ce6624e39ad5') in 0.273658 seconds
Number of updated asset objects reloaded before import = 0
Number of asset objects unloaded after import = 1193
========================================================================
Received Import Request.
  Time since last request: 4.547251 seconds.
  path: Assets/Prefabs/Chunk4.prefab
  artifactKey: Guid(9c176ddf5e594924e9dbdb8c64ba26e5) Importer(815301076,1909f56bfc062723c751e8b465ee728b)
Start importing Assets/Prefabs/Chunk4.prefab using Guid(9c176ddf5e594924e9dbdb8c64ba26e5) Importer(815301076,1909f56bfc062723c751e8b465ee728b)  -> (artifact id: 'fa2d660dd48ce67468f70229f64b9b6f') in 0.277358 seconds
Number of updated asset objects reloaded before import = 0
Number of asset objects unloaded after import = 1193
========================================================================
Received Import Request.
  Time since last request: 4.540156 seconds.
  path: Assets/Prefabs/Chunk4.prefab
  artifactKey: Guid(9c176ddf5e594924e9dbdb8c64ba26e5) Importer(815301076,1909f56bfc062723c751e8b465ee728b)
Start importing Assets/Prefabs/Chunk4.prefab using Guid(9c176ddf5e594924e9dbdb8c64ba26e5) Importer(815301076,1909f56bfc062723c751e8b465ee728b)  -> (artifact id: '749e9508ee108faa5ab64161351e3da7') in 0.274959 seconds
Number of updated asset objects reloaded before import = 0
Number of asset objects unloaded after import = 1193
========================================================================
Received Prepare
Begin MonoManager ReloadAssembly
Symbol file LoadedFromMemory doesn't match image D:\WireWineRain\WireWineRain\Library\PackageCache\com.unity.visualscripting@1.8.0\Editor\VisualScripting.Core\Dependencies\YamlDotNet\Unity.VisualScripting.YamlDotNet.dll
Symbol file LoadedFromMemory doesn't match image D:\WireWineRain\WireWineRain\Library\PackageCache\com.unity.visualscripting@1.8.0\Editor\VisualScripting.Core\Dependencies\DotNetZip\Unity.VisualScripting.IonicZip.dll
- Loaded All Assemblies, in  0.491 seconds
Refreshing native plugins compatible for Editor in 3.21 ms, found 3 plugins.
Native extension for WindowsStandalone target not found
[Package Manager] Server::EnsureServerProcessIsRunning -- launch failed, reason: Unity was launched with the -noUpm command-line argument
[Package Manager] UpmClient::Send -- Unable to send message (not connected to UPM process).
[Package Manager] Cannot connect to Unity Package Manager local server
Mono: successfully reloaded assembly
- Finished resetting the current domain, in  0.959 seconds
Domain Reload Profiling: 1448ms
	BeginReloadAssembly (170ms)
		ExecutionOrderSort (0ms)
		DisableScriptedObjects (5ms)
		BackupInstance (0ms)
		ReleaseScriptingObjects (0ms)
		CreateAndSetChildDomain (46ms)
	RebuildCommonClasses (37ms)
	RebuildNativeTypeToScriptingClass (16ms)
	initialDomainReloadingComplete (36ms)
	LoadAllAssembliesAndSetupDomain (228ms)
		LoadAssemblies (302ms)
		RebuildTransferFunctionScriptingTraits (0ms)
		AnalyzeDomain (13ms)
			TypeCache.Refresh (7ms)
				TypeCache.ScanAssembly (0ms)
			ScanForSourceGeneratedMonoScriptInfo (0ms)
			ResolveRequiredComponents (5ms)
	FinalizeReload (960ms)
		ReleaseScriptCaches (0ms)
		RebuildScriptCaches (0ms)
		SetupLoadedEditorAssemblies (428ms)
			LogAssemblyErrors (0ms)
			InitializePlatformSupportModulesInManaged (7ms)
			SetLoadedEditorAssemblies (6ms)
			RefreshPlugins (0ms)
			BeforeProcessingInitializeOnLoad (80ms)
			ProcessInitializeOnLoadAttributes (295ms)
			ProcessInitializeOnLoadMethodAttributes (28ms)
			AfterProcessingInitializeOnLoad (13ms)
			EditorAssembliesLoaded (0ms)
		ExecutionOrderSort2 (0ms)
		AwakeInstancesAfterBackupRestoration (12ms)
Refreshing native plugins compatible for Editor in 3.69 ms, found 3 plugins.
Preloading 0 native plugins for Editor in 0.00 ms.
Unloading 3574 Unused Serialized files (Serialized files now loaded: 0)
Unloading 31 unused Assets / (33.1 KB). Loaded Objects now: 4120.
Memory consumption went from 137.6 MB to 137.6 MB.
Total: 3.557600 ms (FindLiveObjects: 0.380300 ms CreateObjectMapping: 0.087700 ms MarkObjects: 3.015700 ms  DeleteObjects: 0.072600 ms)

Prepare: number of updated asset objects reloaded= 0
AssetImportParameters requested are different than current active one (requested -> active):
  custom:container-demuxer-ogg: 62fdf1f143b41e24485cea50d1cbac27 -> 
  custom:video-decoder-ogg-theora: a1e56fd34408186e4bbccfd4996cb3dc -> 
  custom:framework-win-MediaFoundation: 216162199b28c13a410421893ffa2e32 -> 
  custom:CustomObjectIndexerAttribute: 756ad292c208cfabdd7b50bc23989ffe -> 
  custom:container-demuxer-webm: 4f35f7cbe854078d1ac9338744f61a02 -> 
  custom:container-muxer-webm: aa71ff27fc2769a1b78a27578f13a17b -> 
  custom:video-decoder-webm-vp8: 9c59270c3fd7afecdb556c50c9e8de78 -> 
  custom:SearchIndexIgnoredProperties: e643bd26f0fe6173181afceb89e7c659 -> 
  custom:AudioImporter_EditorPlatform: d09bf68614088b80899f8185d706f6e7 -> 
  custom:video-encoder-webm-vp8: eb34c28f22e8b96e1ab97ce403110664 -> 
  custom:audio-decoder-ogg-vorbis: bf7c407c2cedff20999df2af8eb42d56 -> 
  custom:audio-encoder-webm-vorbis: bf7c407c2cedff20999df2af8eb42d56 -> 
========================================================================
Received Import Request.
  Time since last request: 54.876226 seconds.
  path: Assets/Prefabs/Chunk4.prefab
  artifactKey: Guid(9c176ddf5e594924e9dbdb8c64ba26e5) Importer(815301076,1909f56bfc062723c751e8b465ee728b)
Start importing Assets/Prefabs/Chunk4.prefab using Guid(9c176ddf5e594924e9dbdb8c64ba26e5) Importer(815301076,1909f56bfc062723c751e8b465ee728b)  -> (artifact id: '8d50eeeaf8df6ccc650903c2c7d3bbe1') in 0.349787 seconds
Number of updated asset objects reloaded before import = 0
Number of asset objects unloaded after import = 1193
========================================================================
Received Import Request.
  Time since last request: 40.950642 seconds.
  path: Assets/Prefabs/Chunk4.prefab
  artifactKey: Guid(9c176ddf5e594924e9dbdb8c64ba26e5) Importer(815301076,1909f56bfc062723c751e8b465ee728b)
Start importing Assets/Prefabs/Chunk4.prefab using Guid(9c176ddf5e594924e9dbdb8c64ba26e5) Importer(815301076,1909f56bfc062723c751e8b465ee728b)  -> (artifact id: '7ea91c5bfe7be2c747f1a8d2c016ca76') in 0.290983 seconds
Number of updated asset objects reloaded before import = 0
Number of asset objects unloaded after import = 1193
========================================================================
Received Import Request.
  Time since last request: 2.102201 seconds.
  path: Assets/Prefabs/Chunk4.prefab
  artifactKey: Guid(9c176ddf5e594924e9dbdb8c64ba26e5) Importer(815301076,1909f56bfc062723c751e8b465ee728b)
Start importing Assets/Prefabs/Chunk4.prefab using Guid(9c176ddf5e594924e9dbdb8c64ba26e5) Importer(815301076,1909f56bfc062723c751e8b465ee728b)  -> (artifact id: '5288b5594a25b7ed94482e5a50d29d50') in 0.270525 seconds
Number of updated asset objects reloaded before import = 0
Number of asset objects unloaded after import = 1193
========================================================================
Received Prepare
Begin MonoManager ReloadAssembly
Symbol file LoadedFromMemory doesn't match image D:\WireWineRain\WireWineRain\Library\PackageCache\com.unity.visualscripting@1.8.0\Editor\VisualScripting.Core\Dependencies\YamlDotNet\Unity.VisualScripting.YamlDotNet.dll
Symbol file LoadedFromMemory doesn't match image D:\WireWineRain\WireWineRain\Library\PackageCache\com.unity.visualscripting@1.8.0\Editor\VisualScripting.Core\Dependencies\DotNetZip\Unity.VisualScripting.IonicZip.dll
- Loaded All Assemblies, in  0.443 seconds
Refreshing native plugins compatible for Editor in 3.30 ms, found 3 plugins.
Native extension for WindowsStandalone target not found
[Package Manager] Server::EnsureServerProcessIsRunning -- launch failed, reason: Unity was launched with the -noUpm command-line argument
[Package Manager] UpmClient::Send -- Unable to send message (not connected to UPM process).
[Package Manager] Cannot connect to Unity Package Manager local server
Mono: successfully reloaded assembly
- Finished resetting the current domain, in  0.942 seconds
Domain Reload Profiling: 1382ms
	BeginReloadAssembly (155ms)
		ExecutionOrderSort (0ms)
		DisableScriptedObjects (4ms)
		BackupInstance (0ms)
		ReleaseScriptingObjects (0ms)
		CreateAndSetChildDomain (36ms)
	RebuildCommonClasses (33ms)
	RebuildNativeTypeToScriptingClass (11ms)
	initialDomainReloadingComplete (30ms)
	LoadAllAssembliesAndSetupDomain (210ms)
		LoadAssemblies (283ms)
		RebuildTransferFunctionScriptingTraits (0ms)
		AnalyzeDomain (12ms)
			TypeCache.Refresh (6ms)
				TypeCache.ScanAssembly (0ms)
			ScanForSourceGeneratedMonoScriptInfo (0ms)
			ResolveRequiredComponents (4ms)
	FinalizeReload (942ms)
		ReleaseScriptCaches (0ms)
		RebuildScriptCaches (0ms)
		SetupLoadedEditorAssemblies (417ms)
			LogAssemblyErrors (0ms)
			InitializePlatformSupportModulesInManaged (7ms)
			SetLoadedEditorAssemblies (4ms)
			RefreshPlugins (0ms)
			BeforeProcessingInitializeOnLoad (74ms)
			ProcessInitializeOnLoadAttributes (291ms)
			ProcessInitializeOnLoadMethodAttributes (27ms)
			AfterProcessingInitializeOnLoad (12ms)
			EditorAssembliesLoaded (0ms)
		ExecutionOrderSort2 (0ms)
		AwakeInstancesAfterBackupRestoration (11ms)
Refreshing native plugins compatible for Editor in 3.99 ms, found 3 plugins.
Preloading 0 native plugins for Editor in 0.00 ms.
Unloading 3574 Unused Serialized files (Serialized files now loaded: 0)
Unloading 31 unused Assets / (33.2 KB). Loaded Objects now: 4123.
Memory consumption went from 137.7 MB to 137.6 MB.
Total: 4.209600 ms (FindLiveObjects: 0.389400 ms CreateObjectMapping: 0.087000 ms MarkObjects: 3.614400 ms  DeleteObjects: 0.117100 ms)

Prepare: number of updated asset objects reloaded= 0
AssetImportParameters requested are different than current active one (requested -> active):
  custom:container-demuxer-ogg: 62fdf1f143b41e24485cea50d1cbac27 -> 
  custom:video-decoder-ogg-theora: a1e56fd34408186e4bbccfd4996cb3dc -> 
  custom:framework-win-MediaFoundation: 216162199b28c13a410421893ffa2e32 -> 
  custom:CustomObjectIndexerAttribute: 756ad292c208cfabdd7b50bc23989ffe -> 
  custom:container-demuxer-webm: 4f35f7cbe854078d1ac9338744f61a02 -> 
  custom:container-muxer-webm: aa71ff27fc2769a1b78a27578f13a17b -> 
  custom:video-decoder-webm-vp8: 9c59270c3fd7afecdb556c50c9e8de78 -> 
  custom:SearchIndexIgnoredProperties: e643bd26f0fe6173181afceb89e7c659 -> 
  custom:AudioImporter_EditorPlatform: d09bf68614088b80899f8185d706f6e7 -> 
  custom:video-encoder-webm-vp8: eb34c28f22e8b96e1ab97ce403110664 -> 
  custom:audio-decoder-ogg-vorbis: bf7c407c2cedff20999df2af8eb42d56 -> 
  custom:audio-encoder-webm-vorbis: bf7c407c2cedff20999df2af8eb42d56 -> 
========================================================================
Received Import Request.
  Time since last request: 145.665922 seconds.
  path: Assets/Prefabs/Chunk4.prefab
  artifactKey: Guid(9c176ddf5e594924e9dbdb8c64ba26e5) Importer(815301076,1909f56bfc062723c751e8b465ee728b)
Start importing Assets/Prefabs/Chunk4.prefab using Guid(9c176ddf5e594924e9dbdb8c64ba26e5) Importer(815301076,1909f56bfc062723c751e8b465ee728b)  -> (artifact id: 'e3b8a646c31e399d9eb9ae81858a66bc') in 0.281830 seconds
Number of updated asset objects reloaded before import = 0
Number of asset objects unloaded after import = 1193
========================================================================
Received Import Request.
  Time since last request: 0.000030 seconds.
  path: Assets/Prefabs/Chunk6.prefab
  artifactKey: Guid(c65cace96eebbe849a6ffbe4fa70d95e) Importer(815301076,1909f56bfc062723c751e8b465ee728b)
Start importing Assets/Prefabs/Chunk6.prefab using Guid(c65cace96eebbe849a6ffbe4fa70d95e) Importer(815301076,1909f56bfc062723c751e8b465ee728b)  -> (artifact id: 'd07d455176bf2f37644485926b245c2c') in 0.177302 seconds
Number of updated asset objects reloaded before import = 0
Number of asset objects unloaded after import = 925
========================================================================
Received Import Request.
  Time since last request: 1.905883 seconds.
  path: Assets/Prefabs/Chunk4.prefab
  artifactKey: Guid(9c176ddf5e594924e9dbdb8c64ba26e5) Importer(815301076,1909f56bfc062723c751e8b465ee728b)
Start importing Assets/Prefabs/Chunk4.prefab using Guid(9c176ddf5e594924e9dbdb8c64ba26e5) Importer(815301076,1909f56bfc062723c751e8b465ee728b)  -> (artifact id: 'f6c352a5299394bae0cd3daae152fae4') in 0.221147 seconds
Number of updated asset objects reloaded before import = 0
Number of asset objects unloaded after import = 1193
========================================================================
Received Import Request.
  Time since last request: 0.000043 seconds.
  path: Assets/Prefabs/Chunk6.prefab
  artifactKey: Guid(c65cace96eebbe849a6ffbe4fa70d95e) Importer(815301076,1909f56bfc062723c751e8b465ee728b)
Start importing Assets/Prefabs/Chunk6.prefab using Guid(c65cace96eebbe849a6ffbe4fa70d95e) Importer(815301076,1909f56bfc062723c751e8b465ee728b)  -> (artifact id: '46ead2752421615b7c1250606bff1ec1') in 0.203640 seconds
Number of updated asset objects reloaded before import = 0
Number of asset objects unloaded after import = 925
========================================================================
Received Import Request.
  Time since last request: 4.785199 seconds.
  path: Assets/Prefabs/Chunk5.prefab
  artifactKey: Guid(2cb22debf8d98f841a49c0d3e2760f8c) Importer(815301076,1909f56bfc062723c751e8b465ee728b)
Start importing Assets/Prefabs/Chunk5.prefab using Guid(2cb22debf8d98f841a49c0d3e2760f8c) Importer(815301076,1909f56bfc062723c751e8b465ee728b)  -> (artifact id: 'fd0a7056f7cdfd94efb282ba12a3cf3f') in 0.115300 seconds
Number of updated asset objects reloaded before import = 0
Number of asset objects unloaded after import = 597
========================================================================
Received Import Request.
  Time since last request: 0.000023 seconds.
  path: Assets/Prefabs/wwr lampost.prefab
  artifactKey: Guid(d290ab8e10650b24cac9edc4fc81a2a0) Importer(815301076,1909f56bfc062723c751e8b465ee728b)
Start importing Assets/Prefabs/wwr lampost.prefab using Guid(d290ab8e10650b24cac9edc4fc81a2a0) Importer(815301076,1909f56bfc062723c751e8b465ee728b)  -> (artifact id: 'cf71e38c69fb1e3fd99191f5a1385096') in 0.093300 seconds
Number of updated asset objects reloaded before import = 0
Number of asset objects unloaded after import = 68
========================================================================
Received Import Request.
  Time since last request: 0.000047 seconds.
  path: Assets/Prefabs/Chunk6.prefab
  artifactKey: Guid(c65cace96eebbe849a6ffbe4fa70d95e) Importer(815301076,1909f56bfc062723c751e8b465ee728b)
Start importing Assets/Prefabs/Chunk6.prefab using Guid(c65cace96eebbe849a6ffbe4fa70d95e) Importer(815301076,1909f56bfc062723c751e8b465ee728b)  -> (artifact id: '423911298544e01d63d293c59d120aa8') in 0.168773 seconds
Number of updated asset objects reloaded before import = 0
Number of asset objects unloaded after import = 925
========================================================================
Received Import Request.
  Time since last request: 4.240476 seconds.
  path: Assets/Prefabs/Chunk5.prefab
  artifactKey: Guid(2cb22debf8d98f841a49c0d3e2760f8c) Importer(815301076,1909f56bfc062723c751e8b465ee728b)
Start importing Assets/Prefabs/Chunk5.prefab using Guid(2cb22debf8d98f841a49c0d3e2760f8c) Importer(815301076,1909f56bfc062723c751e8b465ee728b)  -> (artifact id: 'f33e954cd7543b548c044b8c3bf17129') in 0.150168 seconds
Number of updated asset objects reloaded before import = 0
Number of asset objects unloaded after import = 597
========================================================================
Received Import Request.
  Time since last request: 0.000040 seconds.
  path: Assets/Prefabs/wwr lampost.prefab
  artifactKey: Guid(d290ab8e10650b24cac9edc4fc81a2a0) Importer(815301076,1909f56bfc062723c751e8b465ee728b)
Start importing Assets/Prefabs/wwr lampost.prefab using Guid(d290ab8e10650b24cac9edc4fc81a2a0) Importer(815301076,1909f56bfc062723c751e8b465ee728b)  -> (artifact id: '51324a172279d847d355198761dff7d1') in 0.110210 seconds
Number of updated asset objects reloaded before import = 0
Number of asset objects unloaded after import = 68
========================================================================
Received Import Request.
  Time since last request: 8.615274 seconds.
  path: Assets/Prefabs/Chunk5.prefab
  artifactKey: Guid(2cb22debf8d98f841a49c0d3e2760f8c) Importer(815301076,1909f56bfc062723c751e8b465ee728b)
Start importing Assets/Prefabs/Chunk5.prefab using Guid(2cb22debf8d98f841a49c0d3e2760f8c) Importer(815301076,1909f56bfc062723c751e8b465ee728b)  -> (artifact id: '3b1b7d13930c95bce19ae2d89c4d2ee8') in 0.141776 seconds
Number of updated asset objects reloaded before import = 0
Number of asset objects unloaded after import = 597
========================================================================
Received Import Request.
  Time since last request: 0.000032 seconds.
  path: Assets/Prefabs/wwr lampost.prefab
  artifactKey: Guid(d290ab8e10650b24cac9edc4fc81a2a0) Importer(815301076,1909f56bfc062723c751e8b465ee728b)
Start importing Assets/Prefabs/wwr lampost.prefab using Guid(d290ab8e10650b24cac9edc4fc81a2a0) Importer(815301076,1909f56bfc062723c751e8b465ee728b)  -> (artifact id: '6de376fa3266d1b198a28e578a5b8beb') in 0.104111 seconds
Number of updated asset objects reloaded before import = 0
Number of asset objects unloaded after import = 68
========================================================================
Received Import Request.
  Time since last request: 2.978699 seconds.
  path: Assets/Prefabs/Chunk5.prefab
  artifactKey: Guid(2cb22debf8d98f841a49c0d3e2760f8c) Importer(815301076,1909f56bfc062723c751e8b465ee728b)
Start importing Assets/Prefabs/Chunk5.prefab using Guid(2cb22debf8d98f841a49c0d3e2760f8c) Importer(815301076,1909f56bfc062723c751e8b465ee728b)  -> (artifact id: '3517948d2ae48fb1653afcab54cf03e8') in 0.143015 seconds
Number of updated asset objects reloaded before import = 0
Number of asset objects unloaded after import = 597
========================================================================
Received Import Request.
  Time since last request: 0.000047 seconds.
  path: Assets/Prefabs/wwr lampost.prefab
  artifactKey: Guid(d290ab8e10650b24cac9edc4fc81a2a0) Importer(815301076,1909f56bfc062723c751e8b465ee728b)
Start importing Assets/Prefabs/wwr lampost.prefab using Guid(d290ab8e10650b24cac9edc4fc81a2a0) Importer(815301076,1909f56bfc062723c751e8b465ee728b)  -> (artifact id: '6a4114d4484bdae6a704bcef493e100e') in 0.114434 seconds
Number of updated asset objects reloaded before import = 0
Number of asset objects unloaded after import = 68
========================================================================
Received Import Request.
  Time since last request: 5.765254 seconds.
  path: Assets/Prefabs/Chunk5.prefab
  artifactKey: Guid(2cb22debf8d98f841a49c0d3e2760f8c) Importer(815301076,1909f56bfc062723c751e8b465ee728b)
Start importing Assets/Prefabs/Chunk5.prefab using Guid(2cb22debf8d98f841a49c0d3e2760f8c) Importer(815301076,1909f56bfc062723c751e8b465ee728b)  -> (artifact id: '389a94decbe3c09a3ff72b6844c6fa74') in 0.134414 seconds
Number of updated asset objects reloaded before import = 0
Number of asset objects unloaded after import = 597
========================================================================
Received Import Request.
  Time since last request: 0.000038 seconds.
  path: Assets/Prefabs/wwr lampost.prefab
  artifactKey: Guid(d290ab8e10650b24cac9edc4fc81a2a0) Importer(815301076,1909f56bfc062723c751e8b465ee728b)
Start importing Assets/Prefabs/wwr lampost.prefab using Guid(d290ab8e10650b24cac9edc4fc81a2a0) Importer(815301076,1909f56bfc062723c751e8b465ee728b)  -> (artifact id: '178fed151a75456202a52b6869c6055a') in 0.103889 seconds
Number of updated asset objects reloaded before import = 0
Number of asset objects unloaded after import = 68
Editor requested this worker to shutdown with reason: Scaling down because of idle timeout
TcpMessagingSession - receive error: operation aborted. errorcode: 995, details: The I/O operation has been aborted because of either a thread exit or an application request.
AssetImportWorker is now disconnected from the server
Process exiting
Exiting without the bug reporter. Application will terminate with return code 0