Using pre-set license
Built from '2022.3/staging' branch; Version is '2022.3.7f1 (b16b3b16c7a0) revision 11627323'; Using compiler version '192829333'; Build Type 'Release'
OS: 'Windows 10  (10.0.19045) 64bit Core' Language: 'en' Physical Memory: 32681 MB
BatchMode: 1, IsHumanControllingUs: 0, StartBugReporterOnCrash: 0, Is64bit: 1, IsPro: 1

COMMAND LINE ARGUMENTS:
C:\Program Files\Unity 2022.3.7f1\Editor\Unity.exe
-adb2
-batchMode
-noUpm
-name
AssetImportWorker17
-projectPath
D:/WireWineRain/WireWineRain
-logFile
Logs/AssetImportWorker17.log
-srvPort
57869
Successfully changed project path to: D:/WireWineRain/WireWineRain
D:/WireWineRain/WireWineRain
[UnityMemory] Configuration Parameters - Can be set up in boot.config
    "memorysetup-bucket-allocator-granularity=16"
    "memorysetup-bucket-allocator-bucket-count=8"
    "memorysetup-bucket-allocator-block-size=33554432"
    "memorysetup-bucket-allocator-block-count=8"
    "memorysetup-main-allocator-block-size=16777216"
    "memorysetup-thread-allocator-block-size=16777216"
    "memorysetup-gfx-main-allocator-block-size=16777216"
    "memorysetup-gfx-thread-allocator-block-size=16777216"
    "memorysetup-cache-allocator-block-size=4194304"
    "memorysetup-typetree-allocator-block-size=2097152"
    "memorysetup-profiler-bucket-allocator-granularity=16"
    "memorysetup-profiler-bucket-allocator-bucket-count=8"
    "memorysetup-profiler-bucket-allocator-block-size=33554432"
    "memorysetup-profiler-bucket-allocator-block-count=8"
    "memorysetup-profiler-allocator-block-size=16777216"
    "memorysetup-profiler-editor-allocator-block-size=1048576"
    "memorysetup-temp-allocator-size-main=16777216"
    "memorysetup-job-temp-allocator-block-size=2097152"
    "memorysetup-job-temp-allocator-block-size-background=1048576"
    "memorysetup-job-temp-allocator-reduction-small-platforms=262144"
    "memorysetup-allocator-temp-initial-block-size-main=262144"
    "memorysetup-allocator-temp-initial-block-size-worker=262144"
    "memorysetup-temp-allocator-size-background-worker=32768"
    "memorysetup-temp-allocator-size-job-worker=262144"
    "memorysetup-temp-allocator-size-preload-manager=33554432"
    "memorysetup-temp-allocator-size-nav-mesh-worker=65536"
    "memorysetup-temp-allocator-size-audio-worker=65536"
    "memorysetup-temp-allocator-size-cloud-worker=32768"
    "memorysetup-temp-allocator-size-gi-baking-worker=262144"
    "memorysetup-temp-allocator-size-gfx=262144"
Player connection [28824] Host "[IP] 192.168.0.122 [Port] 0 [Flags] 2 [Guid] 1908966708 [EditorId] 1908966708 [Version] 1048832 [Id] WindowsEditor(7,DESKTOP-2TQOVH1) [Debug] 1 [PackageName] WindowsEditor [ProjectName] Editor" joined multi-casting on [225.0.0.222:54997]...

Player connection [28824] Host "[IP] 192.168.0.122 [Port] 0 [Flags] 2 [Guid] 1908966708 [EditorId] 1908966708 [Version] 1048832 [Id] WindowsEditor(7,DESKTOP-2TQOVH1) [Debug] 1 [PackageName] WindowsEditor [ProjectName] Editor" joined alternative multi-casting on [225.0.0.222:34997]...

Refreshing native plugins compatible for Editor in 10.89 ms, found 3 plugins.
Preloading 0 native plugins for Editor in 0.00 ms.
Initialize engine version: 2022.3.7f1 (b16b3b16c7a0)
[Subsystems] Discovering subsystems at path C:/Program Files/Unity 2022.3.7f1/Editor/Data/Resources/UnitySubsystems
[Subsystems] Discovering subsystems at path D:/WireWineRain/WireWineRain/Assets
GfxDevice: creating device client; threaded=0; jobified=0
Direct3D:
    Version:  Direct3D 11.0 [level 11.1]
    Renderer: AMD Radeon RX 5600 XT (ID=0x731f)
    Vendor:   ATI
    VRAM:     6103 MB
    Driver:   31.0.23013.1023
Initialize mono
Mono path[0] = 'C:/Program Files/Unity 2022.3.7f1/Editor/Data/Managed'
Mono path[1] = 'C:/Program Files/Unity 2022.3.7f1/Editor/Data/MonoBleedingEdge/lib/mono/unityjit-win32'
Mono config path = 'C:/Program Files/Unity 2022.3.7f1/Editor/Data/MonoBleedingEdge/etc'
Using monoOptions --debugger-agent=transport=dt_socket,embedding=1,server=y,suspend=n,address=127.0.0.1:56352
Begin MonoManager ReloadAssembly
Registering precompiled unity dll's ...
Register platform support module: C:/Program Files/Unity 2022.3.7f1/Editor/Data/PlaybackEngines/WindowsStandaloneSupport/UnityEditor.WindowsStandalone.Extensions.dll
Registered in 0.009817 seconds.
- Loaded All Assemblies, in  0.442 seconds
Native extension for WindowsStandalone target not found
Mono: successfully reloaded assembly
- Finished resetting the current domain, in  0.254 seconds
Domain Reload Profiling: 693ms
	BeginReloadAssembly (134ms)
		ExecutionOrderSort (0ms)
		DisableScriptedObjects (0ms)
		BackupInstance (0ms)
		ReleaseScriptingObjects (0ms)
		CreateAndSetChildDomain (1ms)
	RebuildCommonClasses (46ms)
	RebuildNativeTypeToScriptingClass (13ms)
	initialDomainReloadingComplete (80ms)
	LoadAllAssembliesAndSetupDomain (166ms)
		LoadAssemblies (129ms)
		RebuildTransferFunctionScriptingTraits (0ms)
		AnalyzeDomain (163ms)
			TypeCache.Refresh (161ms)
				TypeCache.ScanAssembly (145ms)
			ScanForSourceGeneratedMonoScriptInfo (0ms)
			ResolveRequiredComponents (1ms)
	FinalizeReload (254ms)
		ReleaseScriptCaches (0ms)
		RebuildScriptCaches (0ms)
		SetupLoadedEditorAssemblies (195ms)
			LogAssemblyErrors (0ms)
			InitializePlatformSupportModulesInManaged (10ms)
			SetLoadedEditorAssemblies (7ms)
			RefreshPlugins (0ms)
			BeforeProcessingInitializeOnLoad (2ms)
			ProcessInitializeOnLoadAttributes (126ms)
			ProcessInitializeOnLoadMethodAttributes (50ms)
			AfterProcessingInitializeOnLoad (0ms)
			EditorAssembliesLoaded (0ms)
		ExecutionOrderSort2 (0ms)
		AwakeInstancesAfterBackupRestoration (0ms)
========================================================================
Worker process is ready to serve import requests
Begin MonoManager ReloadAssembly
Symbol file data-000001D12DBCFDF0 doesn't match image D:\WireWineRain\WireWineRain\Library\ScriptAssemblies\Assembly-CSharp.dll
Symbol file LoadedFromMemory is not a mono symbol file
Symbol file LoadedFromMemory doesn't match image D:\WireWineRain\WireWineRain\Library\PackageCache\com.unity.visualscripting@1.8.0\Editor\VisualScripting.Core\Dependencies\YamlDotNet\Unity.VisualScripting.YamlDotNet.dll
Symbol file LoadedFromMemory doesn't match image D:\WireWineRain\WireWineRain\Library\PackageCache\com.unity.visualscripting@1.8.0\Editor\VisualScripting.Core\Dependencies\DotNetZip\Unity.VisualScripting.IonicZip.dll
- Loaded All Assemblies, in  0.662 seconds
Refreshing native plugins compatible for Editor in 3.21 ms, found 3 plugins.
Native extension for WindowsStandalone target not found
Package Manager log level set to [2]
[Package Manager] Server::EnsureServerProcessIsRunning -- launch failed, reason: Unity was launched with the -noUpm command-line argument
[Package Manager] UpmClient::Send -- Unable to send message (not connected to UPM process).
[Package Manager] Cannot connect to Unity Package Manager local server
Mono: successfully reloaded assembly
- Finished resetting the current domain, in  0.557 seconds
Domain Reload Profiling: 1217ms
	BeginReloadAssembly (154ms)
		ExecutionOrderSort (0ms)
		DisableScriptedObjects (5ms)
		BackupInstance (0ms)
		ReleaseScriptingObjects (0ms)
		CreateAndSetChildDomain (25ms)
	RebuildCommonClasses (34ms)
	RebuildNativeTypeToScriptingClass (12ms)
	initialDomainReloadingComplete (33ms)
	LoadAllAssembliesAndSetupDomain (427ms)
		LoadAssemblies (322ms)
		RebuildTransferFunctionScriptingTraits (0ms)
		AnalyzeDomain (194ms)
			TypeCache.Refresh (171ms)
				TypeCache.ScanAssembly (155ms)
			ScanForSourceGeneratedMonoScriptInfo (17ms)
			ResolveRequiredComponents (4ms)
	FinalizeReload (558ms)
		ReleaseScriptCaches (0ms)
		RebuildScriptCaches (0ms)
		SetupLoadedEditorAssemblies (410ms)
			LogAssemblyErrors (0ms)
			InitializePlatformSupportModulesInManaged (7ms)
			SetLoadedEditorAssemblies (4ms)
			RefreshPlugins (0ms)
			BeforeProcessingInitializeOnLoad (67ms)
			ProcessInitializeOnLoadAttributes (295ms)
			ProcessInitializeOnLoadMethodAttributes (26ms)
			AfterProcessingInitializeOnLoad (11ms)
			EditorAssembliesLoaded (0ms)
		ExecutionOrderSort2 (0ms)
		AwakeInstancesAfterBackupRestoration (9ms)
Launched and connected shader compiler UnityShaderCompiler.exe after 0.04 seconds
Refreshing native plugins compatible for Editor in 3.42 ms, found 3 plugins.
Preloading 0 native plugins for Editor in 0.00 ms.
Unloading 3595 Unused Serialized files (Serialized files now loaded: 0)
Unloading 47 unused Assets / (60.1 KB). Loaded Objects now: 4108.
Memory consumption went from 137.1 MB to 137.1 MB.
Total: 3.409100 ms (FindLiveObjects: 0.398500 ms CreateObjectMapping: 0.098500 ms MarkObjects: 2.747900 ms  DeleteObjects: 0.162900 ms)

AssetImportParameters requested are different than current active one (requested -> active):
  custom:container-demuxer-ogg: 62fdf1f143b41e24485cea50d1cbac27 -> 
  custom:video-decoder-ogg-theora: a1e56fd34408186e4bbccfd4996cb3dc -> 
  custom:framework-win-MediaFoundation: 216162199b28c13a410421893ffa2e32 -> 
  custom:CustomObjectIndexerAttribute: 756ad292c208cfabdd7b50bc23989ffe -> 
  custom:container-demuxer-webm: 4f35f7cbe854078d1ac9338744f61a02 -> 
  custom:container-muxer-webm: aa71ff27fc2769a1b78a27578f13a17b -> 
  custom:video-decoder-webm-vp8: 9c59270c3fd7afecdb556c50c9e8de78 -> 
  custom:SearchIndexIgnoredProperties: e643bd26f0fe6173181afceb89e7c659 -> 
  custom:AudioImporter_EditorPlatform: d09bf68614088b80899f8185d706f6e7 -> 
  custom:video-encoder-webm-vp8: eb34c28f22e8b96e1ab97ce403110664 -> 
  custom:audio-decoder-ogg-vorbis: bf7c407c2cedff20999df2af8eb42d56 -> 
  custom:audio-encoder-webm-vorbis: bf7c407c2cedff20999df2af8eb42d56 -> 
========================================================================
Received Import Request.
  Time since last request: 859220.969465 seconds.
  path: Assets/Prefabs/Chunk2.prefab
  artifactKey: Guid(80e1faf2297a87d4e9ffaedb71ed287d) Importer(815301076,1909f56bfc062723c751e8b465ee728b)
Start importing Assets/Prefabs/Chunk2.prefab using Guid(80e1faf2297a87d4e9ffaedb71ed287d) Importer(815301076,1909f56bfc062723c751e8b465ee728b)  -> (artifact id: '038ebde8132a3192edb17d03b779813a') in 0.473533 seconds
Number of updated asset objects reloaded before import = 0
Number of asset objects unloaded after import = 1322
========================================================================
Received Import Request.
  Time since last request: 11.249155 seconds.
  path: Assets/Prefabs/Chunk2.prefab
  artifactKey: Guid(80e1faf2297a87d4e9ffaedb71ed287d) Importer(815301076,1909f56bfc062723c751e8b465ee728b)
Start importing Assets/Prefabs/Chunk2.prefab using Guid(80e1faf2297a87d4e9ffaedb71ed287d) Importer(815301076,1909f56bfc062723c751e8b465ee728b)  -> (artifact id: 'f62d47b787cbb12c272efe614664af67') in 0.252352 seconds
Number of updated asset objects reloaded before import = 0
Number of asset objects unloaded after import = 1322
========================================================================
Received Import Request.
  Time since last request: 0.000041 seconds.
  path: Assets/Prefabs/Chunk5.prefab
  artifactKey: Guid(2cb22debf8d98f841a49c0d3e2760f8c) Importer(815301076,1909f56bfc062723c751e8b465ee728b)
Start importing Assets/Prefabs/Chunk5.prefab using Guid(2cb22debf8d98f841a49c0d3e2760f8c) Importer(815301076,1909f56bfc062723c751e8b465ee728b)  -> (artifact id: 'df0c64ed2095fd0db4a8153ded82b9dd') in 0.246136 seconds
Number of updated asset objects reloaded before import = 0
Number of asset objects unloaded after import = 1360
========================================================================
Received Import Request.
  Time since last request: 12.379233 seconds.
  path: Assets/Prefabs/Chunk2.prefab
  artifactKey: Guid(80e1faf2297a87d4e9ffaedb71ed287d) Importer(815301076,1909f56bfc062723c751e8b465ee728b)
Start importing Assets/Prefabs/Chunk2.prefab using Guid(80e1faf2297a87d4e9ffaedb71ed287d) Importer(815301076,1909f56bfc062723c751e8b465ee728b)  -> (artifact id: 'c19567d4d539088b320a186e7d0f67ec') in 0.244002 seconds
Number of updated asset objects reloaded before import = 0
Number of asset objects unloaded after import = 1322
========================================================================
Received Import Request.
  Time since last request: 0.000025 seconds.
  path: Assets/Prefabs/Chunk6.prefab
  artifactKey: Guid(c65cace96eebbe849a6ffbe4fa70d95e) Importer(815301076,1909f56bfc062723c751e8b465ee728b)
Start importing Assets/Prefabs/Chunk6.prefab using Guid(c65cace96eebbe849a6ffbe4fa70d95e) Importer(815301076,1909f56bfc062723c751e8b465ee728b)  -> (artifact id: 'edd3d35a22c2b09606c1bd1e2a6d3019') in 0.232135 seconds
Number of updated asset objects reloaded before import = 0
Number of asset objects unloaded after import = 1180
========================================================================
Received Import Request.
  Time since last request: 3.324172 seconds.
  path: Assets/Prefabs/Chunk2.prefab
  artifactKey: Guid(80e1faf2297a87d4e9ffaedb71ed287d) Importer(815301076,1909f56bfc062723c751e8b465ee728b)
Start importing Assets/Prefabs/Chunk2.prefab using Guid(80e1faf2297a87d4e9ffaedb71ed287d) Importer(815301076,1909f56bfc062723c751e8b465ee728b)  -> (artifact id: 'bfa7224437f04b57611a98c416489ce7') in 0.244384 seconds
Number of updated asset objects reloaded before import = 0
Number of asset objects unloaded after import = 1322
========================================================================
Received Import Request.
  Time since last request: 0.000059 seconds.
  path: Assets/Prefabs/Chunk5.prefab
  artifactKey: Guid(2cb22debf8d98f841a49c0d3e2760f8c) Importer(815301076,1909f56bfc062723c751e8b465ee728b)
Start importing Assets/Prefabs/Chunk5.prefab using Guid(2cb22debf8d98f841a49c0d3e2760f8c) Importer(815301076,1909f56bfc062723c751e8b465ee728b)  -> (artifact id: '855bdd03afe2db150296ba617a80ced2') in 0.244229 seconds
Number of updated asset objects reloaded before import = 0
Number of asset objects unloaded after import = 1360
========================================================================
Received Import Request.
  Time since last request: 3.500758 seconds.
  path: Assets/Prefabs/Chunk2.prefab
  artifactKey: Guid(80e1faf2297a87d4e9ffaedb71ed287d) Importer(815301076,1909f56bfc062723c751e8b465ee728b)
Start importing Assets/Prefabs/Chunk2.prefab using Guid(80e1faf2297a87d4e9ffaedb71ed287d) Importer(815301076,1909f56bfc062723c751e8b465ee728b)  -> (artifact id: '6367ab85b62027f4a2a76422d00f7803') in 0.243692 seconds
Number of updated asset objects reloaded before import = 0
Number of asset objects unloaded after import = 1322
========================================================================
Received Import Request.
  Time since last request: 0.000039 seconds.
  path: Assets/Prefabs/Chunk5.prefab
  artifactKey: Guid(2cb22debf8d98f841a49c0d3e2760f8c) Importer(815301076,1909f56bfc062723c751e8b465ee728b)
Start importing Assets/Prefabs/Chunk5.prefab using Guid(2cb22debf8d98f841a49c0d3e2760f8c) Importer(815301076,1909f56bfc062723c751e8b465ee728b)  -> (artifact id: '425f5cb0cba50d2faa4ec621f1caf40a') in 0.243201 seconds
Number of updated asset objects reloaded before import = 0
Number of asset objects unloaded after import = 1360
========================================================================
Received Import Request.
  Time since last request: 35.575966 seconds.
  path: Assets/Prefabs/Chunk2.prefab
  artifactKey: Guid(80e1faf2297a87d4e9ffaedb71ed287d) Importer(815301076,1909f56bfc062723c751e8b465ee728b)
Start importing Assets/Prefabs/Chunk2.prefab using Guid(80e1faf2297a87d4e9ffaedb71ed287d) Importer(815301076,1909f56bfc062723c751e8b465ee728b)  -> (artifact id: '28c50fb8ae2f22c542756e5f47b73da6') in 0.248269 seconds
Number of updated asset objects reloaded before import = 0
Number of asset objects unloaded after import = 1322
========================================================================
Received Import Request.
  Time since last request: 0.000033 seconds.
  path: Assets/Prefabs/Chunk5.prefab
  artifactKey: Guid(2cb22debf8d98f841a49c0d3e2760f8c) Importer(815301076,1909f56bfc062723c751e8b465ee728b)
Start importing Assets/Prefabs/Chunk5.prefab using Guid(2cb22debf8d98f841a49c0d3e2760f8c) Importer(815301076,1909f56bfc062723c751e8b465ee728b)  -> (artifact id: '435c135d87edb36f5b0fd235b6acafdd') in 0.244545 seconds
Number of updated asset objects reloaded before import = 0
Number of asset objects unloaded after import = 1360
========================================================================
Received Prepare
Begin MonoManager ReloadAssembly
Symbol file data-000001D13110B020 doesn't match image D:\WireWineRain\WireWineRain\Library\ScriptAssemblies\Assembly-CSharp.dll
Symbol file LoadedFromMemory is not a mono symbol file
Symbol file LoadedFromMemory doesn't match image D:\WireWineRain\WireWineRain\Library\PackageCache\com.unity.visualscripting@1.8.0\Editor\VisualScripting.Core\Dependencies\YamlDotNet\Unity.VisualScripting.YamlDotNet.dll
Symbol file LoadedFromMemory doesn't match image D:\WireWineRain\WireWineRain\Library\PackageCache\com.unity.visualscripting@1.8.0\Editor\VisualScripting.Core\Dependencies\DotNetZip\Unity.VisualScripting.IonicZip.dll
- Loaded All Assemblies, in  0.444 seconds
Refreshing native plugins compatible for Editor in 3.47 ms, found 3 plugins.
Native extension for WindowsStandalone target not found
[Package Manager] Server::EnsureServerProcessIsRunning -- launch failed, reason: Unity was launched with the -noUpm command-line argument
[Package Manager] UpmClient::Send -- Unable to send message (not connected to UPM process).
[Package Manager] Cannot connect to Unity Package Manager local server
Mono: successfully reloaded assembly
- Finished resetting the current domain, in  0.941 seconds
Domain Reload Profiling: 1382ms
	BeginReloadAssembly (154ms)
		ExecutionOrderSort (0ms)
		DisableScriptedObjects (4ms)
		BackupInstance (0ms)
		ReleaseScriptingObjects (0ms)
		CreateAndSetChildDomain (40ms)
	RebuildCommonClasses (32ms)
	RebuildNativeTypeToScriptingClass (11ms)
	initialDomainReloadingComplete (30ms)
	LoadAllAssembliesAndSetupDomain (215ms)
		LoadAssemblies (283ms)
		RebuildTransferFunctionScriptingTraits (0ms)
		AnalyzeDomain (13ms)
			TypeCache.Refresh (7ms)
				TypeCache.ScanAssembly (0ms)
			ScanForSourceGeneratedMonoScriptInfo (0ms)
			ResolveRequiredComponents (4ms)
	FinalizeReload (941ms)
		ReleaseScriptCaches (0ms)
		RebuildScriptCaches (0ms)
		SetupLoadedEditorAssemblies (437ms)
			LogAssemblyErrors (0ms)
			InitializePlatformSupportModulesInManaged (7ms)
			SetLoadedEditorAssemblies (4ms)
			RefreshPlugins (0ms)
			BeforeProcessingInitializeOnLoad (79ms)
			ProcessInitializeOnLoadAttributes (303ms)
			ProcessInitializeOnLoadMethodAttributes (29ms)
			AfterProcessingInitializeOnLoad (13ms)
			EditorAssembliesLoaded (0ms)
		ExecutionOrderSort2 (0ms)
		AwakeInstancesAfterBackupRestoration (12ms)
Refreshing native plugins compatible for Editor in 3.90 ms, found 3 plugins.
Preloading 0 native plugins for Editor in 0.00 ms.
Unloading 3574 Unused Serialized files (Serialized files now loaded: 0)
Unloading 31 unused Assets / (33.1 KB). Loaded Objects now: 4120.
Memory consumption went from 138.0 MB to 138.0 MB.
Total: 3.293000 ms (FindLiveObjects: 0.551600 ms CreateObjectMapping: 0.092800 ms MarkObjects: 2.585000 ms  DeleteObjects: 0.062600 ms)

Prepare: number of updated asset objects reloaded= 0
AssetImportParameters requested are different than current active one (requested -> active):
  custom:container-demuxer-ogg: 62fdf1f143b41e24485cea50d1cbac27 -> 
  custom:video-decoder-ogg-theora: a1e56fd34408186e4bbccfd4996cb3dc -> 
  custom:framework-win-MediaFoundation: 216162199b28c13a410421893ffa2e32 -> 
  custom:CustomObjectIndexerAttribute: 756ad292c208cfabdd7b50bc23989ffe -> 
  custom:container-demuxer-webm: 4f35f7cbe854078d1ac9338744f61a02 -> 
  custom:container-muxer-webm: aa71ff27fc2769a1b78a27578f13a17b -> 
  custom:video-decoder-webm-vp8: 9c59270c3fd7afecdb556c50c9e8de78 -> 
  custom:SearchIndexIgnoredProperties: e643bd26f0fe6173181afceb89e7c659 -> 
  custom:AudioImporter_EditorPlatform: d09bf68614088b80899f8185d706f6e7 -> 
  custom:video-encoder-webm-vp8: eb34c28f22e8b96e1ab97ce403110664 -> 
  custom:audio-decoder-ogg-vorbis: bf7c407c2cedff20999df2af8eb42d56 -> 
  custom:audio-encoder-webm-vorbis: bf7c407c2cedff20999df2af8eb42d56 -> 
========================================================================
Received Import Request.
  Time since last request: 394.263981 seconds.
  path: Assets/Prefabs/Chunk1.prefab
  artifactKey: Guid(0da76c1e36e15114592cf44c15b3494a) Importer(815301076,1909f56bfc062723c751e8b465ee728b)
Start importing Assets/Prefabs/Chunk1.prefab using Guid(0da76c1e36e15114592cf44c15b3494a) Importer(815301076,1909f56bfc062723c751e8b465ee728b)  -> (artifact id: 'f3350f0c9893fa8968dec0e4dae8d247') in 0.250815 seconds
Number of updated asset objects reloaded before import = 0
Number of asset objects unloaded after import = 1251
========================================================================
Received Import Request.
  Time since last request: 0.000021 seconds.
  path: Assets/Prefabs/Chunk4.prefab
  artifactKey: Guid(9c176ddf5e594924e9dbdb8c64ba26e5) Importer(815301076,1909f56bfc062723c751e8b465ee728b)
Start importing Assets/Prefabs/Chunk4.prefab using Guid(9c176ddf5e594924e9dbdb8c64ba26e5) Importer(815301076,1909f56bfc062723c751e8b465ee728b)  -> (artifact id: 'e6c1dc5824e7517cce7f1d081d2da5db') in 0.222278 seconds
Number of updated asset objects reloaded before import = 0
Number of asset objects unloaded after import = 1448
========================================================================
Received Import Request.
  Time since last request: 0.000046 seconds.
  path: Assets/Prefabs/Chunk5.prefab
  artifactKey: Guid(2cb22debf8d98f841a49c0d3e2760f8c) Importer(815301076,1909f56bfc062723c751e8b465ee728b)
Start importing Assets/Prefabs/Chunk5.prefab using Guid(2cb22debf8d98f841a49c0d3e2760f8c) Importer(815301076,1909f56bfc062723c751e8b465ee728b)  -> (artifact id: 'd05bbeaa8eb08730bc41d6a6d63b0dee') in 0.202776 seconds
Number of updated asset objects reloaded before import = 0
Number of asset objects unloaded after import = 1360
========================================================================
Received Import Request.
  Time since last request: 2.896503 seconds.
  path: Assets/Prefabs/Chunk1.prefab
  artifactKey: Guid(0da76c1e36e15114592cf44c15b3494a) Importer(815301076,1909f56bfc062723c751e8b465ee728b)
Start importing Assets/Prefabs/Chunk1.prefab using Guid(0da76c1e36e15114592cf44c15b3494a) Importer(815301076,1909f56bfc062723c751e8b465ee728b)  -> (artifact id: 'efeec22eeb27c494579d41127269613e') in 0.204880 seconds
Number of updated asset objects reloaded before import = 0
Number of asset objects unloaded after import = 1251
========================================================================
Received Import Request.
  Time since last request: 0.000026 seconds.
  path: Assets/Prefabs/wwr lampost.prefab
  artifactKey: Guid(d290ab8e10650b24cac9edc4fc81a2a0) Importer(815301076,1909f56bfc062723c751e8b465ee728b)
Start importing Assets/Prefabs/wwr lampost.prefab using Guid(d290ab8e10650b24cac9edc4fc81a2a0) Importer(815301076,1909f56bfc062723c751e8b465ee728b)  -> (artifact id: 'd5b13ff6d699c12d145947c5c4311f17') in 0.098413 seconds
Number of updated asset objects reloaded before import = 0
Number of asset objects unloaded after import = 68
========================================================================
Received Import Request.
  Time since last request: 0.000039 seconds.
  path: Assets/Prefabs/Chunk6.prefab
  artifactKey: Guid(c65cace96eebbe849a6ffbe4fa70d95e) Importer(815301076,1909f56bfc062723c751e8b465ee728b)
Start importing Assets/Prefabs/Chunk6.prefab using Guid(c65cace96eebbe849a6ffbe4fa70d95e) Importer(815301076,1909f56bfc062723c751e8b465ee728b)  -> (artifact id: '86f19f07414585381ac30498ebf6b6a0') in 0.215121 seconds
Number of updated asset objects reloaded before import = 0
Number of asset objects unloaded after import = 1180
========================================================================
Received Import Request.
  Time since last request: 7.499970 seconds.
  path: Assets/Prefabs/Chunk1.prefab
  artifactKey: Guid(0da76c1e36e15114592cf44c15b3494a) Importer(815301076,1909f56bfc062723c751e8b465ee728b)
Start importing Assets/Prefabs/Chunk1.prefab using Guid(0da76c1e36e15114592cf44c15b3494a) Importer(815301076,1909f56bfc062723c751e8b465ee728b)  -> (artifact id: 'e3e1cdc285a110ac12c8298a15cab7c1') in 0.248068 seconds
Number of updated asset objects reloaded before import = 0
Number of asset objects unloaded after import = 1251
========================================================================
Received Import Request.
  Time since last request: 0.000038 seconds.
  path: Assets/Prefabs/Chunk6.prefab
  artifactKey: Guid(c65cace96eebbe849a6ffbe4fa70d95e) Importer(815301076,1909f56bfc062723c751e8b465ee728b)
Start importing Assets/Prefabs/Chunk6.prefab using Guid(c65cace96eebbe849a6ffbe4fa70d95e) Importer(815301076,1909f56bfc062723c751e8b465ee728b)  -> (artifact id: 'cbc53224577ae3afd9d2dca9584dcf9e') in 0.242603 seconds
Number of updated asset objects reloaded before import = 0
Number of asset objects unloaded after import = 1180
========================================================================
Received Import Request.
  Time since last request: 8.952462 seconds.
  path: Assets/Prefabs/Chunk1.prefab
  artifactKey: Guid(0da76c1e36e15114592cf44c15b3494a) Importer(815301076,1909f56bfc062723c751e8b465ee728b)
Start importing Assets/Prefabs/Chunk1.prefab using Guid(0da76c1e36e15114592cf44c15b3494a) Importer(815301076,1909f56bfc062723c751e8b465ee728b)  -> (artifact id: 'ac3c5537c76b829152782bff9281687e') in 0.245559 seconds
Number of updated asset objects reloaded before import = 0
Number of asset objects unloaded after import = 1251
========================================================================
Received Import Request.
  Time since last request: 0.000033 seconds.
  path: Assets/Prefabs/Chunk6.prefab
  artifactKey: Guid(c65cace96eebbe849a6ffbe4fa70d95e) Importer(815301076,1909f56bfc062723c751e8b465ee728b)
Start importing Assets/Prefabs/Chunk6.prefab using Guid(c65cace96eebbe849a6ffbe4fa70d95e) Importer(815301076,1909f56bfc062723c751e8b465ee728b)  -> (artifact id: 'cd4bd4e4718d90dcec8c39e2687ee673') in 0.236732 seconds
Number of updated asset objects reloaded before import = 0
Number of asset objects unloaded after import = 1180
========================================================================
Received Prepare
Begin MonoManager ReloadAssembly
Symbol file data-000001D139E6F3F0 doesn't match image D:\WireWineRain\WireWineRain\Library\ScriptAssemblies\Assembly-CSharp.dll
Symbol file LoadedFromMemory is not a mono symbol file
Symbol file LoadedFromMemory doesn't match image D:\WireWineRain\WireWineRain\Library\PackageCache\com.unity.visualscripting@1.8.0\Editor\VisualScripting.Core\Dependencies\YamlDotNet\Unity.VisualScripting.YamlDotNet.dll
Symbol file LoadedFromMemory doesn't match image D:\WireWineRain\WireWineRain\Library\PackageCache\com.unity.visualscripting@1.8.0\Editor\VisualScripting.Core\Dependencies\DotNetZip\Unity.VisualScripting.IonicZip.dll
- Loaded All Assemblies, in  0.526 seconds
Refreshing native plugins compatible for Editor in 3.21 ms, found 3 plugins.
Native extension for WindowsStandalone target not found
[Package Manager] Server::EnsureServerProcessIsRunning -- launch failed, reason: Unity was launched with the -noUpm command-line argument
[Package Manager] UpmClient::Send -- Unable to send message (not connected to UPM process).
[Package Manager] Cannot connect to Unity Package Manager local server
Mono: successfully reloaded assembly
- Finished resetting the current domain, in  0.998 seconds
Domain Reload Profiling: 1519ms
	BeginReloadAssembly (176ms)
		ExecutionOrderSort (0ms)
		DisableScriptedObjects (4ms)
		BackupInstance (0ms)
		ReleaseScriptingObjects (0ms)
		CreateAndSetChildDomain (38ms)
	RebuildCommonClasses (45ms)
	RebuildNativeTypeToScriptingClass (17ms)
	initialDomainReloadingComplete (39ms)
	LoadAllAssembliesAndSetupDomain (245ms)
		LoadAssemblies (337ms)
		RebuildTransferFunctionScriptingTraits (0ms)
		AnalyzeDomain (12ms)
			TypeCache.Refresh (6ms)
				TypeCache.ScanAssembly (0ms)
			ScanForSourceGeneratedMonoScriptInfo (0ms)
			ResolveRequiredComponents (4ms)
	FinalizeReload (998ms)
		ReleaseScriptCaches (0ms)
		RebuildScriptCaches (0ms)
		SetupLoadedEditorAssemblies (447ms)
			LogAssemblyErrors (0ms)
			InitializePlatformSupportModulesInManaged (8ms)
			SetLoadedEditorAssemblies (6ms)
			RefreshPlugins (0ms)
			BeforeProcessingInitializeOnLoad (80ms)
			ProcessInitializeOnLoadAttributes (311ms)
			ProcessInitializeOnLoadMethodAttributes (30ms)
			AfterProcessingInitializeOnLoad (13ms)
			EditorAssembliesLoaded (0ms)
		ExecutionOrderSort2 (0ms)
		AwakeInstancesAfterBackupRestoration (12ms)
Refreshing native plugins compatible for Editor in 4.45 ms, found 3 plugins.
Preloading 0 native plugins for Editor in 0.00 ms.
Unloading 3574 Unused Serialized files (Serialized files now loaded: 0)
Unloading 31 unused Assets / (33.2 KB). Loaded Objects now: 4123.
Memory consumption went from 138.3 MB to 138.3 MB.
Total: 4.283900 ms (FindLiveObjects: 0.456900 ms CreateObjectMapping: 0.092300 ms MarkObjects: 3.618400 ms  DeleteObjects: 0.114800 ms)

Prepare: number of updated asset objects reloaded= 0
AssetImportParameters requested are different than current active one (requested -> active):
  custom:container-demuxer-ogg: 62fdf1f143b41e24485cea50d1cbac27 -> 
  custom:video-decoder-ogg-theora: a1e56fd34408186e4bbccfd4996cb3dc -> 
  custom:framework-win-MediaFoundation: 216162199b28c13a410421893ffa2e32 -> 
  custom:CustomObjectIndexerAttribute: 756ad292c208cfabdd7b50bc23989ffe -> 
  custom:container-demuxer-webm: 4f35f7cbe854078d1ac9338744f61a02 -> 
  custom:container-muxer-webm: aa71ff27fc2769a1b78a27578f13a17b -> 
  custom:video-decoder-webm-vp8: 9c59270c3fd7afecdb556c50c9e8de78 -> 
  custom:SearchIndexIgnoredProperties: e643bd26f0fe6173181afceb89e7c659 -> 
  custom:AudioImporter_EditorPlatform: d09bf68614088b80899f8185d706f6e7 -> 
  custom:video-encoder-webm-vp8: eb34c28f22e8b96e1ab97ce403110664 -> 
  custom:audio-decoder-ogg-vorbis: bf7c407c2cedff20999df2af8eb42d56 -> 
  custom:audio-encoder-webm-vorbis: bf7c407c2cedff20999df2af8eb42d56 -> 
