Using pre-set license
Built from '2022.3/staging' branch; Version is '2022.3.7f1 (b16b3b16c7a0) revision 11627323'; Using compiler version '192829333'; Build Type 'Release'
OS: 'Windows 10  (10.0.19045) 64bit Core' Language: 'en' Physical Memory: 32681 MB
BatchMode: 1, IsHumanControllingUs: 0, StartBugReporterOnCrash: 0, Is64bit: 1, IsPro: 1

COMMAND LINE ARGUMENTS:
C:\Program Files\Unity 2022.3.7f1\Editor\Unity.exe
-adb2
-batchMode
-noUpm
-name
AssetImportWorker6
-projectPath
D:/WireWineRain/WireWineRain
-logFile
Logs/AssetImportWorker6.log
-srvPort
62495
Successfully changed project path to: D:/WireWineRain/WireWineRain
D:/WireWineRain/WireWineRain
[UnityMemory] Configuration Parameters - Can be set up in boot.config
    "memorysetup-bucket-allocator-granularity=16"
    "memorysetup-bucket-allocator-bucket-count=8"
    "memorysetup-bucket-allocator-block-size=33554432"
    "memorysetup-bucket-allocator-block-count=8"
    "memorysetup-main-allocator-block-size=16777216"
    "memorysetup-thread-allocator-block-size=16777216"
    "memorysetup-gfx-main-allocator-block-size=16777216"
    "memorysetup-gfx-thread-allocator-block-size=16777216"
    "memorysetup-cache-allocator-block-size=4194304"
    "memorysetup-typetree-allocator-block-size=2097152"
    "memorysetup-profiler-bucket-allocator-granularity=16"
    "memorysetup-profiler-bucket-allocator-bucket-count=8"
    "memorysetup-profiler-bucket-allocator-block-size=33554432"
    "memorysetup-profiler-bucket-allocator-block-count=8"
    "memorysetup-profiler-allocator-block-size=16777216"
    "memorysetup-profiler-editor-allocator-block-size=1048576"
    "memorysetup-temp-allocator-size-main=16777216"
    "memorysetup-job-temp-allocator-block-size=2097152"
    "memorysetup-job-temp-allocator-block-size-background=1048576"
    "memorysetup-job-temp-allocator-reduction-small-platforms=262144"
    "memorysetup-allocator-temp-initial-block-size-main=262144"
    "memorysetup-allocator-temp-initial-block-size-worker=262144"
    "memorysetup-temp-allocator-size-background-worker=32768"
    "memorysetup-temp-allocator-size-job-worker=262144"
    "memorysetup-temp-allocator-size-preload-manager=33554432"
    "memorysetup-temp-allocator-size-nav-mesh-worker=65536"
    "memorysetup-temp-allocator-size-audio-worker=65536"
    "memorysetup-temp-allocator-size-cloud-worker=32768"
    "memorysetup-temp-allocator-size-gi-baking-worker=262144"
    "memorysetup-temp-allocator-size-gfx=262144"
Player connection [8396] Host "[IP] 192.168.0.122 [Port] 0 [Flags] 2 [Guid] 3415028020 [EditorId] 3415028020 [Version] 1048832 [Id] WindowsEditor(7,DESKTOP-2TQOVH1) [Debug] 1 [PackageName] WindowsEditor [ProjectName] Editor" joined multi-casting on [225.0.0.222:54997]...

Player connection [8396] Host "[IP] 192.168.0.122 [Port] 0 [Flags] 2 [Guid] 3415028020 [EditorId] 3415028020 [Version] 1048832 [Id] WindowsEditor(7,DESKTOP-2TQOVH1) [Debug] 1 [PackageName] WindowsEditor [ProjectName] Editor" joined alternative multi-casting on [225.0.0.222:34997]...

Refreshing native plugins compatible for Editor in 10.05 ms, found 3 plugins.
Preloading 0 native plugins for Editor in 0.00 ms.
Initialize engine version: 2022.3.7f1 (b16b3b16c7a0)
[Subsystems] Discovering subsystems at path C:/Program Files/Unity 2022.3.7f1/Editor/Data/Resources/UnitySubsystems
[Subsystems] Discovering subsystems at path D:/WireWineRain/WireWineRain/Assets
GfxDevice: creating device client; threaded=0; jobified=0
Direct3D:
    Version:  Direct3D 11.0 [level 11.1]
    Renderer: AMD Radeon RX 5600 XT (ID=0x731f)
    Vendor:   ATI
    VRAM:     6103 MB
    Driver:   31.0.23013.1023
Initialize mono
Mono path[0] = 'C:/Program Files/Unity 2022.3.7f1/Editor/Data/Managed'
Mono path[1] = 'C:/Program Files/Unity 2022.3.7f1/Editor/Data/MonoBleedingEdge/lib/mono/unityjit-win32'
Mono config path = 'C:/Program Files/Unity 2022.3.7f1/Editor/Data/MonoBleedingEdge/etc'
Using monoOptions --debugger-agent=transport=dt_socket,embedding=1,server=y,suspend=n,address=127.0.0.1:56088
Begin MonoManager ReloadAssembly
Registering precompiled unity dll's ...
Register platform support module: C:/Program Files/Unity 2022.3.7f1/Editor/Data/PlaybackEngines/WindowsStandaloneSupport/UnityEditor.WindowsStandalone.Extensions.dll
Registered in 0.011102 seconds.
- Loaded All Assemblies, in  0.375 seconds
Native extension for WindowsStandalone target not found
Mono: successfully reloaded assembly
- Finished resetting the current domain, in  0.274 seconds
Domain Reload Profiling: 647ms
	BeginReloadAssembly (116ms)
		ExecutionOrderSort (0ms)
		DisableScriptedObjects (0ms)
		BackupInstance (0ms)
		ReleaseScriptingObjects (0ms)
		CreateAndSetChildDomain (1ms)
	RebuildCommonClasses (38ms)
	RebuildNativeTypeToScriptingClass (14ms)
	initialDomainReloadingComplete (70ms)
	LoadAllAssembliesAndSetupDomain (134ms)
		LoadAssemblies (112ms)
		RebuildTransferFunctionScriptingTraits (0ms)
		AnalyzeDomain (133ms)
			TypeCache.Refresh (131ms)
				TypeCache.ScanAssembly (117ms)
			ScanForSourceGeneratedMonoScriptInfo (0ms)
			ResolveRequiredComponents (0ms)
	FinalizeReload (274ms)
		ReleaseScriptCaches (0ms)
		RebuildScriptCaches (0ms)
		SetupLoadedEditorAssemblies (212ms)
			LogAssemblyErrors (0ms)
			InitializePlatformSupportModulesInManaged (9ms)
			SetLoadedEditorAssemblies (7ms)
			RefreshPlugins (0ms)
			BeforeProcessingInitializeOnLoad (2ms)
			ProcessInitializeOnLoadAttributes (142ms)
			ProcessInitializeOnLoadMethodAttributes (53ms)
			AfterProcessingInitializeOnLoad (0ms)
			EditorAssembliesLoaded (0ms)
		ExecutionOrderSort2 (0ms)
		AwakeInstancesAfterBackupRestoration (0ms)
========================================================================
Worker process is ready to serve import requests
Begin MonoManager ReloadAssembly
Symbol file LoadedFromMemory doesn't match image D:\WireWineRain\WireWineRain\Library\PackageCache\com.unity.visualscripting@1.8.0\Editor\VisualScripting.Core\Dependencies\YamlDotNet\Unity.VisualScripting.YamlDotNet.dll
Symbol file LoadedFromMemory doesn't match image D:\WireWineRain\WireWineRain\Library\PackageCache\com.unity.visualscripting@1.8.0\Editor\VisualScripting.Core\Dependencies\DotNetZip\Unity.VisualScripting.IonicZip.dll
- Loaded All Assemblies, in  0.776 seconds
Refreshing native plugins compatible for Editor in 4.22 ms, found 3 plugins.
Native extension for WindowsStandalone target not found
Package Manager log level set to [2]
[Package Manager] Server::EnsureServerProcessIsRunning -- launch failed, reason: Unity was launched with the -noUpm command-line argument
[Package Manager] UpmClient::Send -- Unable to send message (not connected to UPM process).
[Package Manager] Cannot connect to Unity Package Manager local server
Mono: successfully reloaded assembly
- Finished resetting the current domain, in  0.631 seconds
Domain Reload Profiling: 1405ms
	BeginReloadAssembly (157ms)
		ExecutionOrderSort (0ms)
		DisableScriptedObjects (5ms)
		BackupInstance (0ms)
		ReleaseScriptingObjects (0ms)
		CreateAndSetChildDomain (23ms)
	RebuildCommonClasses (33ms)
	RebuildNativeTypeToScriptingClass (12ms)
	initialDomainReloadingComplete (35ms)
	LoadAllAssembliesAndSetupDomain (537ms)
		LoadAssemblies (357ms)
		RebuildTransferFunctionScriptingTraits (0ms)
		AnalyzeDomain (274ms)
			TypeCache.Refresh (241ms)
				TypeCache.ScanAssembly (220ms)
			ScanForSourceGeneratedMonoScriptInfo (25ms)
			ResolveRequiredComponents (5ms)
	FinalizeReload (631ms)
		ReleaseScriptCaches (0ms)
		RebuildScriptCaches (0ms)
		SetupLoadedEditorAssemblies (460ms)
			LogAssemblyErrors (0ms)
			InitializePlatformSupportModulesInManaged (7ms)
			SetLoadedEditorAssemblies (5ms)
			RefreshPlugins (0ms)
			BeforeProcessingInitializeOnLoad (80ms)
			ProcessInitializeOnLoadAttributes (326ms)
			ProcessInitializeOnLoadMethodAttributes (31ms)
			AfterProcessingInitializeOnLoad (12ms)
			EditorAssembliesLoaded (0ms)
		ExecutionOrderSort2 (0ms)
		AwakeInstancesAfterBackupRestoration (10ms)
Launched and connected shader compiler UnityShaderCompiler.exe after 0.08 seconds
Refreshing native plugins compatible for Editor in 4.84 ms, found 3 plugins.
Preloading 0 native plugins for Editor in 0.00 ms.
Unloading 3594 Unused Serialized files (Serialized files now loaded: 0)
Unloading 47 unused Assets / (60.4 KB). Loaded Objects now: 4106.
Memory consumption went from 137.1 MB to 137.0 MB.
Total: 6.121200 ms (FindLiveObjects: 0.485100 ms CreateObjectMapping: 0.122000 ms MarkObjects: 4.948300 ms  DeleteObjects: 0.563500 ms)

AssetImportParameters requested are different than current active one (requested -> active):
  custom:container-demuxer-ogg: 62fdf1f143b41e24485cea50d1cbac27 -> 
  custom:video-decoder-ogg-theora: a1e56fd34408186e4bbccfd4996cb3dc -> 
  custom:framework-win-MediaFoundation: 216162199b28c13a410421893ffa2e32 -> 
  custom:CustomObjectIndexerAttribute: 756ad292c208cfabdd7b50bc23989ffe -> 
  custom:container-demuxer-webm: 4f35f7cbe854078d1ac9338744f61a02 -> 
  custom:container-muxer-webm: aa71ff27fc2769a1b78a27578f13a17b -> 
  custom:video-decoder-webm-vp8: 9c59270c3fd7afecdb556c50c9e8de78 -> 
  custom:SearchIndexIgnoredProperties: e643bd26f0fe6173181afceb89e7c659 -> 
  custom:AudioImporter_EditorPlatform: d09bf68614088b80899f8185d706f6e7 -> 
  custom:video-encoder-webm-vp8: eb34c28f22e8b96e1ab97ce403110664 -> 
  custom:audio-decoder-ogg-vorbis: bf7c407c2cedff20999df2af8eb42d56 -> 
  custom:audio-encoder-webm-vorbis: bf7c407c2cedff20999df2af8eb42d56 -> 
========================================================================
Received Import Request.
  Time since last request: 834418.114309 seconds.
  path: Assets/modles/belt.mat
  artifactKey: Guid(8a63a1da461f5484aac226e55b10c1ce) Importer(815301076,1909f56bfc062723c751e8b465ee728b)
Start importing Assets/modles/belt.mat using Guid(8a63a1da461f5484aac226e55b10c1ce) Importer(815301076,1909f56bfc062723c751e8b465ee728b)  -> (artifact id: '7336405a91623ceb8b5056666deccdea') in 0.138070 seconds
Number of updated asset objects reloaded before import = 0
Number of asset objects unloaded after import = 1
========================================================================
Received Import Request.
  Time since last request: 0.000025 seconds.
  path: Assets/modles/hand.mat
  artifactKey: Guid(698f84c50d1d27d4c842958d6a96077b) Importer(815301076,1909f56bfc062723c751e8b465ee728b)
Start importing Assets/modles/hand.mat using Guid(698f84c50d1d27d4c842958d6a96077b) Importer(815301076,1909f56bfc062723c751e8b465ee728b)  -> (artifact id: 'ef7fe01dbd1c499212535896307d861b') in 0.016094 seconds
Number of updated asset objects reloaded before import = 0
Number of asset objects unloaded after import = 1
========================================================================
Received Import Request.
  Time since last request: 0.000020 seconds.
  path: Assets/modles/chest.mat
  artifactKey: Guid(4452fa4d03ed5dd4e8755043f1d76b36) Importer(815301076,1909f56bfc062723c751e8b465ee728b)
Start importing Assets/modles/chest.mat using Guid(4452fa4d03ed5dd4e8755043f1d76b36) Importer(815301076,1909f56bfc062723c751e8b465ee728b)  -> (artifact id: 'b0ed785c2a87384164cdeb81ddb66be9') in 0.015608 seconds
Number of updated asset objects reloaded before import = 0
Number of asset objects unloaded after import = 1
========================================================================
Received Import Request.
  Time since last request: 0.000016 seconds.
  path: Assets/modles/wwr lampost.fbx
  artifactKey: Guid(d27ebb25955307b409bf79c76ede4ba9) Importer(815301076,1909f56bfc062723c751e8b465ee728b)
Start importing Assets/modles/wwr lampost.fbx using Guid(d27ebb25955307b409bf79c76ede4ba9) Importer(815301076,1909f56bfc062723c751e8b465ee728b)  -> (artifact id: '640dd54044556b6a2af159525e523072') in 0.078341 seconds
Number of updated asset objects reloaded before import = 0
Number of asset objects unloaded after import = 13
========================================================================
Received Import Request.
  Time since last request: 0.000023 seconds.
  path: Assets/modles/collar.mat
  artifactKey: Guid(45fc8020d9630a343a7e9337e468abb5) Importer(815301076,1909f56bfc062723c751e8b465ee728b)
Start importing Assets/modles/collar.mat using Guid(45fc8020d9630a343a7e9337e468abb5) Importer(815301076,1909f56bfc062723c751e8b465ee728b)  -> (artifact id: '3f31f9e29d2f741b69a06806e0bd97d6') in 0.016818 seconds
Number of updated asset objects reloaded before import = 0
Number of asset objects unloaded after import = 1
========================================================================
Received Import Request.
  Time since last request: 0.000028 seconds.
  path: Assets/modles/torso.mat
  artifactKey: Guid(95c1fca5abb1bbb44a07070d829f678b) Importer(815301076,1909f56bfc062723c751e8b465ee728b)
Start importing Assets/modles/torso.mat using Guid(95c1fca5abb1bbb44a07070d829f678b) Importer(815301076,1909f56bfc062723c751e8b465ee728b)  -> (artifact id: '9478eb85318807cdbfccd97828ed8b72') in 0.015547 seconds
Number of updated asset objects reloaded before import = 0
Number of asset objects unloaded after import = 1
========================================================================
Received Import Request.
  Time since last request: 0.000015 seconds.
  path: Assets/modles/wwr house 4.fbx
  artifactKey: Guid(11527f99887a81c4e87192e788214c24) Importer(815301076,1909f56bfc062723c751e8b465ee728b)
Start importing Assets/modles/wwr house 4.fbx using Guid(11527f99887a81c4e87192e788214c24) Importer(815301076,1909f56bfc062723c751e8b465ee728b)  -> (artifact id: '991a85784dc6d8a73441d5a3012e72ed') in 0.058159 seconds
Number of updated asset objects reloaded before import = 0
Number of asset objects unloaded after import = 19
========================================================================
Received Import Request.
  Time since last request: 0.000034 seconds.
  path: Assets/modles/lambert2.mat
  artifactKey: Guid(115c68d04ca1a2b40bebb11ead7a93fd) Importer(815301076,1909f56bfc062723c751e8b465ee728b)
Start importing Assets/modles/lambert2.mat using Guid(115c68d04ca1a2b40bebb11ead7a93fd) Importer(815301076,1909f56bfc062723c751e8b465ee728b)  -> (artifact id: 'f2a80b8f112b115b0da01703c2334994') in 0.016844 seconds
Number of updated asset objects reloaded before import = 0
Number of asset objects unloaded after import = 1
========================================================================
Received Import Request.
  Time since last request: 0.000025 seconds.
  path: Assets/modles/wwr lampost 2.fbx
  artifactKey: Guid(5ccfc91eff2675945b3dd31513c15994) Importer(815301076,1909f56bfc062723c751e8b465ee728b)
Start importing Assets/modles/wwr lampost 2.fbx using Guid(5ccfc91eff2675945b3dd31513c15994) Importer(815301076,1909f56bfc062723c751e8b465ee728b)  -> (artifact id: 'f1dfe59dee25678b53055724e7bdcb66') in 0.050674 seconds
Number of updated asset objects reloaded before import = 0
Number of asset objects unloaded after import = 13
========================================================================
Received Import Request.
  Time since last request: 0.000021 seconds.
  path: Assets/modles/wwr house 3.fbx
  artifactKey: Guid(1d485fd7ee1b5dc49b4e2170300fcdd1) Importer(815301076,1909f56bfc062723c751e8b465ee728b)
Start importing Assets/modles/wwr house 3.fbx using Guid(1d485fd7ee1b5dc49b4e2170300fcdd1) Importer(815301076,1909f56bfc062723c751e8b465ee728b)  -> (artifact id: '4392e7ec497b94bb8f25c71b32e1d7be') in 0.064270 seconds
Number of updated asset objects reloaded before import = 0
Number of asset objects unloaded after import = 19
========================================================================
Received Import Request.
  Time since last request: 0.000021 seconds.
  path: Assets/modles/sock.mat
  artifactKey: Guid(1de11d4376288d84197ce3540c318247) Importer(815301076,1909f56bfc062723c751e8b465ee728b)
Start importing Assets/modles/sock.mat using Guid(1de11d4376288d84197ce3540c318247) Importer(815301076,1909f56bfc062723c751e8b465ee728b)  -> (artifact id: 'cd865e1f70b389eeb2d34e6436b57e50') in 0.015702 seconds
Number of updated asset objects reloaded before import = 0
Number of asset objects unloaded after import = 1
========================================================================
Received Import Request.
  Time since last request: 0.000034 seconds.
  path: Assets/modles/shoe.mat
  artifactKey: Guid(4cf2f89d2423bbc4caadd0a3d7276e4b) Importer(815301076,1909f56bfc062723c751e8b465ee728b)
Start importing Assets/modles/shoe.mat using Guid(4cf2f89d2423bbc4caadd0a3d7276e4b) Importer(815301076,1909f56bfc062723c751e8b465ee728b)  -> (artifact id: '7d11d4e89c94f0178bb14d4b02e86224') in 0.015620 seconds
Number of updated asset objects reloaded before import = 0
Number of asset objects unloaded after import = 1
Editor requested this worker to shutdown with reason: Scaling down because of idle timeout
TcpMessagingSession - receive error: operation aborted. errorcode: 995, details: The I/O operation has been aborted because of either a thread exit or an application request.
AssetImportWorker is now disconnected from the server
Process exiting
Exiting without the bug reporter. Application will terminate with return code 0