Using pre-set license
Built from '2022.3/staging' branch; Version is '2022.3.7f1 (b16b3b16c7a0) revision 11627323'; Using compiler version '192829333'; Build Type 'Release'
OS: 'Windows 10  (10.0.19045) 64bit Core' Language: 'en' Physical Memory: 32681 MB
BatchMode: 1, IsHumanControllingUs: 0, StartBugReporterOnCrash: 0, Is64bit: 1, IsPro: 1

COMMAND LINE ARGUMENTS:
C:\Program Files\Unity 2022.3.7f1\Editor\Unity.exe
-adb2
-batchMode
-noUpm
-name
AssetImportWorker12
-projectPath
D:/WireWineRain/WireWineRain
-logFile
Logs/AssetImportWorker12.log
-srvPort
49647
Successfully changed project path to: D:/WireWineRain/WireWineRain
D:/WireWineRain/WireWineRain
[UnityMemory] Configuration Parameters - Can be set up in boot.config
    "memorysetup-bucket-allocator-granularity=16"
    "memorysetup-bucket-allocator-bucket-count=8"
    "memorysetup-bucket-allocator-block-size=33554432"
    "memorysetup-bucket-allocator-block-count=8"
    "memorysetup-main-allocator-block-size=16777216"
    "memorysetup-thread-allocator-block-size=16777216"
    "memorysetup-gfx-main-allocator-block-size=16777216"
    "memorysetup-gfx-thread-allocator-block-size=16777216"
    "memorysetup-cache-allocator-block-size=4194304"
    "memorysetup-typetree-allocator-block-size=2097152"
    "memorysetup-profiler-bucket-allocator-granularity=16"
    "memorysetup-profiler-bucket-allocator-bucket-count=8"
    "memorysetup-profiler-bucket-allocator-block-size=33554432"
    "memorysetup-profiler-bucket-allocator-block-count=8"
    "memorysetup-profiler-allocator-block-size=16777216"
    "memorysetup-profiler-editor-allocator-block-size=1048576"
    "memorysetup-temp-allocator-size-main=16777216"
    "memorysetup-job-temp-allocator-block-size=2097152"
    "memorysetup-job-temp-allocator-block-size-background=1048576"
    "memorysetup-job-temp-allocator-reduction-small-platforms=262144"
    "memorysetup-allocator-temp-initial-block-size-main=262144"
    "memorysetup-allocator-temp-initial-block-size-worker=262144"
    "memorysetup-temp-allocator-size-background-worker=32768"
    "memorysetup-temp-allocator-size-job-worker=262144"
    "memorysetup-temp-allocator-size-preload-manager=33554432"
    "memorysetup-temp-allocator-size-nav-mesh-worker=65536"
    "memorysetup-temp-allocator-size-audio-worker=65536"
    "memorysetup-temp-allocator-size-cloud-worker=32768"
    "memorysetup-temp-allocator-size-gi-baking-worker=262144"
    "memorysetup-temp-allocator-size-gfx=262144"
Player connection [18792] Host "[IP] 192.168.0.122 [Port] 0 [Flags] 2 [Guid] 2486819757 [EditorId] 2486819757 [Version] 1048832 [Id] WindowsEditor(7,DESKTOP-2TQOVH1) [Debug] 1 [PackageName] WindowsEditor [ProjectName] Editor" joined multi-casting on [225.0.0.222:54997]...

Player connection [18792] Host "[IP] 192.168.0.122 [Port] 0 [Flags] 2 [Guid] 2486819757 [EditorId] 2486819757 [Version] 1048832 [Id] WindowsEditor(7,DESKTOP-2TQOVH1) [Debug] 1 [PackageName] WindowsEditor [ProjectName] Editor" joined alternative multi-casting on [225.0.0.222:34997]...

Refreshing native plugins compatible for Editor in 10.14 ms, found 3 plugins.
Preloading 0 native plugins for Editor in 0.00 ms.
Initialize engine version: 2022.3.7f1 (b16b3b16c7a0)
[Subsystems] Discovering subsystems at path C:/Program Files/Unity 2022.3.7f1/Editor/Data/Resources/UnitySubsystems
[Subsystems] Discovering subsystems at path D:/WireWineRain/WireWineRain/Assets
GfxDevice: creating device client; threaded=0; jobified=0
Direct3D:
    Version:  Direct3D 11.0 [level 11.1]
    Renderer: AMD Radeon RX 5600 XT (ID=0x731f)
    Vendor:   ATI
    VRAM:     6103 MB
    Driver:   31.0.23013.1023
Initialize mono
Mono path[0] = 'C:/Program Files/Unity 2022.3.7f1/Editor/Data/Managed'
Mono path[1] = 'C:/Program Files/Unity 2022.3.7f1/Editor/Data/MonoBleedingEdge/lib/mono/unityjit-win32'
Mono config path = 'C:/Program Files/Unity 2022.3.7f1/Editor/Data/MonoBleedingEdge/etc'
Using monoOptions --debugger-agent=transport=dt_socket,embedding=1,server=y,suspend=n,address=127.0.0.1:56772
Begin MonoManager ReloadAssembly
Registering precompiled unity dll's ...
Register platform support module: C:/Program Files/Unity 2022.3.7f1/Editor/Data/PlaybackEngines/WindowsStandaloneSupport/UnityEditor.WindowsStandalone.Extensions.dll
Registered in 0.008075 seconds.
- Loaded All Assemblies, in  0.360 seconds
Native extension for WindowsStandalone target not found
Mono: successfully reloaded assembly
- Finished resetting the current domain, in  0.261 seconds
Domain Reload Profiling: 619ms
	BeginReloadAssembly (109ms)
		ExecutionOrderSort (0ms)
		DisableScriptedObjects (0ms)
		BackupInstance (0ms)
		ReleaseScriptingObjects (0ms)
		CreateAndSetChildDomain (1ms)
	RebuildCommonClasses (38ms)
	RebuildNativeTypeToScriptingClass (11ms)
	initialDomainReloadingComplete (59ms)
	LoadAllAssembliesAndSetupDomain (140ms)
		LoadAssemblies (106ms)
		RebuildTransferFunctionScriptingTraits (0ms)
		AnalyzeDomain (138ms)
			TypeCache.Refresh (136ms)
				TypeCache.ScanAssembly (123ms)
			ScanForSourceGeneratedMonoScriptInfo (0ms)
			ResolveRequiredComponents (0ms)
	FinalizeReload (262ms)
		ReleaseScriptCaches (0ms)
		RebuildScriptCaches (0ms)
		SetupLoadedEditorAssemblies (202ms)
			LogAssemblyErrors (0ms)
			InitializePlatformSupportModulesInManaged (10ms)
			SetLoadedEditorAssemblies (8ms)
			RefreshPlugins (0ms)
			BeforeProcessingInitializeOnLoad (2ms)
			ProcessInitializeOnLoadAttributes (133ms)
			ProcessInitializeOnLoadMethodAttributes (50ms)
			AfterProcessingInitializeOnLoad (0ms)
			EditorAssembliesLoaded (0ms)
		ExecutionOrderSort2 (0ms)
		AwakeInstancesAfterBackupRestoration (0ms)
========================================================================
Worker process is ready to serve import requests
Begin MonoManager ReloadAssembly
Symbol file data-000001F82728F090 doesn't match image D:\WireWineRain\WireWineRain\Library\ScriptAssemblies\Assembly-CSharp.dll
Symbol file LoadedFromMemory is not a mono symbol file
Symbol file LoadedFromMemory doesn't match image D:\WireWineRain\WireWineRain\Library\PackageCache\com.unity.visualscripting@1.8.0\Editor\VisualScripting.Core\Dependencies\YamlDotNet\Unity.VisualScripting.YamlDotNet.dll
Symbol file LoadedFromMemory doesn't match image D:\WireWineRain\WireWineRain\Library\PackageCache\com.unity.visualscripting@1.8.0\Editor\VisualScripting.Core\Dependencies\DotNetZip\Unity.VisualScripting.IonicZip.dll
- Loaded All Assemblies, in  0.686 seconds
Refreshing native plugins compatible for Editor in 3.89 ms, found 3 plugins.
Native extension for WindowsStandalone target not found
Package Manager log level set to [2]
[Package Manager] Server::EnsureServerProcessIsRunning -- launch failed, reason: Unity was launched with the -noUpm command-line argument
[Package Manager] UpmClient::Send -- Unable to send message (not connected to UPM process).
[Package Manager] Cannot connect to Unity Package Manager local server
Mono: successfully reloaded assembly
- Finished resetting the current domain, in  0.553 seconds
Domain Reload Profiling: 1237ms
	BeginReloadAssembly (153ms)
		ExecutionOrderSort (0ms)
		DisableScriptedObjects (6ms)
		BackupInstance (0ms)
		ReleaseScriptingObjects (0ms)
		CreateAndSetChildDomain (24ms)
	RebuildCommonClasses (34ms)
	RebuildNativeTypeToScriptingClass (11ms)
	initialDomainReloadingComplete (30ms)
	LoadAllAssembliesAndSetupDomain (456ms)
		LoadAssemblies (337ms)
		RebuildTransferFunctionScriptingTraits (0ms)
		AnalyzeDomain (206ms)
			TypeCache.Refresh (178ms)
				TypeCache.ScanAssembly (160ms)
			ScanForSourceGeneratedMonoScriptInfo (21ms)
			ResolveRequiredComponents (5ms)
	FinalizeReload (554ms)
		ReleaseScriptCaches (0ms)
		RebuildScriptCaches (0ms)
		SetupLoadedEditorAssemblies (406ms)
			LogAssemblyErrors (0ms)
			InitializePlatformSupportModulesInManaged (6ms)
			SetLoadedEditorAssemblies (5ms)
			RefreshPlugins (0ms)
			BeforeProcessingInitializeOnLoad (68ms)
			ProcessInitializeOnLoadAttributes (292ms)
			ProcessInitializeOnLoadMethodAttributes (23ms)
			AfterProcessingInitializeOnLoad (11ms)
			EditorAssembliesLoaded (0ms)
		ExecutionOrderSort2 (0ms)
		AwakeInstancesAfterBackupRestoration (8ms)
Launched and connected shader compiler UnityShaderCompiler.exe after 0.06 seconds
Refreshing native plugins compatible for Editor in 3.54 ms, found 3 plugins.
Preloading 0 native plugins for Editor in 0.00 ms.
Unloading 3596 Unused Serialized files (Serialized files now loaded: 0)
Unloading 47 unused Assets / (61.2 KB). Loaded Objects now: 4110.
Memory consumption went from 137.6 MB to 137.5 MB.
Total: 3.405200 ms (FindLiveObjects: 0.401600 ms CreateObjectMapping: 0.103700 ms MarkObjects: 2.724100 ms  DeleteObjects: 0.174600 ms)

AssetImportParameters requested are different than current active one (requested -> active):
  custom:container-demuxer-ogg: 62fdf1f143b41e24485cea50d1cbac27 -> 
  custom:video-decoder-ogg-theora: a1e56fd34408186e4bbccfd4996cb3dc -> 
  custom:framework-win-MediaFoundation: 216162199b28c13a410421893ffa2e32 -> 
  custom:CustomObjectIndexerAttribute: 756ad292c208cfabdd7b50bc23989ffe -> 
  custom:container-demuxer-webm: 4f35f7cbe854078d1ac9338744f61a02 -> 
  custom:container-muxer-webm: aa71ff27fc2769a1b78a27578f13a17b -> 
  custom:video-decoder-webm-vp8: 9c59270c3fd7afecdb556c50c9e8de78 -> 
  custom:SearchIndexIgnoredProperties: e643bd26f0fe6173181afceb89e7c659 -> 
  custom:AudioImporter_EditorPlatform: d09bf68614088b80899f8185d706f6e7 -> 
  custom:video-encoder-webm-vp8: eb34c28f22e8b96e1ab97ce403110664 -> 
  custom:audio-decoder-ogg-vorbis: bf7c407c2cedff20999df2af8eb42d56 -> 
  custom:audio-encoder-webm-vorbis: bf7c407c2cedff20999df2af8eb42d56 -> 
========================================================================
Received Import Request.
  Time since last request: 916617.130378 seconds.
  path: Assets/textures/timmiys texture/textured timmy_arm2_Height.png
  artifactKey: Guid(374cbaa0e2f2e9842b39c2063a9c8a2b) Importer(815301076,1909f56bfc062723c751e8b465ee728b)
Start importing Assets/textures/timmiys texture/textured timmy_arm2_Height.png using Guid(374cbaa0e2f2e9842b39c2063a9c8a2b) Importer(815301076,1909f56bfc062723c751e8b465ee728b)  -> (artifact id: '029adda9161961ecf2c1fd63b1182c7a') in 0.306305 seconds
Number of updated asset objects reloaded before import = 0
Number of asset objects unloaded after import = 2
========================================================================
Received Import Request.
  Time since last request: 0.000048 seconds.
  path: Assets/textures/timmiys texture/textured timmy_face_Metallic.png
  artifactKey: Guid(3f805f41fe7e0d14985f1f4f00287d57) Importer(815301076,1909f56bfc062723c751e8b465ee728b)
Start importing Assets/textures/timmiys texture/textured timmy_face_Metallic.png using Guid(3f805f41fe7e0d14985f1f4f00287d57) Importer(815301076,1909f56bfc062723c751e8b465ee728b)  -> (artifact id: 'eb67f8e27d8408fa206527fb6788c890') in 0.038638 seconds
Number of updated asset objects reloaded before import = 0
Number of asset objects unloaded after import = 2
========================================================================
Received Import Request.
  Time since last request: 0.000027 seconds.
  path: Assets/textures/timmiys texture/textured timmy_joints_Normal.png
  artifactKey: Guid(d653666e68f41124a9086707033c16bf) Importer(815301076,1909f56bfc062723c751e8b465ee728b)
Start importing Assets/textures/timmiys texture/textured timmy_joints_Normal.png using Guid(d653666e68f41124a9086707033c16bf) Importer(815301076,1909f56bfc062723c751e8b465ee728b)  -> (artifact id: 'c71ce7fdf83890e817a9db2ac06bb5e1') in 0.036740 seconds
Number of updated asset objects reloaded before import = 0
Number of asset objects unloaded after import = 2
========================================================================
Received Import Request.
  Time since last request: 0.000020 seconds.
  path: Assets/textures/timmiys texture/textured timmy_neck1_Metallic.png
  artifactKey: Guid(a66088b5fe95e424baebf3c39fa6a9e5) Importer(815301076,1909f56bfc062723c751e8b465ee728b)
Start importing Assets/textures/timmiys texture/textured timmy_neck1_Metallic.png using Guid(a66088b5fe95e424baebf3c39fa6a9e5) Importer(815301076,1909f56bfc062723c751e8b465ee728b)  -> (artifact id: '26d9952503acd01110ce1bb0e6d09f99') in 0.026655 seconds
Number of updated asset objects reloaded before import = 0
Number of asset objects unloaded after import = 2
========================================================================
Received Import Request.
  Time since last request: 0.000018 seconds.
  path: Assets/textures/timmiys texture/textured timmy_lambert2_Normal.png
  artifactKey: Guid(391faec4b7f9ff54690e4d1056dd8ef3) Importer(815301076,1909f56bfc062723c751e8b465ee728b)
Start importing Assets/textures/timmiys texture/textured timmy_lambert2_Normal.png using Guid(391faec4b7f9ff54690e4d1056dd8ef3) Importer(815301076,1909f56bfc062723c751e8b465ee728b)  -> (artifact id: '357037af5896a00f96655d2ebd5167f5') in 0.028241 seconds
Number of updated asset objects reloaded before import = 0
Number of asset objects unloaded after import = 2
========================================================================
Received Import Request.
  Time since last request: 0.000030 seconds.
  path: Assets/textures/timmiys texture/textured timmy_pants_Height.png
  artifactKey: Guid(4fbdf2dd575ce72429d4b69d6d178976) Importer(815301076,1909f56bfc062723c751e8b465ee728b)
Start importing Assets/textures/timmiys texture/textured timmy_pants_Height.png using Guid(4fbdf2dd575ce72429d4b69d6d178976) Importer(815301076,1909f56bfc062723c751e8b465ee728b)  -> (artifact id: 'b3464a7931a5c60e115948a31b2d2295') in 0.026661 seconds
Number of updated asset objects reloaded before import = 0
Number of asset objects unloaded after import = 2
========================================================================
Received Import Request.
  Time since last request: 0.000034 seconds.
  path: Assets/textures/timmiys texture/textured timmy_hat1_Roughness.png
  artifactKey: Guid(e6f08ecef9bbc4c44908af71a8c89d06) Importer(815301076,1909f56bfc062723c751e8b465ee728b)
Start importing Assets/textures/timmiys texture/textured timmy_hat1_Roughness.png using Guid(e6f08ecef9bbc4c44908af71a8c89d06) Importer(815301076,1909f56bfc062723c751e8b465ee728b)  -> (artifact id: 'a5d231ff0b60e99b87b93035572c0ebe') in 0.024977 seconds
Number of updated asset objects reloaded before import = 0
Number of asset objects unloaded after import = 2
========================================================================
Received Import Request.
  Time since last request: 0.000021 seconds.
  path: Assets/textures/timmiys texture/textured timmy_torso_Height.png
  artifactKey: Guid(f157da6f04e98bb4780c691b3e33c689) Importer(815301076,1909f56bfc062723c751e8b465ee728b)
Start importing Assets/textures/timmiys texture/textured timmy_torso_Height.png using Guid(f157da6f04e98bb4780c691b3e33c689) Importer(815301076,1909f56bfc062723c751e8b465ee728b)  -> (artifact id: '2c31a531d7ff4474030c677b143b07f4') in 0.022609 seconds
Number of updated asset objects reloaded before import = 0
Number of asset objects unloaded after import = 2
========================================================================
Received Import Request.
  Time since last request: 0.000027 seconds.
  path: Assets/textures/timmiys texture/textured timmy_skeleton_Height.png
  artifactKey: Guid(de2af8b0f1d0ba34f92b206b87cf3749) Importer(815301076,1909f56bfc062723c751e8b465ee728b)
Start importing Assets/textures/timmiys texture/textured timmy_skeleton_Height.png using Guid(de2af8b0f1d0ba34f92b206b87cf3749) Importer(815301076,1909f56bfc062723c751e8b465ee728b)  -> (artifact id: 'd5fba9d2a4630b8a7b9147374a7e00da') in 0.014669 seconds
Number of updated asset objects reloaded before import = 0
Number of asset objects unloaded after import = 2
========================================================================
Received Import Request.
  Time since last request: 0.000026 seconds.
  path: Assets/textures/timmiys texture/textured timmy_shoe_Normal.png
  artifactKey: Guid(953c4e0586dcca046b37b938a6d79519) Importer(815301076,1909f56bfc062723c751e8b465ee728b)
Start importing Assets/textures/timmiys texture/textured timmy_shoe_Normal.png using Guid(953c4e0586dcca046b37b938a6d79519) Importer(815301076,1909f56bfc062723c751e8b465ee728b)  -> (artifact id: '016943d6c7b7969e05b4b2b1a9c15bb3') in 0.024504 seconds
Number of updated asset objects reloaded before import = 0
Number of asset objects unloaded after import = 2
========================================================================
Received Import Request.
  Time since last request: 0.000017 seconds.
  path: Assets/textures/timmiys texture/textured timmy_belt_Metallic.png
  artifactKey: Guid(0e1876f64068d8944a39fb4612520a48) Importer(815301076,1909f56bfc062723c751e8b465ee728b)
Start importing Assets/textures/timmiys texture/textured timmy_belt_Metallic.png using Guid(0e1876f64068d8944a39fb4612520a48) Importer(815301076,1909f56bfc062723c751e8b465ee728b)  -> (artifact id: '5c0eb67f84f62364fda2ab2199f2f3a2') in 0.020680 seconds
Number of updated asset objects reloaded before import = 0
Number of asset objects unloaded after import = 2
========================================================================
Received Import Request.
  Time since last request: 0.000039 seconds.
  path: Assets/textures/timmiys texture/textured timmy_pants_Normal.png
  artifactKey: Guid(b7ad19ec99d5f1f478ce9f455b1cdaae) Importer(815301076,1909f56bfc062723c751e8b465ee728b)
Start importing Assets/textures/timmiys texture/textured timmy_pants_Normal.png using Guid(b7ad19ec99d5f1f478ce9f455b1cdaae) Importer(815301076,1909f56bfc062723c751e8b465ee728b)  -> (artifact id: '7823c5c37643cef4bd60bd9dc70b3555') in 0.025014 seconds
Number of updated asset objects reloaded before import = 0
Number of asset objects unloaded after import = 2
Editor requested this worker to shutdown with reason: Scaling down because of idle timeout
TcpMessagingSession - receive error: operation aborted. errorcode: 995, details: The I/O operation has been aborted because of either a thread exit or an application request.
AssetImportWorker is now disconnected from the server
Process exiting
Exiting without the bug reporter. Application will terminate with return code 0