Using pre-set license
Built from '2022.3/staging' branch; Version is '2022.3.7f1 (b16b3b16c7a0) revision 11627323'; Using compiler version '192829333'; Build Type 'Release'
OS: 'Windows 10  (10.0.19045) 64bit Core' Language: 'en' Physical Memory: 32681 MB
BatchMode: 1, IsHumanControllingUs: 0, StartBugReporterOnCrash: 0, Is64bit: 1, IsPro: 1

COMMAND LINE ARGUMENTS:
C:\Program Files\Unity 2022.3.7f1\Editor\Unity.exe
-adb2
-batchMode
-noUpm
-name
AssetImportWorker50
-projectPath
D:/WireWineRain/WireWineRain
-logFile
Logs/AssetImportWorker50.log
-srvPort
62495
Successfully changed project path to: D:/WireWineRain/WireWineRain
D:/WireWineRain/WireWineRain
[UnityMemory] Configuration Parameters - Can be set up in boot.config
    "memorysetup-bucket-allocator-granularity=16"
    "memorysetup-bucket-allocator-bucket-count=8"
    "memorysetup-bucket-allocator-block-size=33554432"
    "memorysetup-bucket-allocator-block-count=8"
    "memorysetup-main-allocator-block-size=16777216"
    "memorysetup-thread-allocator-block-size=16777216"
    "memorysetup-gfx-main-allocator-block-size=16777216"
    "memorysetup-gfx-thread-allocator-block-size=16777216"
    "memorysetup-cache-allocator-block-size=4194304"
    "memorysetup-typetree-allocator-block-size=2097152"
    "memorysetup-profiler-bucket-allocator-granularity=16"
    "memorysetup-profiler-bucket-allocator-bucket-count=8"
    "memorysetup-profiler-bucket-allocator-block-size=33554432"
    "memorysetup-profiler-bucket-allocator-block-count=8"
    "memorysetup-profiler-allocator-block-size=16777216"
    "memorysetup-profiler-editor-allocator-block-size=1048576"
    "memorysetup-temp-allocator-size-main=16777216"
    "memorysetup-job-temp-allocator-block-size=2097152"
    "memorysetup-job-temp-allocator-block-size-background=1048576"
    "memorysetup-job-temp-allocator-reduction-small-platforms=262144"
    "memorysetup-allocator-temp-initial-block-size-main=262144"
    "memorysetup-allocator-temp-initial-block-size-worker=262144"
    "memorysetup-temp-allocator-size-background-worker=32768"
    "memorysetup-temp-allocator-size-job-worker=262144"
    "memorysetup-temp-allocator-size-preload-manager=33554432"
    "memorysetup-temp-allocator-size-nav-mesh-worker=65536"
    "memorysetup-temp-allocator-size-audio-worker=65536"
    "memorysetup-temp-allocator-size-cloud-worker=32768"
    "memorysetup-temp-allocator-size-gi-baking-worker=262144"
    "memorysetup-temp-allocator-size-gfx=262144"
Player connection [24720] Host "[IP] 192.168.0.122 [Port] 0 [Flags] 2 [Guid] 2381304362 [EditorId] 2381304362 [Version] 1048832 [Id] WindowsEditor(7,DESKTOP-2TQOVH1) [Debug] 1 [PackageName] WindowsEditor [ProjectName] Editor" joined multi-casting on [225.0.0.222:54997]...

Player connection [24720] Host "[IP] 192.168.0.122 [Port] 0 [Flags] 2 [Guid] 2381304362 [EditorId] 2381304362 [Version] 1048832 [Id] WindowsEditor(7,DESKTOP-2TQOVH1) [Debug] 1 [PackageName] WindowsEditor [ProjectName] Editor" joined alternative multi-casting on [225.0.0.222:34997]...

Refreshing native plugins compatible for Editor in 10.80 ms, found 3 plugins.
Preloading 0 native plugins for Editor in 0.00 ms.
Initialize engine version: 2022.3.7f1 (b16b3b16c7a0)
[Subsystems] Discovering subsystems at path C:/Program Files/Unity 2022.3.7f1/Editor/Data/Resources/UnitySubsystems
[Subsystems] Discovering subsystems at path D:/WireWineRain/WireWineRain/Assets
GfxDevice: creating device client; threaded=0; jobified=0
Direct3D:
    Version:  Direct3D 11.0 [level 11.1]
    Renderer: AMD Radeon RX 5600 XT (ID=0x731f)
    Vendor:   ATI
    VRAM:     6103 MB
    Driver:   31.0.23013.1023
Initialize mono
Mono path[0] = 'C:/Program Files/Unity 2022.3.7f1/Editor/Data/Managed'
Mono path[1] = 'C:/Program Files/Unity 2022.3.7f1/Editor/Data/MonoBleedingEdge/lib/mono/unityjit-win32'
Mono config path = 'C:/Program Files/Unity 2022.3.7f1/Editor/Data/MonoBleedingEdge/etc'
Using monoOptions --debugger-agent=transport=dt_socket,embedding=1,server=y,suspend=n,address=127.0.0.1:56108
Begin MonoManager ReloadAssembly
Registering precompiled unity dll's ...
Register platform support module: C:/Program Files/Unity 2022.3.7f1/Editor/Data/PlaybackEngines/WindowsStandaloneSupport/UnityEditor.WindowsStandalone.Extensions.dll
Registered in 0.007685 seconds.
- Loaded All Assemblies, in  0.338 seconds
Native extension for WindowsStandalone target not found
Mono: successfully reloaded assembly
- Finished resetting the current domain, in  0.223 seconds
Domain Reload Profiling: 559ms
	BeginReloadAssembly (118ms)
		ExecutionOrderSort (0ms)
		DisableScriptedObjects (0ms)
		BackupInstance (0ms)
		ReleaseScriptingObjects (0ms)
		CreateAndSetChildDomain (1ms)
	RebuildCommonClasses (32ms)
	RebuildNativeTypeToScriptingClass (10ms)
	initialDomainReloadingComplete (54ms)
	LoadAllAssembliesAndSetupDomain (121ms)
		LoadAssemblies (114ms)
		RebuildTransferFunctionScriptingTraits (0ms)
		AnalyzeDomain (119ms)
			TypeCache.Refresh (117ms)
				TypeCache.ScanAssembly (106ms)
			ScanForSourceGeneratedMonoScriptInfo (0ms)
			ResolveRequiredComponents (0ms)
	FinalizeReload (223ms)
		ReleaseScriptCaches (0ms)
		RebuildScriptCaches (0ms)
		SetupLoadedEditorAssemblies (172ms)
			LogAssemblyErrors (0ms)
			InitializePlatformSupportModulesInManaged (8ms)
			SetLoadedEditorAssemblies (6ms)
			RefreshPlugins (0ms)
			BeforeProcessingInitializeOnLoad (2ms)
			ProcessInitializeOnLoadAttributes (111ms)
			ProcessInitializeOnLoadMethodAttributes (45ms)
			AfterProcessingInitializeOnLoad (0ms)
			EditorAssembliesLoaded (0ms)
		ExecutionOrderSort2 (0ms)
		AwakeInstancesAfterBackupRestoration (0ms)
========================================================================
Worker process is ready to serve import requests
Begin MonoManager ReloadAssembly
Symbol file LoadedFromMemory doesn't match image D:\WireWineRain\WireWineRain\Library\PackageCache\com.unity.visualscripting@1.8.0\Editor\VisualScripting.Core\Dependencies\YamlDotNet\Unity.VisualScripting.YamlDotNet.dll
Symbol file LoadedFromMemory doesn't match image D:\WireWineRain\WireWineRain\Library\PackageCache\com.unity.visualscripting@1.8.0\Editor\VisualScripting.Core\Dependencies\DotNetZip\Unity.VisualScripting.IonicZip.dll
- Loaded All Assemblies, in  0.577 seconds
Refreshing native plugins compatible for Editor in 3.29 ms, found 3 plugins.
Native extension for WindowsStandalone target not found
Package Manager log level set to [2]
[Package Manager] Server::EnsureServerProcessIsRunning -- launch failed, reason: Unity was launched with the -noUpm command-line argument
[Package Manager] UpmClient::Send -- Unable to send message (not connected to UPM process).
[Package Manager] Cannot connect to Unity Package Manager local server
Mono: successfully reloaded assembly
- Finished resetting the current domain, in  0.515 seconds
Domain Reload Profiling: 1090ms
	BeginReloadAssembly (136ms)
		ExecutionOrderSort (0ms)
		DisableScriptedObjects (5ms)
		BackupInstance (0ms)
		ReleaseScriptingObjects (0ms)
		CreateAndSetChildDomain (20ms)
	RebuildCommonClasses (32ms)
	RebuildNativeTypeToScriptingClass (10ms)
	initialDomainReloadingComplete (29ms)
	LoadAllAssembliesAndSetupDomain (366ms)
		LoadAssemblies (270ms)
		RebuildTransferFunctionScriptingTraits (0ms)
		AnalyzeDomain (174ms)
			TypeCache.Refresh (152ms)
				TypeCache.ScanAssembly (137ms)
			ScanForSourceGeneratedMonoScriptInfo (16ms)
			ResolveRequiredComponents (4ms)
	FinalizeReload (516ms)
		ReleaseScriptCaches (0ms)
		RebuildScriptCaches (0ms)
		SetupLoadedEditorAssemblies (379ms)
			LogAssemblyErrors (0ms)
			InitializePlatformSupportModulesInManaged (6ms)
			SetLoadedEditorAssemblies (4ms)
			RefreshPlugins (0ms)
			BeforeProcessingInitializeOnLoad (66ms)
			ProcessInitializeOnLoadAttributes (271ms)
			ProcessInitializeOnLoadMethodAttributes (22ms)
			AfterProcessingInitializeOnLoad (9ms)
			EditorAssembliesLoaded (0ms)
		ExecutionOrderSort2 (0ms)
		AwakeInstancesAfterBackupRestoration (7ms)
Launched and connected shader compiler UnityShaderCompiler.exe after 0.04 seconds
Refreshing native plugins compatible for Editor in 3.23 ms, found 3 plugins.
Preloading 0 native plugins for Editor in 0.00 ms.
Unloading 3595 Unused Serialized files (Serialized files now loaded: 0)
Unloading 47 unused Assets / (60.6 KB). Loaded Objects now: 4108.
Memory consumption went from 137.2 MB to 137.1 MB.
Total: 3.058500 ms (FindLiveObjects: 0.363200 ms CreateObjectMapping: 0.096700 ms MarkObjects: 2.456800 ms  DeleteObjects: 0.140800 ms)

AssetImportParameters requested are different than current active one (requested -> active):
  custom:container-demuxer-ogg: 62fdf1f143b41e24485cea50d1cbac27 -> 
  custom:video-decoder-ogg-theora: a1e56fd34408186e4bbccfd4996cb3dc -> 
  custom:framework-win-MediaFoundation: 216162199b28c13a410421893ffa2e32 -> 
  custom:CustomObjectIndexerAttribute: 756ad292c208cfabdd7b50bc23989ffe -> 
  custom:container-demuxer-webm: 4f35f7cbe854078d1ac9338744f61a02 -> 
  custom:container-muxer-webm: aa71ff27fc2769a1b78a27578f13a17b -> 
  custom:video-decoder-webm-vp8: 9c59270c3fd7afecdb556c50c9e8de78 -> 
  custom:SearchIndexIgnoredProperties: e643bd26f0fe6173181afceb89e7c659 -> 
  custom:AudioImporter_EditorPlatform: d09bf68614088b80899f8185d706f6e7 -> 
  custom:video-encoder-webm-vp8: eb34c28f22e8b96e1ab97ce403110664 -> 
  custom:audio-decoder-ogg-vorbis: bf7c407c2cedff20999df2af8eb42d56 -> 
  custom:audio-encoder-webm-vorbis: bf7c407c2cedff20999df2af8eb42d56 -> 
========================================================================
Received Import Request.
  Time since last request: 848968.660464 seconds.
  path: Assets/Prefabs/Chunk3.prefab
  artifactKey: Guid(989381ff9c98fbc4c83d3a234d9ab3da) Importer(815301076,1909f56bfc062723c751e8b465ee728b)
Start importing Assets/Prefabs/Chunk3.prefab using Guid(989381ff9c98fbc4c83d3a234d9ab3da) Importer(815301076,1909f56bfc062723c751e8b465ee728b)  -> (artifact id: 'c94196ae099e355d2e961e6ce1ef07be') in 0.354173 seconds
Number of updated asset objects reloaded before import = 0
Number of asset objects unloaded after import = 516
========================================================================
Received Import Request.
  Time since last request: 2.810986 seconds.
  path: Assets/Prefabs/Chunk3.prefab
  artifactKey: Guid(989381ff9c98fbc4c83d3a234d9ab3da) Importer(815301076,1909f56bfc062723c751e8b465ee728b)
Start importing Assets/Prefabs/Chunk3.prefab using Guid(989381ff9c98fbc4c83d3a234d9ab3da) Importer(815301076,1909f56bfc062723c751e8b465ee728b)  -> (artifact id: '7091dd46637f823644d933744c4d4c45') in 0.263522 seconds
Number of updated asset objects reloaded before import = 0
Number of asset objects unloaded after import = 516
========================================================================
Received Import Request.
  Time since last request: 0.000028 seconds.
  path: Assets/Prefabs/wwr lampost.prefab
  artifactKey: Guid(d290ab8e10650b24cac9edc4fc81a2a0) Importer(815301076,1909f56bfc062723c751e8b465ee728b)
Start importing Assets/Prefabs/wwr lampost.prefab using Guid(d290ab8e10650b24cac9edc4fc81a2a0) Importer(815301076,1909f56bfc062723c751e8b465ee728b)  -> (artifact id: '9e80a05f44d12a04affdda9d5d5aabdf') in 0.132893 seconds
Number of updated asset objects reloaded before import = 0
Number of asset objects unloaded after import = 68
========================================================================
Received Import Request.
  Time since last request: 23.448466 seconds.
  path: Assets/Prefabs/Chunk3.prefab
  artifactKey: Guid(989381ff9c98fbc4c83d3a234d9ab3da) Importer(815301076,1909f56bfc062723c751e8b465ee728b)
Start importing Assets/Prefabs/Chunk3.prefab using Guid(989381ff9c98fbc4c83d3a234d9ab3da) Importer(815301076,1909f56bfc062723c751e8b465ee728b)  -> (artifact id: '05e0fdb8ae6ae382f90e8e4765842a05') in 0.246168 seconds
Number of updated asset objects reloaded before import = 0
Number of asset objects unloaded after import = 516
========================================================================
Received Import Request.
  Time since last request: 0.000032 seconds.
  path: Assets/Prefabs/wwr lampost.prefab
  artifactKey: Guid(d290ab8e10650b24cac9edc4fc81a2a0) Importer(815301076,1909f56bfc062723c751e8b465ee728b)
Start importing Assets/Prefabs/wwr lampost.prefab using Guid(d290ab8e10650b24cac9edc4fc81a2a0) Importer(815301076,1909f56bfc062723c751e8b465ee728b)  -> (artifact id: 'c2e6634a66f74c63a6e650aaf56b4d17') in 0.109051 seconds
Number of updated asset objects reloaded before import = 0
Number of asset objects unloaded after import = 68
========================================================================
Received Import Request.
  Time since last request: 9.616561 seconds.
  path: Assets/Prefabs/Chunk3.prefab
  artifactKey: Guid(989381ff9c98fbc4c83d3a234d9ab3da) Importer(815301076,1909f56bfc062723c751e8b465ee728b)
Start importing Assets/Prefabs/Chunk3.prefab using Guid(989381ff9c98fbc4c83d3a234d9ab3da) Importer(815301076,1909f56bfc062723c751e8b465ee728b)  -> (artifact id: '199a918ad4d0a4236a4a3aa59e8feb9f') in 0.232033 seconds
Number of updated asset objects reloaded before import = 0
Number of asset objects unloaded after import = 516
========================================================================
Received Import Request.
  Time since last request: 0.000033 seconds.
  path: Assets/Prefabs/wwr lampost.prefab
  artifactKey: Guid(d290ab8e10650b24cac9edc4fc81a2a0) Importer(815301076,1909f56bfc062723c751e8b465ee728b)
Start importing Assets/Prefabs/wwr lampost.prefab using Guid(d290ab8e10650b24cac9edc4fc81a2a0) Importer(815301076,1909f56bfc062723c751e8b465ee728b)  -> (artifact id: '1b6e4584b8858dcf55576425b9b39be1') in 0.097000 seconds
Number of updated asset objects reloaded before import = 0
Number of asset objects unloaded after import = 68
========================================================================
Received Import Request.
  Time since last request: 3.971292 seconds.
  path: Assets/Prefabs/Chunk3.prefab
  artifactKey: Guid(989381ff9c98fbc4c83d3a234d9ab3da) Importer(815301076,1909f56bfc062723c751e8b465ee728b)
Start importing Assets/Prefabs/Chunk3.prefab using Guid(989381ff9c98fbc4c83d3a234d9ab3da) Importer(815301076,1909f56bfc062723c751e8b465ee728b)  -> (artifact id: '9738148381f65c161bd63cbc430e521b') in 0.243395 seconds
Number of updated asset objects reloaded before import = 0
Number of asset objects unloaded after import = 516
========================================================================
Received Import Request.
  Time since last request: 0.000034 seconds.
  path: Assets/Prefabs/wwr lampost.prefab
  artifactKey: Guid(d290ab8e10650b24cac9edc4fc81a2a0) Importer(815301076,1909f56bfc062723c751e8b465ee728b)
Start importing Assets/Prefabs/wwr lampost.prefab using Guid(d290ab8e10650b24cac9edc4fc81a2a0) Importer(815301076,1909f56bfc062723c751e8b465ee728b)  -> (artifact id: 'ebcf8b6b0c25520f7b8e7564b673af0e') in 0.112767 seconds
Number of updated asset objects reloaded before import = 0
Number of asset objects unloaded after import = 68
========================================================================
Received Import Request.
  Time since last request: 3.328083 seconds.
  path: Assets/Prefabs/Chunk3.prefab
  artifactKey: Guid(989381ff9c98fbc4c83d3a234d9ab3da) Importer(815301076,1909f56bfc062723c751e8b465ee728b)
Start importing Assets/Prefabs/Chunk3.prefab using Guid(989381ff9c98fbc4c83d3a234d9ab3da) Importer(815301076,1909f56bfc062723c751e8b465ee728b)  -> (artifact id: 'b7ff314905a43a3aa256a92ca8e16518') in 0.235305 seconds
Number of updated asset objects reloaded before import = 0
Number of asset objects unloaded after import = 516
========================================================================
Received Import Request.
  Time since last request: 0.000038 seconds.
  path: Assets/Prefabs/wwr lampost.prefab
  artifactKey: Guid(d290ab8e10650b24cac9edc4fc81a2a0) Importer(815301076,1909f56bfc062723c751e8b465ee728b)
Start importing Assets/Prefabs/wwr lampost.prefab using Guid(d290ab8e10650b24cac9edc4fc81a2a0) Importer(815301076,1909f56bfc062723c751e8b465ee728b)  -> (artifact id: '24a3ccec5c9a0f1fc7e2f66b72838c91') in 0.127358 seconds
Number of updated asset objects reloaded before import = 0
Number of asset objects unloaded after import = 68
========================================================================
Received Import Request.
  Time since last request: 36.089566 seconds.
  path: Assets/Prefabs/Chunk3.prefab
  artifactKey: Guid(989381ff9c98fbc4c83d3a234d9ab3da) Importer(815301076,1909f56bfc062723c751e8b465ee728b)
Start importing Assets/Prefabs/Chunk3.prefab using Guid(989381ff9c98fbc4c83d3a234d9ab3da) Importer(815301076,1909f56bfc062723c751e8b465ee728b)  -> (artifact id: 'ed6c3d3b4e3ae87e62ffdbb3d9785d1d') in 0.232582 seconds
Number of updated asset objects reloaded before import = 0
Number of asset objects unloaded after import = 516
========================================================================
Received Import Request.
  Time since last request: 0.000030 seconds.
  path: Assets/Prefabs/wwr lampost.prefab
  artifactKey: Guid(d290ab8e10650b24cac9edc4fc81a2a0) Importer(815301076,1909f56bfc062723c751e8b465ee728b)
Start importing Assets/Prefabs/wwr lampost.prefab using Guid(d290ab8e10650b24cac9edc4fc81a2a0) Importer(815301076,1909f56bfc062723c751e8b465ee728b)  -> (artifact id: '6e76fb0543dec96d0f829ad39a88d697') in 0.110594 seconds
Number of updated asset objects reloaded before import = 0
Number of asset objects unloaded after import = 68
========================================================================
Received Import Request.
  Time since last request: 16.389556 seconds.
  path: Assets/Prefabs/Chunk3.prefab
  artifactKey: Guid(989381ff9c98fbc4c83d3a234d9ab3da) Importer(815301076,1909f56bfc062723c751e8b465ee728b)
Start importing Assets/Prefabs/Chunk3.prefab using Guid(989381ff9c98fbc4c83d3a234d9ab3da) Importer(815301076,1909f56bfc062723c751e8b465ee728b)  -> (artifact id: '1c8f6903d0ef87a2bd0f41f714116f8b') in 0.231423 seconds
Number of updated asset objects reloaded before import = 0
Number of asset objects unloaded after import = 516
========================================================================
Received Import Request.
  Time since last request: 0.000036 seconds.
  path: Assets/Prefabs/wwr lampost.prefab
  artifactKey: Guid(d290ab8e10650b24cac9edc4fc81a2a0) Importer(815301076,1909f56bfc062723c751e8b465ee728b)
Start importing Assets/Prefabs/wwr lampost.prefab using Guid(d290ab8e10650b24cac9edc4fc81a2a0) Importer(815301076,1909f56bfc062723c751e8b465ee728b)  -> (artifact id: '438a4c6bedb7b713e1cf4f43a7f094d9') in 0.114763 seconds
Number of updated asset objects reloaded before import = 0
Number of asset objects unloaded after import = 68
========================================================================
Received Import Request.
  Time since last request: 5.272700 seconds.
  path: Assets/Prefabs/Chunk3.prefab
  artifactKey: Guid(989381ff9c98fbc4c83d3a234d9ab3da) Importer(815301076,1909f56bfc062723c751e8b465ee728b)
Start importing Assets/Prefabs/Chunk3.prefab using Guid(989381ff9c98fbc4c83d3a234d9ab3da) Importer(815301076,1909f56bfc062723c751e8b465ee728b)  -> (artifact id: '22c4b46b54a42b984e2d817e82beafe9') in 0.234367 seconds
Number of updated asset objects reloaded before import = 0
Number of asset objects unloaded after import = 516
========================================================================
Received Import Request.
  Time since last request: 0.000028 seconds.
  path: Assets/Prefabs/wwr lampost.prefab
  artifactKey: Guid(d290ab8e10650b24cac9edc4fc81a2a0) Importer(815301076,1909f56bfc062723c751e8b465ee728b)
Start importing Assets/Prefabs/wwr lampost.prefab using Guid(d290ab8e10650b24cac9edc4fc81a2a0) Importer(815301076,1909f56bfc062723c751e8b465ee728b)  -> (artifact id: 'c5628c7455a5590745acfe6c7d982b90') in 0.112691 seconds
Number of updated asset objects reloaded before import = 0
Number of asset objects unloaded after import = 68
========================================================================
Received Import Request.
  Time since last request: 3.873766 seconds.
  path: Assets/Prefabs/Chunk3.prefab
  artifactKey: Guid(989381ff9c98fbc4c83d3a234d9ab3da) Importer(815301076,1909f56bfc062723c751e8b465ee728b)
Start importing Assets/Prefabs/Chunk3.prefab using Guid(989381ff9c98fbc4c83d3a234d9ab3da) Importer(815301076,1909f56bfc062723c751e8b465ee728b)  -> (artifact id: '05219d46fd18feee8a58c94d0982b0ce') in 0.227783 seconds
Number of updated asset objects reloaded before import = 0
Number of asset objects unloaded after import = 516
========================================================================
Received Import Request.
  Time since last request: 0.000024 seconds.
  path: Assets/Prefabs/wwr lampost.prefab
  artifactKey: Guid(d290ab8e10650b24cac9edc4fc81a2a0) Importer(815301076,1909f56bfc062723c751e8b465ee728b)
Start importing Assets/Prefabs/wwr lampost.prefab using Guid(d290ab8e10650b24cac9edc4fc81a2a0) Importer(815301076,1909f56bfc062723c751e8b465ee728b)  -> (artifact id: 'e104ab5f8ffa4db8364dbd6138d910e8') in 0.107482 seconds
Number of updated asset objects reloaded before import = 0
Number of asset objects unloaded after import = 68
========================================================================
Received Import Request.
  Time since last request: 5.281153 seconds.
  path: Assets/Prefabs/Chunk3.prefab
  artifactKey: Guid(989381ff9c98fbc4c83d3a234d9ab3da) Importer(815301076,1909f56bfc062723c751e8b465ee728b)
Start importing Assets/Prefabs/Chunk3.prefab using Guid(989381ff9c98fbc4c83d3a234d9ab3da) Importer(815301076,1909f56bfc062723c751e8b465ee728b)  -> (artifact id: '893d05f240cfc9f0a5b61e81866bf479') in 0.253136 seconds
Number of updated asset objects reloaded before import = 0
Number of asset objects unloaded after import = 516
========================================================================
Received Import Request.
  Time since last request: 0.000024 seconds.
  path: Assets/Prefabs/wwr lampost.prefab
  artifactKey: Guid(d290ab8e10650b24cac9edc4fc81a2a0) Importer(815301076,1909f56bfc062723c751e8b465ee728b)
Start importing Assets/Prefabs/wwr lampost.prefab using Guid(d290ab8e10650b24cac9edc4fc81a2a0) Importer(815301076,1909f56bfc062723c751e8b465ee728b)  -> (artifact id: '798c70a14507a9e836252e5eb181130c') in 0.119529 seconds
Number of updated asset objects reloaded before import = 0
Number of asset objects unloaded after import = 68
========================================================================
Received Import Request.
  Time since last request: 10.680930 seconds.
  path: Assets/Prefabs/Chunk3.prefab
  artifactKey: Guid(989381ff9c98fbc4c83d3a234d9ab3da) Importer(815301076,1909f56bfc062723c751e8b465ee728b)
Start importing Assets/Prefabs/Chunk3.prefab using Guid(989381ff9c98fbc4c83d3a234d9ab3da) Importer(815301076,1909f56bfc062723c751e8b465ee728b)  -> (artifact id: '44efc836bb0ea10cc987527bb7e1588e') in 0.230434 seconds
Number of updated asset objects reloaded before import = 0
Number of asset objects unloaded after import = 516
========================================================================
Received Import Request.
  Time since last request: 0.000024 seconds.
  path: Assets/Prefabs/wwr lampost.prefab
  artifactKey: Guid(d290ab8e10650b24cac9edc4fc81a2a0) Importer(815301076,1909f56bfc062723c751e8b465ee728b)
Start importing Assets/Prefabs/wwr lampost.prefab using Guid(d290ab8e10650b24cac9edc4fc81a2a0) Importer(815301076,1909f56bfc062723c751e8b465ee728b)  -> (artifact id: '608c2a9744671244335fcbc6fd67a2af') in 0.116183 seconds
Number of updated asset objects reloaded before import = 0
Number of asset objects unloaded after import = 68
========================================================================
Received Import Request.
  Time since last request: 5.075306 seconds.
  path: Assets/Prefabs/Chunk3.prefab
  artifactKey: Guid(989381ff9c98fbc4c83d3a234d9ab3da) Importer(815301076,1909f56bfc062723c751e8b465ee728b)
Start importing Assets/Prefabs/Chunk3.prefab using Guid(989381ff9c98fbc4c83d3a234d9ab3da) Importer(815301076,1909f56bfc062723c751e8b465ee728b)  -> (artifact id: '1a8c5917469f2c04d585de625b1d00af') in 0.234100 seconds
Number of updated asset objects reloaded before import = 0
Number of asset objects unloaded after import = 516
========================================================================
Received Import Request.
  Time since last request: 0.000054 seconds.
  path: Assets/Prefabs/wwr lampost.prefab
  artifactKey: Guid(d290ab8e10650b24cac9edc4fc81a2a0) Importer(815301076,1909f56bfc062723c751e8b465ee728b)
Start importing Assets/Prefabs/wwr lampost.prefab using Guid(d290ab8e10650b24cac9edc4fc81a2a0) Importer(815301076,1909f56bfc062723c751e8b465ee728b)  -> (artifact id: '179ff18a3039c05fdbde2c7c902120bc') in 0.120316 seconds
Number of updated asset objects reloaded before import = 0
Number of asset objects unloaded after import = 68
========================================================================
Received Import Request.
  Time since last request: 6.089574 seconds.
  path: Assets/Prefabs/Chunk3.prefab
  artifactKey: Guid(989381ff9c98fbc4c83d3a234d9ab3da) Importer(815301076,1909f56bfc062723c751e8b465ee728b)
Start importing Assets/Prefabs/Chunk3.prefab using Guid(989381ff9c98fbc4c83d3a234d9ab3da) Importer(815301076,1909f56bfc062723c751e8b465ee728b)  -> (artifact id: '02dd19e326d930cf4381a1d87483abb7') in 0.228339 seconds
Number of updated asset objects reloaded before import = 0
Number of asset objects unloaded after import = 516
========================================================================
Received Import Request.
  Time since last request: 0.000032 seconds.
  path: Assets/Prefabs/wwr lampost.prefab
  artifactKey: Guid(d290ab8e10650b24cac9edc4fc81a2a0) Importer(815301076,1909f56bfc062723c751e8b465ee728b)
Start importing Assets/Prefabs/wwr lampost.prefab using Guid(d290ab8e10650b24cac9edc4fc81a2a0) Importer(815301076,1909f56bfc062723c751e8b465ee728b)  -> (artifact id: '3d06d55b6489e1f1312d6b2593251c97') in 0.140869 seconds
Number of updated asset objects reloaded before import = 0
Number of asset objects unloaded after import = 68
========================================================================
Received Import Request.
  Time since last request: 1.018896 seconds.
  path: Assets/Prefabs/Chunk3.prefab
  artifactKey: Guid(989381ff9c98fbc4c83d3a234d9ab3da) Importer(815301076,1909f56bfc062723c751e8b465ee728b)
Start importing Assets/Prefabs/Chunk3.prefab using Guid(989381ff9c98fbc4c83d3a234d9ab3da) Importer(815301076,1909f56bfc062723c751e8b465ee728b)  -> (artifact id: 'b23be70c0f44a09da67b627b7ff77eb6') in 0.226519 seconds
Number of updated asset objects reloaded before import = 0
Number of asset objects unloaded after import = 516
========================================================================
Received Import Request.
  Time since last request: 0.000024 seconds.
  path: Assets/Prefabs/wwr lampost.prefab
  artifactKey: Guid(d290ab8e10650b24cac9edc4fc81a2a0) Importer(815301076,1909f56bfc062723c751e8b465ee728b)
Start importing Assets/Prefabs/wwr lampost.prefab using Guid(d290ab8e10650b24cac9edc4fc81a2a0) Importer(815301076,1909f56bfc062723c751e8b465ee728b)  -> (artifact id: '7dbf908648c9fb6676b3aa6f6f335772') in 0.109218 seconds
Number of updated asset objects reloaded before import = 0
Number of asset objects unloaded after import = 68
========================================================================
Received Import Request.
  Time since last request: 4.880115 seconds.
  path: Assets/Prefabs/Chunk3.prefab
  artifactKey: Guid(989381ff9c98fbc4c83d3a234d9ab3da) Importer(815301076,1909f56bfc062723c751e8b465ee728b)
Start importing Assets/Prefabs/Chunk3.prefab using Guid(989381ff9c98fbc4c83d3a234d9ab3da) Importer(815301076,1909f56bfc062723c751e8b465ee728b)  -> (artifact id: '2d3d9ae43d8707454782c07270b421fc') in 0.229127 seconds
Number of updated asset objects reloaded before import = 0
Number of asset objects unloaded after import = 516
========================================================================
Received Import Request.
  Time since last request: 0.000026 seconds.
  path: Assets/Prefabs/wwr lampost.prefab
  artifactKey: Guid(d290ab8e10650b24cac9edc4fc81a2a0) Importer(815301076,1909f56bfc062723c751e8b465ee728b)
Start importing Assets/Prefabs/wwr lampost.prefab using Guid(d290ab8e10650b24cac9edc4fc81a2a0) Importer(815301076,1909f56bfc062723c751e8b465ee728b)  -> (artifact id: '8db52eef013d7803bb94a2492768d23b') in 0.111868 seconds
Number of updated asset objects reloaded before import = 0
Number of asset objects unloaded after import = 68
========================================================================
Received Import Request.
  Time since last request: 4.284701 seconds.
  path: Assets/Prefabs/Chunk3.prefab
  artifactKey: Guid(989381ff9c98fbc4c83d3a234d9ab3da) Importer(815301076,1909f56bfc062723c751e8b465ee728b)
Start importing Assets/Prefabs/Chunk3.prefab using Guid(989381ff9c98fbc4c83d3a234d9ab3da) Importer(815301076,1909f56bfc062723c751e8b465ee728b)  -> (artifact id: '7bae979051edb079d15e19df3dc0dc99') in 0.222831 seconds
Number of updated asset objects reloaded before import = 0
Number of asset objects unloaded after import = 516
========================================================================
Received Import Request.
  Time since last request: 0.000025 seconds.
  path: Assets/Prefabs/wwr lampost.prefab
  artifactKey: Guid(d290ab8e10650b24cac9edc4fc81a2a0) Importer(815301076,1909f56bfc062723c751e8b465ee728b)
Start importing Assets/Prefabs/wwr lampost.prefab using Guid(d290ab8e10650b24cac9edc4fc81a2a0) Importer(815301076,1909f56bfc062723c751e8b465ee728b)  -> (artifact id: '9507dd49ca62a8773555c686170818e4') in 0.107232 seconds
Number of updated asset objects reloaded before import = 0
Number of asset objects unloaded after import = 68
========================================================================
Received Import Request.
  Time since last request: 2.654299 seconds.
  path: Assets/Prefabs/Chunk3.prefab
  artifactKey: Guid(989381ff9c98fbc4c83d3a234d9ab3da) Importer(815301076,1909f56bfc062723c751e8b465ee728b)
Start importing Assets/Prefabs/Chunk3.prefab using Guid(989381ff9c98fbc4c83d3a234d9ab3da) Importer(815301076,1909f56bfc062723c751e8b465ee728b)  -> (artifact id: '083d962b146e3902bbcf15233135aedc') in 0.221957 seconds
Number of updated asset objects reloaded before import = 0
Number of asset objects unloaded after import = 516
========================================================================
Received Import Request.
  Time since last request: 0.000040 seconds.
  path: Assets/Prefabs/wwr lampost.prefab
  artifactKey: Guid(d290ab8e10650b24cac9edc4fc81a2a0) Importer(815301076,1909f56bfc062723c751e8b465ee728b)
Start importing Assets/Prefabs/wwr lampost.prefab using Guid(d290ab8e10650b24cac9edc4fc81a2a0) Importer(815301076,1909f56bfc062723c751e8b465ee728b)  -> (artifact id: '0377d514307a9a5f011ffdbd73d7972f') in 0.119059 seconds
Number of updated asset objects reloaded before import = 0
Number of asset objects unloaded after import = 68
========================================================================
Received Import Request.
  Time since last request: 2.264212 seconds.
  path: Assets/Prefabs/Chunk3.prefab
  artifactKey: Guid(989381ff9c98fbc4c83d3a234d9ab3da) Importer(815301076,1909f56bfc062723c751e8b465ee728b)
Start importing Assets/Prefabs/Chunk3.prefab using Guid(989381ff9c98fbc4c83d3a234d9ab3da) Importer(815301076,1909f56bfc062723c751e8b465ee728b)  -> (artifact id: '52ee616ce797950701afefa08eff7ab6') in 0.223935 seconds
Number of updated asset objects reloaded before import = 0
Number of asset objects unloaded after import = 516
========================================================================
Received Import Request.
  Time since last request: 0.000097 seconds.
  path: Assets/Prefabs/wwr lampost.prefab
  artifactKey: Guid(d290ab8e10650b24cac9edc4fc81a2a0) Importer(815301076,1909f56bfc062723c751e8b465ee728b)
Start importing Assets/Prefabs/wwr lampost.prefab using Guid(d290ab8e10650b24cac9edc4fc81a2a0) Importer(815301076,1909f56bfc062723c751e8b465ee728b)  -> (artifact id: 'ff65ee11668d3735801fe8670f6021aa') in 0.110630 seconds
Number of updated asset objects reloaded before import = 0
Number of asset objects unloaded after import = 68
========================================================================
Received Import Request.
  Time since last request: 1.252461 seconds.
  path: Assets/Prefabs/Chunk3.prefab
  artifactKey: Guid(989381ff9c98fbc4c83d3a234d9ab3da) Importer(815301076,1909f56bfc062723c751e8b465ee728b)
Start importing Assets/Prefabs/Chunk3.prefab using Guid(989381ff9c98fbc4c83d3a234d9ab3da) Importer(815301076,1909f56bfc062723c751e8b465ee728b)  -> (artifact id: '522d3b5dd85b3f49a9c7669e0ee370eb') in 0.234315 seconds
Number of updated asset objects reloaded before import = 0
Number of asset objects unloaded after import = 516
========================================================================
Received Import Request.
  Time since last request: 0.000025 seconds.
  path: Assets/Prefabs/wwr lampost.prefab
  artifactKey: Guid(d290ab8e10650b24cac9edc4fc81a2a0) Importer(815301076,1909f56bfc062723c751e8b465ee728b)
Start importing Assets/Prefabs/wwr lampost.prefab using Guid(d290ab8e10650b24cac9edc4fc81a2a0) Importer(815301076,1909f56bfc062723c751e8b465ee728b)  -> (artifact id: '39352804ae4c7b1b80720201ab9b607a') in 0.117764 seconds
Number of updated asset objects reloaded before import = 0
Number of asset objects unloaded after import = 68
========================================================================
Received Import Request.
  Time since last request: 6.304350 seconds.
  path: Assets/Prefabs/Chunk3.prefab
  artifactKey: Guid(989381ff9c98fbc4c83d3a234d9ab3da) Importer(815301076,1909f56bfc062723c751e8b465ee728b)
Start importing Assets/Prefabs/Chunk3.prefab using Guid(989381ff9c98fbc4c83d3a234d9ab3da) Importer(815301076,1909f56bfc062723c751e8b465ee728b)  -> (artifact id: '18792eb59576ba7a17ac344fc7c08e2a') in 0.227588 seconds
Number of updated asset objects reloaded before import = 0
Number of asset objects unloaded after import = 516
========================================================================
Received Import Request.
  Time since last request: 0.000022 seconds.
  path: Assets/Prefabs/wwr lampost.prefab
  artifactKey: Guid(d290ab8e10650b24cac9edc4fc81a2a0) Importer(815301076,1909f56bfc062723c751e8b465ee728b)
Start importing Assets/Prefabs/wwr lampost.prefab using Guid(d290ab8e10650b24cac9edc4fc81a2a0) Importer(815301076,1909f56bfc062723c751e8b465ee728b)  -> (artifact id: '7dfc6d229c0626ea0ff6bd1f3da8752f') in 0.113394 seconds
Number of updated asset objects reloaded before import = 0
Number of asset objects unloaded after import = 68
========================================================================
Received Import Request.
  Time since last request: 2.381940 seconds.
  path: Assets/Prefabs/Chunk3.prefab
  artifactKey: Guid(989381ff9c98fbc4c83d3a234d9ab3da) Importer(815301076,1909f56bfc062723c751e8b465ee728b)
Start importing Assets/Prefabs/Chunk3.prefab using Guid(989381ff9c98fbc4c83d3a234d9ab3da) Importer(815301076,1909f56bfc062723c751e8b465ee728b)  -> (artifact id: '0eeeff436e560c862ce70b2284eb30bf') in 0.251928 seconds
Number of updated asset objects reloaded before import = 0
Number of asset objects unloaded after import = 516
========================================================================
Received Import Request.
  Time since last request: 0.000028 seconds.
  path: Assets/Prefabs/wwr lampost.prefab
  artifactKey: Guid(d290ab8e10650b24cac9edc4fc81a2a0) Importer(815301076,1909f56bfc062723c751e8b465ee728b)
Start importing Assets/Prefabs/wwr lampost.prefab using Guid(d290ab8e10650b24cac9edc4fc81a2a0) Importer(815301076,1909f56bfc062723c751e8b465ee728b)  -> (artifact id: '1483f3be801cd634c8bf94285f85dc5c') in 0.130537 seconds
Number of updated asset objects reloaded before import = 0
Number of asset objects unloaded after import = 68
========================================================================
Received Import Request.
  Time since last request: 2.122143 seconds.
  path: Assets/Prefabs/Chunk3.prefab
  artifactKey: Guid(989381ff9c98fbc4c83d3a234d9ab3da) Importer(815301076,1909f56bfc062723c751e8b465ee728b)
Start importing Assets/Prefabs/Chunk3.prefab using Guid(989381ff9c98fbc4c83d3a234d9ab3da) Importer(815301076,1909f56bfc062723c751e8b465ee728b)  -> (artifact id: 'f6e50ae0d447b55a356cd52b98e1412e') in 0.225412 seconds
Number of updated asset objects reloaded before import = 0
Number of asset objects unloaded after import = 516
========================================================================
Received Import Request.
  Time since last request: 0.000035 seconds.
  path: Assets/Prefabs/wwr lampost.prefab
  artifactKey: Guid(d290ab8e10650b24cac9edc4fc81a2a0) Importer(815301076,1909f56bfc062723c751e8b465ee728b)
Start importing Assets/Prefabs/wwr lampost.prefab using Guid(d290ab8e10650b24cac9edc4fc81a2a0) Importer(815301076,1909f56bfc062723c751e8b465ee728b)  -> (artifact id: 'fdc1318c386dadc7f618a7b229a3cea5') in 0.106732 seconds
Number of updated asset objects reloaded before import = 0
Number of asset objects unloaded after import = 68
========================================================================
Received Import Request.
  Time since last request: 36.092790 seconds.
  path: Assets/Prefabs/Chunk3.prefab
  artifactKey: Guid(989381ff9c98fbc4c83d3a234d9ab3da) Importer(815301076,1909f56bfc062723c751e8b465ee728b)
Start importing Assets/Prefabs/Chunk3.prefab using Guid(989381ff9c98fbc4c83d3a234d9ab3da) Importer(815301076,1909f56bfc062723c751e8b465ee728b)  -> (artifact id: '5d699c98e99a8d9ba327959616fd26a6') in 0.220552 seconds
Number of updated asset objects reloaded before import = 0
Number of asset objects unloaded after import = 516
========================================================================
Received Import Request.
  Time since last request: 5.232258 seconds.
  path: Assets/Prefabs/Chunk3.prefab
  artifactKey: Guid(989381ff9c98fbc4c83d3a234d9ab3da) Importer(815301076,1909f56bfc062723c751e8b465ee728b)
Start importing Assets/Prefabs/Chunk3.prefab using Guid(989381ff9c98fbc4c83d3a234d9ab3da) Importer(815301076,1909f56bfc062723c751e8b465ee728b)  -> (artifact id: '51c72e13c6d296dda3a852c4e7784da5') in 0.260135 seconds
Number of updated asset objects reloaded before import = 0
Number of asset objects unloaded after import = 516
========================================================================
Received Import Request.
  Time since last request: 0.000027 seconds.
  path: Assets/Prefabs/wwr lampost.prefab
  artifactKey: Guid(d290ab8e10650b24cac9edc4fc81a2a0) Importer(815301076,1909f56bfc062723c751e8b465ee728b)
Start importing Assets/Prefabs/wwr lampost.prefab using Guid(d290ab8e10650b24cac9edc4fc81a2a0) Importer(815301076,1909f56bfc062723c751e8b465ee728b)  -> (artifact id: 'd4a79307fda697cdecf6a11306b368cc') in 0.098980 seconds
Number of updated asset objects reloaded before import = 0
Number of asset objects unloaded after import = 68
========================================================================
Received Import Request.
  Time since last request: 9.260636 seconds.
  path: Assets/Prefabs/Chunk3.prefab
  artifactKey: Guid(989381ff9c98fbc4c83d3a234d9ab3da) Importer(815301076,1909f56bfc062723c751e8b465ee728b)
Start importing Assets/Prefabs/Chunk3.prefab using Guid(989381ff9c98fbc4c83d3a234d9ab3da) Importer(815301076,1909f56bfc062723c751e8b465ee728b)  -> (artifact id: '762265b21b1f6ae496ea0215c45c9771') in 0.224840 seconds
Number of updated asset objects reloaded before import = 0
Number of asset objects unloaded after import = 516
========================================================================
Received Import Request.
  Time since last request: 0.000024 seconds.
  path: Assets/Prefabs/wwr lampost.prefab
  artifactKey: Guid(d290ab8e10650b24cac9edc4fc81a2a0) Importer(815301076,1909f56bfc062723c751e8b465ee728b)
Start importing Assets/Prefabs/wwr lampost.prefab using Guid(d290ab8e10650b24cac9edc4fc81a2a0) Importer(815301076,1909f56bfc062723c751e8b465ee728b)  -> (artifact id: 'fa0407d3fe37aa53bb47aea6012de66c') in 0.096415 seconds
Number of updated asset objects reloaded before import = 0
Number of asset objects unloaded after import = 68
========================================================================
Received Import Request.
  Time since last request: 6.708345 seconds.
  path: Assets/Prefabs/Chunk3.prefab
  artifactKey: Guid(989381ff9c98fbc4c83d3a234d9ab3da) Importer(815301076,1909f56bfc062723c751e8b465ee728b)
Start importing Assets/Prefabs/Chunk3.prefab using Guid(989381ff9c98fbc4c83d3a234d9ab3da) Importer(815301076,1909f56bfc062723c751e8b465ee728b)  -> (artifact id: 'a51d6c9632b8463f416c1af0ee5e8e27') in 0.288956 seconds
Number of updated asset objects reloaded before import = 0
Number of asset objects unloaded after import = 516
========================================================================
Received Import Request.
  Time since last request: 0.000053 seconds.
  path: Assets/Prefabs/wwr lampost.prefab
  artifactKey: Guid(d290ab8e10650b24cac9edc4fc81a2a0) Importer(815301076,1909f56bfc062723c751e8b465ee728b)
Start importing Assets/Prefabs/wwr lampost.prefab using Guid(d290ab8e10650b24cac9edc4fc81a2a0) Importer(815301076,1909f56bfc062723c751e8b465ee728b)  -> (artifact id: '9f666815fe0de32c17970c1c17206305') in 0.142537 seconds
Number of updated asset objects reloaded before import = 0
Number of asset objects unloaded after import = 68
========================================================================
Received Import Request.
  Time since last request: 6.609684 seconds.
  path: Assets/Prefabs/Chunk3.prefab
  artifactKey: Guid(989381ff9c98fbc4c83d3a234d9ab3da) Importer(815301076,1909f56bfc062723c751e8b465ee728b)
Start importing Assets/Prefabs/Chunk3.prefab using Guid(989381ff9c98fbc4c83d3a234d9ab3da) Importer(815301076,1909f56bfc062723c751e8b465ee728b)  -> (artifact id: '8877920eebe69a43f2e00c9230201c00') in 0.231678 seconds
Number of updated asset objects reloaded before import = 0
Number of asset objects unloaded after import = 516
========================================================================
Received Import Request.
  Time since last request: 0.000033 seconds.
  path: Assets/Prefabs/wwr lampost.prefab
  artifactKey: Guid(d290ab8e10650b24cac9edc4fc81a2a0) Importer(815301076,1909f56bfc062723c751e8b465ee728b)
Start importing Assets/Prefabs/wwr lampost.prefab using Guid(d290ab8e10650b24cac9edc4fc81a2a0) Importer(815301076,1909f56bfc062723c751e8b465ee728b)  -> (artifact id: '66a0d08f88999061c0b5aaee451f1f54') in 0.118349 seconds
Number of updated asset objects reloaded before import = 0
Number of asset objects unloaded after import = 68
========================================================================
Received Prepare
Begin MonoManager ReloadAssembly
Symbol file LoadedFromMemory doesn't match image D:\WireWineRain\WireWineRain\Library\PackageCache\com.unity.visualscripting@1.8.0\Editor\VisualScripting.Core\Dependencies\YamlDotNet\Unity.VisualScripting.YamlDotNet.dll
Symbol file LoadedFromMemory doesn't match image D:\WireWineRain\WireWineRain\Library\PackageCache\com.unity.visualscripting@1.8.0\Editor\VisualScripting.Core\Dependencies\DotNetZip\Unity.VisualScripting.IonicZip.dll
- Loaded All Assemblies, in  0.479 seconds
Refreshing native plugins compatible for Editor in 3.40 ms, found 3 plugins.
Native extension for WindowsStandalone target not found
[Package Manager] Server::EnsureServerProcessIsRunning -- launch failed, reason: Unity was launched with the -noUpm command-line argument
[Package Manager] UpmClient::Send -- Unable to send message (not connected to UPM process).
[Package Manager] Cannot connect to Unity Package Manager local server
Mono: successfully reloaded assembly
- Finished resetting the current domain, in  0.963 seconds
Domain Reload Profiling: 1438ms
	BeginReloadAssembly (159ms)
		ExecutionOrderSort (0ms)
		DisableScriptedObjects (4ms)
		BackupInstance (0ms)
		ReleaseScriptingObjects (0ms)
		CreateAndSetChildDomain (37ms)
	RebuildCommonClasses (33ms)
	RebuildNativeTypeToScriptingClass (11ms)
	initialDomainReloadingComplete (30ms)
	LoadAllAssembliesAndSetupDomain (242ms)
		LoadAssemblies (315ms)
		RebuildTransferFunctionScriptingTraits (0ms)
		AnalyzeDomain (14ms)
			TypeCache.Refresh (8ms)
				TypeCache.ScanAssembly (0ms)
			ScanForSourceGeneratedMonoScriptInfo (0ms)
			ResolveRequiredComponents (4ms)
	FinalizeReload (963ms)
		ReleaseScriptCaches (0ms)
		RebuildScriptCaches (0ms)
		SetupLoadedEditorAssemblies (427ms)
			LogAssemblyErrors (0ms)
			InitializePlatformSupportModulesInManaged (7ms)
			SetLoadedEditorAssemblies (6ms)
			RefreshPlugins (0ms)
			BeforeProcessingInitializeOnLoad (78ms)
			ProcessInitializeOnLoadAttributes (294ms)
			ProcessInitializeOnLoadMethodAttributes (30ms)
			AfterProcessingInitializeOnLoad (12ms)
			EditorAssembliesLoaded (0ms)
		ExecutionOrderSort2 (0ms)
		AwakeInstancesAfterBackupRestoration (12ms)
Refreshing native plugins compatible for Editor in 3.83 ms, found 3 plugins.
Preloading 0 native plugins for Editor in 0.00 ms.
Unloading 3574 Unused Serialized files (Serialized files now loaded: 0)
Unloading 31 unused Assets / (33.0 KB). Loaded Objects now: 4120.
Memory consumption went from 137.6 MB to 137.6 MB.
Total: 4.870200 ms (FindLiveObjects: 0.407400 ms CreateObjectMapping: 0.087000 ms MarkObjects: 4.295500 ms  DeleteObjects: 0.078300 ms)

Prepare: number of updated asset objects reloaded= 0
AssetImportParameters requested are different than current active one (requested -> active):
  custom:container-demuxer-ogg: 62fdf1f143b41e24485cea50d1cbac27 -> 
  custom:video-decoder-ogg-theora: a1e56fd34408186e4bbccfd4996cb3dc -> 
  custom:framework-win-MediaFoundation: 216162199b28c13a410421893ffa2e32 -> 
  custom:CustomObjectIndexerAttribute: 756ad292c208cfabdd7b50bc23989ffe -> 
  custom:container-demuxer-webm: 4f35f7cbe854078d1ac9338744f61a02 -> 
  custom:container-muxer-webm: aa71ff27fc2769a1b78a27578f13a17b -> 
  custom:video-decoder-webm-vp8: 9c59270c3fd7afecdb556c50c9e8de78 -> 
  custom:SearchIndexIgnoredProperties: e643bd26f0fe6173181afceb89e7c659 -> 
  custom:AudioImporter_EditorPlatform: d09bf68614088b80899f8185d706f6e7 -> 
  custom:video-encoder-webm-vp8: eb34c28f22e8b96e1ab97ce403110664 -> 
  custom:audio-decoder-ogg-vorbis: bf7c407c2cedff20999df2af8eb42d56 -> 
  custom:audio-encoder-webm-vorbis: bf7c407c2cedff20999df2af8eb42d56 -> 
Editor requested this worker to shutdown with reason: Scaling down because of idle timeout
TcpMessagingSession - receive error: operation aborted. errorcode: 995, details: The I/O operation has been aborted because of either a thread exit or an application request.
AssetImportWorker is now disconnected from the server
Process exiting
Exiting without the bug reporter. Application will terminate with return code 0